2026/05/15 15:01:29 LE-PSI single-node benchmark: run_id=lepsi_single_20260515_150129_m8000_n100 m=8000 n=100 mode=explicit_chunked chunk_size=256 workers=8
2026/05/15 15:01:29   Phase 1: Server init...
Setting up LE with Parameters Q = 180143985094819841 qBits = 58 D = 256 N = 4
Successfully initialized the LE parameters:
 - Security Level: Fast Evaluation (Low Security)
 - Ring Dimension: 256
 - Modulus Q: 180143985094819841
 - Matrix Dimension N: 4
 - qBits: 58
 - Layers: 17 (slots = 131072)
 - Load Factor: 0.061035 (items/slot)
 - Placement: 2-choice Cuckoo hashing (collision-resistant)
2026/05/15 15:01:29 🚀 Auto-Tuned: 8 cores detected, 80.0 GB RAM available → 8 workers for 8000 records (est. RAM: 8.0 GB)
       💾 Building Merkle Tree directly in RAM for chunked benchmark...
       ✓ In-memory tree built in 36.632264131s
2026/05/15 15:02:16        Chunked mode: witness generation deferred to active chunks

LE-PSI Performance Report (Parallelized)
==================================================
CPU Cores Used: 8
Total Execution Time: 46.274355253s
Key Generation Time: 9.570323263s (20.7%)
Hashing Time: 0s (0.0%)
Witness Generation Time: 0s (0.0%)
Intersection Detection Time: 0s (0.0%)
==================================================
2026/05/15 15:02:16   Init done: 46.274393134s
2026/05/15 15:02:16   Client set prepared: expected_intersection=10, non-overlap leaves avoid occupied server leaves
2026/05/15 15:02:16   Phase 2: Client encrypt...
2026/05/15 15:02:25   Encrypt done: 9.408967266s (200 ciphertexts)
2026/05/15 15:02:25   Phase 3: Intersection...
2026/05/15 15:02:26    Chunked leaf-indexed filtering: m=8000, ciphertexts=200, chunk_size=256, workers=8, targeted_dec_calls=10 (all_pairs=1600000)
2026/05/15 15:02:26    ... Chunk 1: records [0,256)
2026/05/15 15:02:27    ... Chunk 2: records [256,512)
2026/05/15 15:02:27    ... Chunk 3: records [512,768)
2026/05/15 15:02:28    ... Chunk 4: records [768,1024)
2026/05/15 15:02:28    ... Chunk 5: records [1024,1280)
2026/05/15 15:02:29    ... Chunk 6: records [1280,1536)
2026/05/15 15:02:29    ... Chunk 7: records [1536,1792)
2026/05/15 15:02:30    ... Chunk 8: records [1792,2048)
2026/05/15 15:02:31    ... Chunk 9: records [2048,2304)
2026/05/15 15:02:31    ... Chunk 10: records [2304,2560)
2026/05/15 15:02:32    ... Chunk 11: records [2560,2816)
2026/05/15 15:02:32    ... Chunk 12: records [2816,3072)
2026/05/15 15:02:33    ... Chunk 13: records [3072,3328)
2026/05/15 15:02:33    ... Chunk 14: records [3328,3584)
2026/05/15 15:02:34    ... Chunk 15: records [3584,3840)
2026/05/15 15:02:34    ... Chunk 16: records [3840,4096)
2026/05/15 15:02:35    ... Chunk 17: records [4096,4352)
2026/05/15 15:02:36    ... Chunk 18: records [4352,4608)
2026/05/15 15:02:36    ... Chunk 19: records [4608,4864)
2026/05/15 15:02:37    ... Chunk 20: records [4864,5120)
2026/05/15 15:02:37    ... Chunk 21: records [5120,5376)
2026/05/15 15:02:38    ... Chunk 22: records [5376,5632)
2026/05/15 15:02:38    ... Chunk 23: records [5632,5888)
2026/05/15 15:02:39    ... Chunk 24: records [5888,6144)
2026/05/15 15:02:39    ... Chunk 25: records [6144,6400)
2026/05/15 15:02:40    ... Chunk 26: records [6400,6656)
2026/05/15 15:02:41    ... Chunk 27: records [6656,6912)
2026/05/15 15:02:41    ... Chunk 28: records [6912,7168)
2026/05/15 15:02:42    ... Chunk 29: records [7168,7424)
2026/05/15 15:02:42    ... Chunk 30: records [7424,7680)
2026/05/15 15:02:43    ... Chunk 31: records [7680,7936)
2026/05/15 15:02:43    ... Chunk 32: records [7936,8000)
2026/05/15 15:02:44    Chunked intersection complete in 18.048367264s, matches=10
2026/05/15 15:02:44   Intersection done: 18.955507817s, matches=10
2026/05/15 15:02:44 ✓ Results: /tmp/lepsi_single_results/lepsi_m8000_n100.json
{
  "D": 256,
  "N": 4,
  "actual_dec_calls": 10,
  "all_pairs_dec_calls": 1600000,
  "chunk_size": 256,
  "chunks_processed": 32,
  "cuckoo_rebuilds": 0,
  "decryption_reduction_factor": 160000,
  "enc_sec": 9.408967266,
  "expected_intersection": 10,
  "git_commit": "cea7d83",
  "init_sec": 46.274393134,
  "intersect_sec": 18.955507817,
  "leaf_indexed_filtering": true,
  "m": 8000,
  "machine": "psi-compare",
  "machine_type": "e2-highmem-8",
  "matches_found": 10,
  "mode": "explicit_chunked",
  "n": 100,
  "peak_heap_mb": 16598,
  "peak_rss_mb": 17162,
  "protocol": "LE-PSI (single-node, chunked, leaf-filtered)",
  "q": 180143985094819841,
  "qBits": 58,
  "ram_gb": 62.80588912963867,
  "run_id": "lepsi_single_20260515_150129_m8000_n100",
  "sigma": 1073741824,
  "targeted_dec_calls": 10,
  "timestamp": "2026-05-15T15:02:44Z",
  "total_alloc_mb": 46171,
  "total_possible_dec_calls": 1600000,
  "total_sec": 74.639255057,
  "vcpu": 8,
  "vcpus": 8,
  "worker_count": 8
}
	Command being timed: "/tmp/lepsi_bench 8000 100"
	User time (seconds): 248.93
	System time (seconds): 24.54
	Percent of CPU this job got: 365%
	Elapsed (wall clock) time (h:mm:ss or m:ss): 1:14.84
	Average shared text size (kbytes): 0
	Average unshared data size (kbytes): 0
	Average stack size (kbytes): 0
	Average total size (kbytes): 0
	Maximum resident set size (kbytes): 17574848
	Average resident set size (kbytes): 0
	Major (requiring I/O) page faults: 1
	Minor (reclaiming a frame) page faults: 366734
	Voluntary context switches: 1060275
	Involuntary context switches: 4302
	Swaps: 0
	File system inputs: 0
	File system outputs: 32
	Socket messages sent: 0
	Socket messages received: 0
	Signals delivered: 0
	Page size (bytes): 4096
	Exit status: 0
