2026/05/15 15:00:47 LE-PSI single-node benchmark: run_id=lepsi_single_20260515_150047_m4000_n100 m=4000 n=100 mode=explicit_chunked chunk_size=256 workers=8
2026/05/15 15:00:47   Phase 1: Server init...
Setting up LE with Parameters Q = 180143985094819841 qBits = 58 D = 256 N = 4
Successfully initialized the LE parameters:
 - Security Level: Fast Evaluation (Low Security)
 - Ring Dimension: 256
 - Modulus Q: 180143985094819841
 - Matrix Dimension N: 4
 - qBits: 58
 - Layers: 16 (slots = 65536)
 - Load Factor: 0.061035 (items/slot)
 - Placement: 2-choice Cuckoo hashing (collision-resistant)
2026/05/15 15:00:47 🚀 Auto-Tuned: 8 cores detected, 80.0 GB RAM available → 8 workers for 4000 records (est. RAM: 4.0 GB)
       💾 Building Merkle Tree directly in RAM for chunked benchmark...
       ✓ In-memory tree built in 18.850773398s
2026/05/15 15:01:11        Chunked mode: witness generation deferred to active chunks

LE-PSI Performance Report (Parallelized)
==================================================
CPU Cores Used: 8
Total Execution Time: 23.438000338s
Key Generation Time: 4.517202481s (19.3%)
Hashing Time: 0s (0.0%)
Witness Generation Time: 0s (0.0%)
Intersection Detection Time: 0s (0.0%)
==================================================
2026/05/15 15:01:11   Init done: 23.438036528s
2026/05/15 15:01:11   Client set prepared: expected_intersection=10, non-overlap leaves avoid occupied server leaves
2026/05/15 15:01:11   Phase 2: Client encrypt...
2026/05/15 15:01:22   Encrypt done: 11.277519742s (200 ciphertexts)
2026/05/15 15:01:22   Phase 3: Intersection...
2026/05/15 15:01:23    Chunked leaf-indexed filtering: m=4000, ciphertexts=200, chunk_size=256, workers=8, targeted_dec_calls=10 (all_pairs=800000)
2026/05/15 15:01:23    ... Chunk 1: records [0,256)
2026/05/15 15:01:24    ... Chunk 2: records [256,512)
2026/05/15 15:01:24    ... Chunk 3: records [512,768)
2026/05/15 15:01:24    ... Chunk 4: records [768,1024)
2026/05/15 15:01:25    ... Chunk 5: records [1024,1280)
2026/05/15 15:01:25    ... Chunk 6: records [1280,1536)
2026/05/15 15:01:26    ... Chunk 7: records [1536,1792)
2026/05/15 15:01:26    ... Chunk 8: records [1792,2048)
2026/05/15 15:01:26    ... Chunk 9: records [2048,2304)
2026/05/15 15:01:27    ... Chunk 10: records [2304,2560)
2026/05/15 15:01:27    ... Chunk 11: records [2560,2816)
2026/05/15 15:01:27    ... Chunk 12: records [2816,3072)
2026/05/15 15:01:28    ... Chunk 13: records [3072,3328)
2026/05/15 15:01:28    ... Chunk 14: records [3328,3584)
2026/05/15 15:01:28    ... Chunk 15: records [3584,3840)
2026/05/15 15:01:29    ... Chunk 16: records [3840,4000)
2026/05/15 15:01:29    Chunked intersection complete in 6.379977296s, matches=10
2026/05/15 15:01:29   Intersection done: 7.160756152s, matches=10
2026/05/15 15:01:29 ✓ Results: /tmp/lepsi_single_results/lepsi_m4000_n100.json
{
  "D": 256,
  "N": 4,
  "actual_dec_calls": 10,
  "all_pairs_dec_calls": 800000,
  "chunk_size": 256,
  "chunks_processed": 16,
  "cuckoo_rebuilds": 0,
  "decryption_reduction_factor": 80000,
  "enc_sec": 11.277519742,
  "expected_intersection": 10,
  "git_commit": "cea7d83",
  "init_sec": 23.438036528,
  "intersect_sec": 7.160756152,
  "leaf_indexed_filtering": true,
  "m": 4000,
  "machine": "psi-compare",
  "machine_type": "e2-highmem-8",
  "matches_found": 10,
  "mode": "explicit_chunked",
  "n": 100,
  "peak_heap_mb": 10701,
  "peak_rss_mb": 11007,
  "protocol": "LE-PSI (single-node, chunked, leaf-filtered)",
  "q": 180143985094819841,
  "qBits": 58,
  "ram_gb": 62.80588912963867,
  "run_id": "lepsi_single_20260515_150047_m4000_n100",
  "sigma": 1073741824,
  "targeted_dec_calls": 10,
  "timestamp": "2026-05-15T15:01:29Z",
  "total_alloc_mb": 29157,
  "total_possible_dec_calls": 800000,
  "total_sec": 41.876590601,
  "vcpu": 8,
  "vcpus": 8,
  "worker_count": 8
}
	Command being timed: "/tmp/lepsi_bench 4000 100"
	User time (seconds): 151.36
	System time (seconds): 23.71
	Percent of CPU this job got: 416%
	Elapsed (wall clock) time (h:mm:ss or m:ss): 0:42.03
	Average shared text size (kbytes): 0
	Average unshared data size (kbytes): 0
	Average stack size (kbytes): 0
	Average total size (kbytes): 0
	Maximum resident set size (kbytes): 11272144
	Average resident set size (kbytes): 0
	Major (requiring I/O) page faults: 0
	Minor (reclaiming a frame) page faults: 514950
	Voluntary context switches: 365578
	Involuntary context switches: 3319
	Swaps: 0
	File system inputs: 0
	File system outputs: 24
	Socket messages sent: 0
	Socket messages received: 0
	Signals delivered: 0
	Page size (bytes): 4096
	Exit status: 0
