2026/05/15 15:02:44 LE-PSI single-node benchmark: run_id=lepsi_single_20260515_150244_m10000_n100 m=10000 n=100 mode=explicit_chunked chunk_size=256 workers=8
2026/05/15 15:02:44   Phase 1: Server init...
Setting up LE with Parameters Q = 180143985094819841 qBits = 58 D = 256 N = 4
Successfully initialized the LE parameters:
 - Security Level: Fast Evaluation (Low Security)
 - Ring Dimension: 256
 - Modulus Q: 180143985094819841
 - Matrix Dimension N: 4
 - qBits: 58
 - Layers: 18 (slots = 262144)
 - Load Factor: 0.038147 (items/slot)
 - Placement: 2-choice Cuckoo hashing (collision-resistant)
2026/05/15 15:02:44 🚀 Auto-Tuned: 8 cores detected, 80.0 GB RAM available → 8 workers for 10000 records (est. RAM: 10.0 GB)
       💾 Building Merkle Tree directly in RAM for chunked benchmark...
       ✓ In-memory tree built in 45.462781104s
2026/05/15 15:03:41        Chunked mode: witness generation deferred to active chunks

LE-PSI Performance Report (Parallelized)
==================================================
CPU Cores Used: 8
Total Execution Time: 56.496322762s
Key Generation Time: 10.962650799s (19.4%)
Hashing Time: 0s (0.0%)
Witness Generation Time: 0s (0.0%)
Intersection Detection Time: 0s (0.0%)
==================================================
2026/05/15 15:03:41   Init done: 56.496360652s
2026/05/15 15:03:41   Client set prepared: expected_intersection=10, non-overlap leaves avoid occupied server leaves
2026/05/15 15:03:41   Phase 2: Client encrypt...
2026/05/15 15:03:50   Encrypt done: 9.364191907s (200 ciphertexts)
2026/05/15 15:03:50   Phase 3: Intersection...
2026/05/15 15:03:52    Chunked leaf-indexed filtering: m=10000, ciphertexts=200, chunk_size=256, workers=8, targeted_dec_calls=10 (all_pairs=2000000)
2026/05/15 15:03:52    ... Chunk 1: records [0,256)
2026/05/15 15:03:52    ... Chunk 2: records [256,512)
2026/05/15 15:03:53    ... Chunk 3: records [512,768)
2026/05/15 15:03:54    ... Chunk 4: records [768,1024)
2026/05/15 15:03:54    ... Chunk 5: records [1024,1280)
2026/05/15 15:03:55    ... Chunk 6: records [1280,1536)
2026/05/15 15:03:56    ... Chunk 7: records [1536,1792)
2026/05/15 15:03:56    ... Chunk 8: records [1792,2048)
2026/05/15 15:03:57    ... Chunk 9: records [2048,2304)
2026/05/15 15:03:58    ... Chunk 10: records [2304,2560)
2026/05/15 15:03:58    ... Chunk 11: records [2560,2816)
2026/05/15 15:03:59    ... Chunk 12: records [2816,3072)
2026/05/15 15:04:00    ... Chunk 13: records [3072,3328)
2026/05/15 15:04:00    ... Chunk 14: records [3328,3584)
2026/05/15 15:04:01    ... Chunk 15: records [3584,3840)
2026/05/15 15:04:02    ... Chunk 16: records [3840,4096)
2026/05/15 15:04:02    ... Chunk 17: records [4096,4352)
2026/05/15 15:04:03    ... Chunk 18: records [4352,4608)
2026/05/15 15:04:04    ... Chunk 19: records [4608,4864)
2026/05/15 15:04:04    ... Chunk 20: records [4864,5120)
2026/05/15 15:04:05    ... Chunk 21: records [5120,5376)
2026/05/15 15:04:06    ... Chunk 22: records [5376,5632)
2026/05/15 15:04:06    ... Chunk 23: records [5632,5888)
2026/05/15 15:04:07    ... Chunk 24: records [5888,6144)
2026/05/15 15:04:08    ... Chunk 25: records [6144,6400)
2026/05/15 15:04:08    ... Chunk 26: records [6400,6656)
2026/05/15 15:04:09    ... Chunk 27: records [6656,6912)
2026/05/15 15:04:10    ... Chunk 28: records [6912,7168)
2026/05/15 15:04:11    ... Chunk 29: records [7168,7424)
2026/05/15 15:04:11    ... Chunk 30: records [7424,7680)
2026/05/15 15:04:12    ... Chunk 31: records [7680,7936)
2026/05/15 15:04:13    ... Chunk 32: records [7936,8192)
2026/05/15 15:04:13    ... Chunk 33: records [8192,8448)
2026/05/15 15:04:14    ... Chunk 34: records [8448,8704)
2026/05/15 15:04:15    ... Chunk 35: records [8704,8960)
2026/05/15 15:04:15    ... Chunk 36: records [8960,9216)
2026/05/15 15:04:16    ... Chunk 37: records [9216,9472)
2026/05/15 15:04:17    ... Chunk 38: records [9472,9728)
2026/05/15 15:04:17    ... Chunk 39: records [9728,9984)
2026/05/15 15:04:18    ... Chunk 40: records [9984,10000)
2026/05/15 15:04:19    Chunked intersection complete in 27.107410043s, matches=10
2026/05/15 15:04:19   Intersection done: 28.655249636s, matches=10
2026/05/15 15:04:19 ✓ Results: /tmp/lepsi_single_results/lepsi_m10000_n100.json
{
  "D": 256,
  "N": 4,
  "actual_dec_calls": 10,
  "all_pairs_dec_calls": 2000000,
  "chunk_size": 256,
  "chunks_processed": 40,
  "cuckoo_rebuilds": 0,
  "decryption_reduction_factor": 200000,
  "enc_sec": 9.364191907,
  "expected_intersection": 10,
  "git_commit": "cea7d83",
  "init_sec": 56.496360652,
  "intersect_sec": 28.655249636,
  "leaf_indexed_filtering": true,
  "m": 10000,
  "machine": "psi-compare",
  "machine_type": "e2-highmem-8",
  "matches_found": 10,
  "mode": "explicit_chunked",
  "n": 100,
  "peak_heap_mb": 20175,
  "peak_rss_mb": 20764,
  "protocol": "LE-PSI (single-node, chunked, leaf-filtered)",
  "q": 180143985094819841,
  "qBits": 58,
  "ram_gb": 62.80588912963867,
  "run_id": "lepsi_single_20260515_150244_m10000_n100",
  "sigma": 1073741824,
  "targeted_dec_calls": 10,
  "timestamp": "2026-05-15T15:04:19Z",
  "total_alloc_mb": 55059,
  "total_possible_dec_calls": 2000000,
  "total_sec": 94.516296865,
  "vcpu": 8,
  "vcpus": 8,
  "worker_count": 8
}
	Command being timed: "/tmp/lepsi_bench 10000 100"
	User time (seconds): 311.15
	System time (seconds): 25.13
	Percent of CPU this job got: 354%
	Elapsed (wall clock) time (h:mm:ss or m:ss): 1:34.78
	Average shared text size (kbytes): 0
	Average unshared data size (kbytes): 0
	Average stack size (kbytes): 0
	Average total size (kbytes): 0
	Maximum resident set size (kbytes): 21263432
	Average resident set size (kbytes): 0
	Major (requiring I/O) page faults: 0
	Minor (reclaiming a frame) page faults: 314284
	Voluntary context switches: 1535843
	Involuntary context switches: 5385
	Swaps: 0
	File system inputs: 0
	File system outputs: 40
	Socket messages sent: 0
	Socket messages received: 0
	Signals delivered: 0
	Page size (bytes): 4096
	Exit status: 0
