2026/05/15 15:00:22 LE-PSI single-node benchmark: run_id=lepsi_single_20260515_150022_m2000_n100 m=2000 n=100 mode=explicit_chunked chunk_size=256 workers=8
2026/05/15 15:00:22   Phase 1: Server init...
Setting up LE with Parameters Q = 180143985094819841 qBits = 58 D = 256 N = 4
Successfully initialized the LE parameters:
 - Security Level: Fast Evaluation (Low Security)
 - Ring Dimension: 256
 - Modulus Q: 180143985094819841
 - Matrix Dimension N: 4
 - qBits: 58
 - Layers: 15 (slots = 32768)
 - Load Factor: 0.061035 (items/slot)
 - Placement: 2-choice Cuckoo hashing (collision-resistant)
2026/05/15 15:00:22 🚀 Auto-Tuned: 8 cores detected, 80.0 GB RAM available → 8 workers for 2000 records (est. RAM: 2.0 GB)
       💾 Building Merkle Tree directly in RAM for chunked benchmark...
       ✓ In-memory tree built in 9.071452317s
2026/05/15 15:00:34        Chunked mode: witness generation deferred to active chunks

LE-PSI Performance Report (Parallelized)
==================================================
CPU Cores Used: 8
Total Execution Time: 11.520364877s
Key Generation Time: 2.378765311s (20.6%)
Hashing Time: 0s (0.0%)
Witness Generation Time: 0s (0.0%)
Intersection Detection Time: 0s (0.0%)
==================================================
2026/05/15 15:00:34   Init done: 11.520400167s
2026/05/15 15:00:34   Client set prepared: expected_intersection=10, non-overlap leaves avoid occupied server leaves
2026/05/15 15:00:34   Phase 2: Client encrypt...
2026/05/15 15:00:45   Encrypt done: 10.775441835s (200 ciphertexts)
2026/05/15 15:00:45   Phase 3: Intersection...
2026/05/15 15:00:45    Chunked leaf-indexed filtering: m=2000, ciphertexts=200, chunk_size=256, workers=8, targeted_dec_calls=10 (all_pairs=400000)
2026/05/15 15:00:45    ... Chunk 1: records [0,256)
2026/05/15 15:00:45    ... Chunk 2: records [256,512)
2026/05/15 15:00:46    ... Chunk 3: records [512,768)
2026/05/15 15:00:46    ... Chunk 4: records [768,1024)
2026/05/15 15:00:46    ... Chunk 5: records [1024,1280)
2026/05/15 15:00:46    ... Chunk 6: records [1280,1536)
2026/05/15 15:00:47    ... Chunk 7: records [1536,1792)
2026/05/15 15:00:47    ... Chunk 8: records [1792,2000)
2026/05/15 15:00:47    Chunked intersection complete in 2.085384143s, matches=10
2026/05/15 15:00:47   Intersection done: 2.611845391s, matches=10
2026/05/15 15:00:47 ✓ Results: /tmp/lepsi_single_results/lepsi_m2000_n100.json
{
  "D": 256,
  "N": 4,
  "actual_dec_calls": 10,
  "all_pairs_dec_calls": 400000,
  "chunk_size": 256,
  "chunks_processed": 8,
  "cuckoo_rebuilds": 0,
  "decryption_reduction_factor": 40000,
  "enc_sec": 10.775441835,
  "expected_intersection": 10,
  "git_commit": "cea7d83",
  "init_sec": 11.520400167,
  "intersect_sec": 2.611845391,
  "leaf_indexed_filtering": true,
  "m": 2000,
  "machine": "psi-compare",
  "machine_type": "e2-highmem-8",
  "matches_found": 10,
  "mode": "explicit_chunked",
  "n": 100,
  "peak_heap_mb": 7321,
  "peak_rss_mb": 7532,
  "protocol": "LE-PSI (single-node, chunked, leaf-filtered)",
  "q": 180143985094819841,
  "qBits": 58,
  "ram_gb": 62.80588912963867,
  "run_id": "lepsi_single_20260515_150022_m2000_n100",
  "sigma": 1073741824,
  "targeted_dec_calls": 10,
  "timestamp": "2026-05-15T15:00:47Z",
  "total_alloc_mb": 20270,
  "total_possible_dec_calls": 400000,
  "total_sec": 24.907843263,
  "vcpu": 8,
  "vcpus": 8,
  "worker_count": 8
}
	Command being timed: "/tmp/lepsi_bench 2000 100"
	User time (seconds): 106.16
	System time (seconds): 19.21
	Percent of CPU this job got: 499%
	Elapsed (wall clock) time (h:mm:ss or m:ss): 0:25.08
	Average shared text size (kbytes): 0
	Average unshared data size (kbytes): 0
	Average stack size (kbytes): 0
	Average total size (kbytes): 0
	Maximum resident set size (kbytes): 7713596
	Average resident set size (kbytes): 0
	Major (requiring I/O) page faults: 0
	Minor (reclaiming a frame) page faults: 491270
	Voluntary context switches: 154711
	Involuntary context switches: 2787
	Swaps: 0
	File system inputs: 0
	File system outputs: 16
	Socket messages sent: 0
	Socket messages received: 0
	Signals delivered: 0
	Page size (bytes): 4096
	Exit status: 0
