2026/05/15 15:00:02 LE-PSI single-node benchmark: run_id=lepsi_single_20260515_150002_m1000_n100 m=1000 n=100 mode=explicit_chunked chunk_size=256 workers=8
2026/05/15 15:00:02   Phase 1: Server init...
Setting up LE with Parameters Q = 180143985094819841 qBits = 58 D = 256 N = 4
Successfully initialized the LE parameters:
 - Security Level: Fast Evaluation (Low Security)
 - Ring Dimension: 256
 - Modulus Q: 180143985094819841
 - Matrix Dimension N: 4
 - qBits: 58
 - Layers: 14 (slots = 16384)
 - Load Factor: 0.061035 (items/slot)
 - Placement: 2-choice Cuckoo hashing (collision-resistant)
2026/05/15 15:00:02 🚀 Auto-Tuned: 8 cores detected, 80.0 GB RAM available → 8 workers for 1000 records (est. RAM: 1.0 GB)
       💾 Building Merkle Tree directly in RAM for chunked benchmark...
       ✓ In-memory tree built in 4.794171721s
2026/05/15 15:00:09        Chunked mode: witness generation deferred to active chunks

LE-PSI Performance Report (Parallelized)
==================================================
CPU Cores Used: 8
Total Execution Time: 6.508661907s
Key Generation Time: 1.644412306s (25.3%)
Hashing Time: 0s (0.0%)
Witness Generation Time: 0s (0.0%)
Intersection Detection Time: 0s (0.0%)
==================================================
2026/05/15 15:00:09   Init done: 6.508700956s
2026/05/15 15:00:09   Client set prepared: expected_intersection=10, non-overlap leaves avoid occupied server leaves
2026/05/15 15:00:09   Phase 2: Client encrypt...
2026/05/15 15:00:21   Encrypt done: 12.315629334s (200 ciphertexts)
2026/05/15 15:00:21   Phase 3: Intersection...
2026/05/15 15:00:21    Chunked leaf-indexed filtering: m=1000, ciphertexts=200, chunk_size=256, workers=8, targeted_dec_calls=10 (all_pairs=200000)
2026/05/15 15:00:21    ... Chunk 1: records [0,256)
2026/05/15 15:00:21    ... Chunk 2: records [256,512)
2026/05/15 15:00:22    ... Chunk 3: records [512,768)
2026/05/15 15:00:22    ... Chunk 4: records [768,1000)
2026/05/15 15:00:22    Chunked intersection complete in 865.320746ms, matches=10
2026/05/15 15:00:22   Intersection done: 1.119808496s, matches=10
2026/05/15 15:00:22 ✓ Results: /tmp/lepsi_single_results/lepsi_m1000_n100.json
{
  "D": 256,
  "N": 4,
  "actual_dec_calls": 10,
  "all_pairs_dec_calls": 200000,
  "chunk_size": 256,
  "chunks_processed": 4,
  "cuckoo_rebuilds": 0,
  "decryption_reduction_factor": 20000,
  "enc_sec": 12.315629334,
  "expected_intersection": 10,
  "git_commit": "cea7d83",
  "init_sec": 6.508700956,
  "intersect_sec": 1.119808496,
  "leaf_indexed_filtering": true,
  "m": 1000,
  "machine": "psi-compare",
  "machine_type": "e2-highmem-8",
  "matches_found": 10,
  "mode": "explicit_chunked",
  "n": 100,
  "peak_heap_mb": 5967,
  "peak_rss_mb": 6141,
  "protocol": "LE-PSI (single-node, chunked, leaf-filtered)",
  "q": 180143985094819841,
  "qBits": 58,
  "ram_gb": 62.80588912963867,
  "run_id": "lepsi_single_20260515_150002_m1000_n100",
  "sigma": 1073741824,
  "targeted_dec_calls": 10,
  "timestamp": "2026-05-15T15:00:22Z",
  "total_alloc_mb": 15445,
  "total_possible_dec_calls": 200000,
  "total_sec": 19.944290186,
  "vcpu": 8,
  "vcpus": 8,
  "worker_count": 8
}
	Command being timed: "/tmp/lepsi_bench 1000 100"
	User time (seconds): 87.10
	System time (seconds): 30.69
	Percent of CPU this job got: 584%
	Elapsed (wall clock) time (h:mm:ss or m:ss): 0:20.16
	Average shared text size (kbytes): 0
	Average unshared data size (kbytes): 0
	Average stack size (kbytes): 0
	Average total size (kbytes): 0
	Maximum resident set size (kbytes): 6288912
	Average resident set size (kbytes): 0
	Major (requiring I/O) page faults: 0
	Minor (reclaiming a frame) page faults: 613894
	Voluntary context switches: 77936
	Involuntary context switches: 2967
	Swaps: 0
	File system inputs: 0
	File system outputs: 16
	Socket messages sent: 0
	Socket messages received: 0
	Signals delivered: 0
	Page size (bytes): 4096
	Exit status: 0
