2026/05/15 07:01:28 LE-PSI Coordinator: m=1000 n=100 K=7
2026/05/15 07:01:28 [coord] Phase 1: Initializing 7 shards (m=1000, m/K=142)...
2026/05/15 07:01:28 [coord] → shard-6 /init: 142 records
2026/05/15 07:01:28 [coord] → shard-2 /init: 143 records
2026/05/15 07:01:28 [coord] → shard-0 /init: 143 records
2026/05/15 07:01:28 [coord] → shard-4 /init: 143 records
2026/05/15 07:01:28 [coord] → shard-1 /init: 143 records
2026/05/15 07:01:28 [coord] → shard-5 /init: 143 records
2026/05/15 07:01:28 [coord] → shard-3 /init: 143 records
2026/05/15 07:02:17 [coord] ✓ shard-4 init: 48.3s, 1836 MB
2026/05/15 07:02:19 [coord] ✓ shard-1 init: 51.1s, 1835 MB
2026/05/15 07:02:24 [coord] ✓ shard-3 init: 55.3s, 1836 MB
2026/05/15 07:02:24 [coord] ✓ shard-0 init: 55.4s, 1832 MB
2026/05/15 07:02:25 [coord] ✓ shard-2 init: 57.1s, 1836 MB
2026/05/15 07:02:27 [coord] ✓ shard-5 init: 58.2s, 1836 MB
2026/05/15 07:02:27 [coord] ✓ shard-6 init: 58.8s, 1824 MB
2026/05/15 07:02:27 [coord] ✓ All shards initialized in 1.0 min
2026/05/15 07:02:27 [coord] Phase 2: Client encryption (n=100)...
2026/05/15 07:02:50 [coord] client: encrypted 200 ciphertexts
2026/05/15 07:03:24 [coord] Wrote ciphertext payload to /tmp/cts_payload.json
2026/05/15 07:03:24 [coord] Memory reclaimed — ciphertexts on disk, RAM near zero.
2026/05/15 07:03:24 [coord] Phase 3: Fan-out intersection to 7 shards...
2026/05/15 07:03:24 [coord] → shard-6 /intersect
2026/05/15 07:03:24 [coord] → shard-2 /intersect
2026/05/15 07:03:24 [coord] → shard-4 /intersect
2026/05/15 07:03:24 [coord] → shard-3 /intersect
2026/05/15 07:03:24 [coord] → shard-5 /intersect
2026/05/15 07:03:24 [coord] → shard-0 /intersect
2026/05/15 07:03:24 [coord] → shard-1 /intersect
2026/05/15 07:04:58 [coord] ✓ shard-1: 0 matches in 0.3s
2026/05/15 07:04:59 [coord] ✓ shard-3: 0 matches in 0.3s
2026/05/15 07:05:00 [coord] ✓ shard-0: 16 matches in 0.4s
2026/05/15 07:05:00 [coord] ✓ shard-2: 0 matches in 0.3s
2026/05/15 07:05:00 [coord] ✓ shard-6: 0 matches in 0.3s
2026/05/15 07:05:01 [coord] ✓ shard-5: 0 matches in 0.3s
2026/05/15 07:05:11 [coord] ✓ shard-4: 0 matches in 0.4s
2026/05/15 07:05:12 [coord] ══════════════════════════════════════════
2026/05/15 07:05:12 [coord] RESULT: m=1000 n=100 K=7
2026/05/15 07:05:12 [coord]   Total  : 3.73 min
2026/05/15 07:05:12 [coord]   Init   : 0.99 min
2026/05/15 07:05:12 [coord]   Intersect: 1.77 min
2026/05/15 07:05:12 [coord]   Matches: 16
2026/05/15 07:05:12 [coord]   Peak RAM/shard: 0 MB
2026/05/15 07:05:12 [coord] ══════════════════════════════════════════
2026/05/15 07:05:12 Results saved to: /tmp/lepsi_results/distributed_2026-05-15_07-01-28_m1000_n100_K7.json
{
  "timestamp": "2026-05-15_07-01-28",
  "server_dataset_size": 1000,
  "client_dataset_size": 100,
  "shards": 7,
  "total_time_ns": 223954382021,
  "init_time_ns": 59248688637,
  "intersect_time_ns": 106490982287,
  "matches_found": 16,
  "peak_ram_per_shard_mb": 0,
  "success": true
}
