2026/05/15 07:00:21 LE-PSI shard server starting on :8081 (GOMAXPROCS=4)
2026/05/15 07:01:28 [shard 1] /init received: 143 records
Setting up LE with Parameters Q = 180143985094819841 qBits = 58 D = 256 N = 4
Successfully initialized the LE parameters:
 - Security Level: Fast Evaluation (Low Security)
 - Ring Dimension: 256
 - Modulus Q: 180143985094819841
 - Matrix Dimension N: 4
 - qBits: 58
 - Layers: 12 (slots = 4096)
 - Load Factor: 0.034912 (items/slot)
 - Placement: 2-choice Cuckoo hashing (collision-resistant)
2026/05/15 07:01:28 🚀 Auto-Tuned: 4 cores detected, 80.0 GB RAM available → 4 workers for 143 records (est. RAM: 5.0 GB)
       💾 Loading Merkle Tree into RAM for fast witness generation...
       ✓ Tree loaded in 26.073492ms
2026/05/15 07:02:17 🚀 Auto-Tuned: 4 cores detected, 80.0 GB RAM available → 4 workers for 143 records (est. RAM: 5.0 GB)

LE-PSI Performance Report (Parallelized)
==================================================
CPU Cores Used: 4
Total Execution Time: 51.076645379s
Key Generation Time: 542.715138ms (1.1%)
Hashing Time: 0s (0.0%)
Witness Generation Time: 2.238680738s (4.4%)
Intersection Detection Time: 0s (0.0%)
==================================================
2026/05/15 07:02:19 [shard 1] init done in 51.1s
2026/05/15 07:04:57 [shard 1] /intersect: 200 ciphertexts vs 143 records
2026/05/15 07:04:58 🚀 Auto-Tuned: 4 cores detected, 80.0 GB RAM available → 4 workers for 143 records (est. RAM: 5.0 GB)
2026/05/15 07:04:58    Leaf-indexed filtering: 143 server records × 200 ciphertexts → 5 targeted Dec calls (was 28600 all-pairs)

LE-PSI Performance Report (Parallelized)
==================================================
CPU Cores Used: 4
Total Execution Time: 43.000581ms
Key Generation Time: 0s (0.0%)
Hashing Time: 0s (0.0%)
Witness Generation Time: 0s (0.0%)
Intersection Detection Time: 42.999931ms (100.0%)
Throughput: 116.28 operations/second
Parallel Efficiency: 4.0x speedup potential
==================================================
2026/05/15 07:04:58 [shard 1] intersection done: 0 matches in 0.3s
