2026/05/15 07:01:13 LE-PSI shard server starting on :8081 (GOMAXPROCS=4)
2026/05/15 07:01:28 [shard 6] /init received: 142 records
Setting up LE with Parameters Q = 180143985094819841 qBits = 58 D = 256 N = 4
Successfully initialized the LE parameters:
 - Security Level: Fast Evaluation (Low Security)
 - Ring Dimension: 256
 - Modulus Q: 180143985094819841
 - Matrix Dimension N: 4
 - qBits: 58
 - Layers: 12 (slots = 4096)
 - Load Factor: 0.034668 (items/slot)
 - Placement: 2-choice Cuckoo hashing (collision-resistant)
2026/05/15 07:01:28 🚀 Auto-Tuned: 4 cores detected, 80.0 GB RAM available → 4 workers for 142 records (est. RAM: 5.0 GB)
       💾 Loading Merkle Tree into RAM for fast witness generation...
       ✓ Tree loaded in 25.691229ms
2026/05/15 07:02:24 🚀 Auto-Tuned: 4 cores detected, 80.0 GB RAM available → 4 workers for 142 records (est. RAM: 5.0 GB)

LE-PSI Performance Report (Parallelized)
==================================================
CPU Cores Used: 4
Total Execution Time: 58.843896147s
Key Generation Time: 553.036023ms (0.9%)
Hashing Time: 0s (0.0%)
Witness Generation Time: 2.383338032s (4.1%)
Intersection Detection Time: 0s (0.0%)
==================================================
2026/05/15 07:02:27 [shard 6] init done in 58.8s
2026/05/15 07:05:00 [shard 6] /intersect: 200 ciphertexts vs 142 records
2026/05/15 07:05:00 🚀 Auto-Tuned: 4 cores detected, 80.0 GB RAM available → 4 workers for 142 records (est. RAM: 5.0 GB)
2026/05/15 07:05:00    Leaf-indexed filtering: 142 server records × 200 ciphertexts → 4 targeted Dec calls (was 28400 all-pairs)

LE-PSI Performance Report (Parallelized)
==================================================
CPU Cores Used: 4
Total Execution Time: 28.028727ms
Key Generation Time: 0s (0.0%)
Hashing Time: 0s (0.0%)
Witness Generation Time: 0s (0.0%)
Intersection Detection Time: 28.027942ms (100.0%)
Throughput: 142.71 operations/second
Parallel Efficiency: 4.0x speedup potential
==================================================
2026/05/15 07:05:00 [shard 6] intersection done: 0 matches in 0.3s
