2026/05/15 02:27:27 LE-PSI Coordinator: m=4000 n=100 K=7
2026/05/15 02:27:27 [coord] Phase 1: Initializing 7 shards (m=4000, m/K=571)...
2026/05/15 02:27:27 [coord] → shard-6 /init: 568 records
2026/05/15 02:27:27 [coord] → shard-2 /init: 572 records
2026/05/15 02:27:27 [coord] → shard-4 /init: 572 records
2026/05/15 02:27:27 [coord] → shard-5 /init: 572 records
2026/05/15 02:27:27 [coord] → shard-1 /init: 572 records
2026/05/15 02:27:27 [coord] → shard-0 /init: 572 records
2026/05/15 02:27:27 [coord] → shard-3 /init: 572 records
2026/05/15 02:31:21 [coord] ✓ shard-4 init: 232.8s, 8376 MB
2026/05/15 02:31:31 [coord] ✓ shard-1 init: 242.9s, 8378 MB
2026/05/15 02:31:42 [coord] ✓ shard-3 init: 254.7s, 8382 MB
2026/05/15 02:31:50 [coord] ✓ shard-0 init: 262.2s, 8378 MB
2026/05/15 02:31:55 [coord] ✓ shard-2 init: 267.0s, 8388 MB
2026/05/15 02:31:56 [coord] ✓ shard-5 init: 268.2s, 8368 MB
2026/05/15 02:32:02 [coord] ✓ shard-6 init: 274.2s, 8317 MB
2026/05/15 02:32:02 [coord] ✓ All shards initialized in 4.6 min
2026/05/15 02:32:02 [coord] Phase 2: Client encryption (n=100)...
2026/05/15 02:32:29 [coord] client: encrypted 200 ciphertexts
2026/05/15 02:33:05 [coord] Wrote ciphertext payload to /tmp/cts_payload.json
2026/05/15 02:33:05 [coord] Memory reclaimed — ciphertexts on disk, RAM near zero.
2026/05/15 02:33:05 [coord] Phase 3: Fan-out intersection to 7 shards...
2026/05/15 02:33:05 [coord] → shard-6 /intersect
2026/05/15 02:33:05 [coord] → shard-3 /intersect
2026/05/15 02:33:05 [coord] → shard-1 /intersect
2026/05/15 02:33:05 [coord] → shard-0 /intersect
2026/05/15 02:33:05 [coord] → shard-5 /intersect
2026/05/15 02:33:05 [coord] → shard-4 /intersect
2026/05/15 02:33:05 [coord] → shard-2 /intersect
2026/05/15 02:52:06 [coord] ✓ shard-5: 0 matches in 1004.2s
2026/05/15 02:52:08 [coord] ✓ shard-0: 20 matches in 1003.2s
2026/05/15 02:52:11 [coord] ✓ shard-2: 0 matches in 1012.6s
2026/05/15 02:52:19 [coord] ✓ shard-3: 0 matches in 1017.3s
2026/05/15 02:52:30 [coord] ✓ shard-1: 0 matches in 1033.2s
2026/05/15 02:52:43 [coord] ✓ shard-6: 0 matches in 1032.0s
2026/05/15 02:53:18 [coord] ✓ shard-4: 0 matches in 1061.9s
2026/05/15 02:53:19 [coord] ══════════════════════════════════════════
2026/05/15 02:53:19 [coord] RESULT: m=4000 n=100 K=7
2026/05/15 02:53:19 [coord]   Total  : 25.86 min
2026/05/15 02:53:19 [coord]   Init   : 4.58 min
2026/05/15 02:53:19 [coord]   Intersect: 20.21 min
2026/05/15 02:53:19 [coord]   Matches: 20
2026/05/15 02:53:19 [coord]   Peak RAM/shard: 324 MB
2026/05/15 02:53:19 [coord] ══════════════════════════════════════════
2026/05/15 02:53:19 Results saved to: /tmp/lepsi_results/distributed_2026-05-15_02-27-27_m4000_n100_K7.json
{
  "timestamp": "2026-05-15_02-27-27",
  "server_dataset_size": 4000,
  "client_dataset_size": 100,
  "shards": 7,
  "total_time_ns": 1551673466435,
  "init_time_ns": 274795929837,
  "intersect_time_ns": 1212523688305,
  "matches_found": 20,
  "peak_ram_per_shard_mb": 323.87278747558594,
  "success": true
}
