2026/05/15 02:25:50 LE-PSI shard server starting on :8081 (GOMAXPROCS=4)
2026/05/15 02:27:27 [shard 3] /init received: 572 records
Setting up LE with Parameters Q = 180143985094819841 qBits = 58 D = 256 N = 4
Successfully initialized the LE parameters:
 - Security Level: Fast Evaluation (Low Security)
 - Ring Dimension: 256
 - Modulus Q: 180143985094819841
 - Matrix Dimension N: 4
 - qBits: 58
 - Layers: 14 (slots = 16384)
 - Load Factor: 0.034912 (items/slot)
 - Estimated Collision Probability: 9.999539e-01
2026/05/15 02:27:28 🚀 Auto-Tuned: 4 cores detected, 80.0 GB RAM available → 4 workers for 572 records (est. RAM: 20.0 GB)
       💾 Loading Merkle Tree into RAM for fast witness generation...
       ✓ Tree loaded in 127.920473ms
2026/05/15 02:31:30 🚀 Auto-Tuned: 4 cores detected, 80.0 GB RAM available → 4 workers for 572 records (est. RAM: 20.0 GB)

LE-PSI Performance Report (Parallelized)
==================================================
CPU Cores Used: 4
Total Execution Time: 4m14.67961847s
Key Generation Time: 2.570924653s (1.0%)
Hashing Time: 0s (0.0%)
Witness Generation Time: 12.145501313s (4.8%)
Intersection Detection Time: 0s (0.0%)
==================================================
2026/05/15 02:31:42 [shard 3] init done in 254.7s
2026/05/15 02:35:19 [shard 3] /intersect: 200 ciphertexts vs 572 records
2026/05/15 02:35:23 🚀 Auto-Tuned: 4 cores detected, 80.0 GB RAM available → 4 workers for 572 records (est. RAM: 20.0 GB)
2026/05/15 02:35:28    ... Progress: 578/114400 (0.5%)
2026/05/15 02:35:33    ... Progress: 1044/114400 (0.9%)
2026/05/15 02:35:38    ... Progress: 1634/114400 (1.4%)
2026/05/15 02:35:43    ... Progress: 2229/114400 (1.9%)
2026/05/15 02:35:48    ... Progress: 2769/114400 (2.4%)
2026/05/15 02:35:53    ... Progress: 3393/114400 (3.0%)
2026/05/15 02:35:58    ... Progress: 3929/114400 (3.4%)
2026/05/15 02:36:03    ... Progress: 4484/114400 (3.9%)
2026/05/15 02:36:08    ... Progress: 5115/114400 (4.5%)
2026/05/15 02:36:13    ... Progress: 5657/114400 (4.9%)
2026/05/15 02:36:18    ... Progress: 6231/114400 (5.4%)
2026/05/15 02:36:23    ... Progress: 6840/114400 (6.0%)
2026/05/15 02:36:28    ... Progress: 7417/114400 (6.5%)
2026/05/15 02:36:33    ... Progress: 8014/114400 (7.0%)
2026/05/15 02:36:38    ... Progress: 8592/114400 (7.5%)
2026/05/15 02:36:43    ... Progress: 9170/114400 (8.0%)
2026/05/15 02:36:48    ... Progress: 9788/114400 (8.6%)
2026/05/15 02:36:53    ... Progress: 10341/114400 (9.0%)
2026/05/15 02:36:58    ... Progress: 10914/114400 (9.5%)
2026/05/15 02:37:03    ... Progress: 11541/114400 (10.1%)
2026/05/15 02:37:08    ... Progress: 12113/114400 (10.6%)
2026/05/15 02:37:13    ... Progress: 12670/114400 (11.1%)
2026/05/15 02:37:18    ... Progress: 13307/114400 (11.6%)
2026/05/15 02:37:23    ... Progress: 13833/114400 (12.1%)
2026/05/15 02:37:28    ... Progress: 14415/114400 (12.6%)
2026/05/15 02:37:33    ... Progress: 15015/114400 (13.1%)
2026/05/15 02:37:38    ... Progress: 15586/114400 (13.6%)
2026/05/15 02:37:43    ... Progress: 16202/114400 (14.2%)
2026/05/15 02:37:48    ... Progress: 16781/114400 (14.7%)
2026/05/15 02:37:53    ... Progress: 17296/114400 (15.1%)
2026/05/15 02:37:58    ... Progress: 17930/114400 (15.7%)
2026/05/15 02:38:03    ... Progress: 18472/114400 (16.1%)
2026/05/15 02:38:08    ... Progress: 19043/114400 (16.6%)
2026/05/15 02:38:13    ... Progress: 19675/114400 (17.2%)
2026/05/15 02:38:18    ... Progress: 20243/114400 (17.7%)
2026/05/15 02:38:23    ... Progress: 20790/114400 (18.2%)
2026/05/15 02:38:28    ... Progress: 21406/114400 (18.7%)
2026/05/15 02:38:33    ... Progress: 21937/114400 (19.2%)
2026/05/15 02:38:38    ... Progress: 22543/114400 (19.7%)
2026/05/15 02:38:43    ... Progress: 23155/114400 (20.2%)
2026/05/15 02:38:48    ... Progress: 23667/114400 (20.7%)
2026/05/15 02:38:53    ... Progress: 24293/114400 (21.2%)
2026/05/15 02:38:58    ... Progress: 24875/114400 (21.7%)
2026/05/15 02:39:03    ... Progress: 25436/114400 (22.2%)
2026/05/15 02:39:08    ... Progress: 26055/114400 (22.8%)
2026/05/15 02:39:13    ... Progress: 26623/114400 (23.3%)
2026/05/15 02:39:18    ... Progress: 27155/114400 (23.7%)
2026/05/15 02:39:23    ... Progress: 27770/114400 (24.3%)
2026/05/15 02:39:28    ... Progress: 28228/114400 (24.7%)
2026/05/15 02:39:33    ... Progress: 28332/114400 (24.8%)
2026/05/15 02:39:38    ... Progress: 28430/114400 (24.9%)
2026/05/15 02:39:43    ... Progress: 28541/114400 (24.9%)
2026/05/15 02:39:48    ... Progress: 28654/114400 (25.0%)
2026/05/15 02:39:53    ... Progress: 29007/114400 (25.4%)
2026/05/15 02:39:58    ... Progress: 29619/114400 (25.9%)
2026/05/15 02:40:03    ... Progress: 30177/114400 (26.4%)
2026/05/15 02:40:08    ... Progress: 30722/114400 (26.9%)
2026/05/15 02:40:13    ... Progress: 31325/114400 (27.4%)
2026/05/15 02:40:18    ... Progress: 31852/114400 (27.8%)
2026/05/15 02:40:23    ... Progress: 32470/114400 (28.4%)
2026/05/15 02:40:28    ... Progress: 33019/114400 (28.9%)
2026/05/15 02:40:33    ... Progress: 33546/114400 (29.3%)
2026/05/15 02:40:38    ... Progress: 34186/114400 (29.9%)
2026/05/15 02:40:43    ... Progress: 34756/114400 (30.4%)
2026/05/15 02:40:48    ... Progress: 35289/114400 (30.8%)
2026/05/15 02:40:53    ... Progress: 35905/114400 (31.4%)
2026/05/15 02:40:58    ... Progress: 36430/114400 (31.8%)
2026/05/15 02:41:03    ... Progress: 37028/114400 (32.4%)
2026/05/15 02:41:08    ... Progress: 37638/114400 (32.9%)
2026/05/15 02:41:13    ... Progress: 38189/114400 (33.4%)
2026/05/15 02:41:18    ... Progress: 38826/114400 (33.9%)
2026/05/15 02:41:23    ... Progress: 39379/114400 (34.4%)
2026/05/15 02:41:28    ... Progress: 39930/114400 (34.9%)
2026/05/15 02:41:33    ... Progress: 40543/114400 (35.4%)
2026/05/15 02:41:38    ... Progress: 41075/114400 (35.9%)
2026/05/15 02:41:43    ... Progress: 41620/114400 (36.4%)
2026/05/15 02:41:48    ... Progress: 42236/114400 (36.9%)
2026/05/15 02:41:53    ... Progress: 42758/114400 (37.4%)
2026/05/15 02:41:58    ... Progress: 43351/114400 (37.9%)
2026/05/15 02:42:03    ... Progress: 43917/114400 (38.4%)
2026/05/15 02:42:08    ... Progress: 44442/114400 (38.8%)
2026/05/15 02:42:14    ... Progress: 45178/114400 (39.5%)
2026/05/15 02:42:18    ... Progress: 45650/114400 (39.9%)
2026/05/15 02:42:23    ... Progress: 46196/114400 (40.4%)
2026/05/15 02:42:28    ... Progress: 46801/114400 (40.9%)
2026/05/15 02:42:33    ... Progress: 47318/114400 (41.4%)
2026/05/15 02:42:38    ... Progress: 47911/114400 (41.9%)
2026/05/15 02:42:43    ... Progress: 48485/114400 (42.4%)
2026/05/15 02:42:48    ... Progress: 49012/114400 (42.8%)
2026/05/15 02:42:53    ... Progress: 49640/114400 (43.4%)
2026/05/15 02:42:58    ... Progress: 50179/114400 (43.9%)
2026/05/15 02:43:03    ... Progress: 50715/114400 (44.3%)
2026/05/15 02:43:08    ... Progress: 51340/114400 (44.9%)
2026/05/15 02:43:13    ... Progress: 51908/114400 (45.4%)
2026/05/15 02:43:18    ... Progress: 52461/114400 (45.9%)
2026/05/15 02:43:23    ... Progress: 53092/114400 (46.4%)
2026/05/15 02:43:28    ... Progress: 53599/114400 (46.9%)
2026/05/15 02:43:33    ... Progress: 54238/114400 (47.4%)
2026/05/15 02:43:38    ... Progress: 54795/114400 (47.9%)
2026/05/15 02:43:43    ... Progress: 55338/114400 (48.4%)
2026/05/15 02:43:49    ... Progress: 56042/114400 (49.0%)
2026/05/15 02:43:53    ... Progress: 56475/114400 (49.4%)
2026/05/15 02:43:58    ... Progress: 57021/114400 (49.8%)
2026/05/15 02:44:03    ... Progress: 57639/114400 (50.4%)
2026/05/15 02:44:08    ... Progress: 58205/114400 (50.9%)
2026/05/15 02:44:13    ... Progress: 58754/114400 (51.4%)
2026/05/15 02:44:18    ... Progress: 59351/114400 (51.9%)
2026/05/15 02:44:23    ... Progress: 59919/114400 (52.4%)
2026/05/15 02:44:28    ... Progress: 60552/114400 (52.9%)
2026/05/15 02:44:33    ... Progress: 61109/114400 (53.4%)
2026/05/15 02:44:38    ... Progress: 61659/114400 (53.9%)
2026/05/15 02:44:43    ... Progress: 62273/114400 (54.4%)
2026/05/15 02:44:48    ... Progress: 62803/114400 (54.9%)
2026/05/15 02:44:53    ... Progress: 63371/114400 (55.4%)
2026/05/15 02:44:58    ... Progress: 63997/114400 (55.9%)
2026/05/15 02:45:03    ... Progress: 64555/114400 (56.4%)
2026/05/15 02:45:08    ... Progress: 65100/114400 (56.9%)
2026/05/15 02:45:13    ... Progress: 65733/114400 (57.5%)
2026/05/15 02:45:18    ... Progress: 66241/114400 (57.9%)
2026/05/15 02:45:23    ... Progress: 66850/114400 (58.4%)
2026/05/15 02:45:28    ... Progress: 67404/114400 (58.9%)
2026/05/15 02:45:33    ... Progress: 67926/114400 (59.4%)
2026/05/15 02:45:38    ... Progress: 68566/114400 (59.9%)
2026/05/15 02:45:43    ... Progress: 69132/114400 (60.4%)
2026/05/15 02:45:48    ... Progress: 69661/114400 (60.9%)
2026/05/15 02:45:53    ... Progress: 70270/114400 (61.4%)
2026/05/15 02:45:58    ... Progress: 70838/114400 (61.9%)
2026/05/15 02:46:03    ... Progress: 71405/114400 (62.4%)
2026/05/15 02:46:08    ... Progress: 71979/114400 (62.9%)
2026/05/15 02:46:13    ... Progress: 72542/114400 (63.4%)
2026/05/15 02:46:19    ... Progress: 73217/114400 (64.0%)
2026/05/15 02:46:23    ... Progress: 73689/114400 (64.4%)
2026/05/15 02:46:28    ... Progress: 74229/114400 (64.9%)
2026/05/15 02:46:33    ... Progress: 74857/114400 (65.4%)
2026/05/15 02:46:38    ... Progress: 75381/114400 (65.9%)
2026/05/15 02:46:43    ... Progress: 75954/114400 (66.4%)
2026/05/15 02:46:48    ... Progress: 76548/114400 (66.9%)
2026/05/15 02:46:53    ... Progress: 77071/114400 (67.4%)
2026/05/15 02:46:58    ... Progress: 77692/114400 (67.9%)
2026/05/15 02:47:03    ... Progress: 78234/114400 (68.4%)
2026/05/15 02:47:08    ... Progress: 78773/114400 (68.9%)
2026/05/15 02:47:13    ... Progress: 79394/114400 (69.4%)
2026/05/15 02:47:18    ... Progress: 79959/114400 (69.9%)
2026/05/15 02:47:23    ... Progress: 80501/114400 (70.4%)
2026/05/15 02:47:28    ... Progress: 81094/114400 (70.9%)
2026/05/15 02:47:33    ... Progress: 81658/114400 (71.4%)
2026/05/15 02:47:38    ... Progress: 82241/114400 (71.9%)
2026/05/15 02:47:43    ... Progress: 82843/114400 (72.4%)
2026/05/15 02:47:48    ... Progress: 83345/114400 (72.9%)
2026/05/15 02:47:53    ... Progress: 83976/114400 (73.4%)
2026/05/15 02:47:58    ... Progress: 84508/114400 (73.9%)
2026/05/15 02:48:03    ... Progress: 85074/114400 (74.4%)
2026/05/15 02:48:08    ... Progress: 85698/114400 (74.9%)
2026/05/15 02:48:13    ... Progress: 86217/114400 (75.4%)
2026/05/15 02:48:18    ... Progress: 86788/114400 (75.9%)
2026/05/15 02:48:23    ... Progress: 87425/114400 (76.4%)
2026/05/15 02:48:28    ... Progress: 87935/114400 (76.9%)
2026/05/15 02:48:33    ... Progress: 88550/114400 (77.4%)
2026/05/15 02:48:38    ... Progress: 89146/114400 (77.9%)
2026/05/15 02:48:43    ... Progress: 89654/114400 (78.4%)
2026/05/15 02:48:48    ... Progress: 90295/114400 (78.9%)
2026/05/15 02:48:53    ... Progress: 90817/114400 (79.4%)
2026/05/15 02:48:58    ... Progress: 91385/114400 (79.9%)
2026/05/15 02:49:03    ... Progress: 92014/114400 (80.4%)
2026/05/15 02:49:08    ... Progress: 92527/114400 (80.9%)
2026/05/15 02:49:13    ... Progress: 93124/114400 (81.4%)
2026/05/15 02:49:18    ... Progress: 93692/114400 (81.9%)
2026/05/15 02:49:23    ... Progress: 94260/114400 (82.4%)
2026/05/15 02:49:28    ... Progress: 94921/114400 (83.0%)
2026/05/15 02:49:33    ... Progress: 95404/114400 (83.4%)
2026/05/15 02:49:38    ... Progress: 95973/114400 (83.9%)
2026/05/15 02:49:43    ... Progress: 96591/114400 (84.4%)
2026/05/15 02:49:48    ... Progress: 97152/114400 (84.9%)
2026/05/15 02:49:53    ... Progress: 97660/114400 (85.4%)
2026/05/15 02:49:58    ... Progress: 98294/114400 (85.9%)
2026/05/15 02:50:03    ... Progress: 98841/114400 (86.4%)
2026/05/15 02:50:08    ... Progress: 99425/114400 (86.9%)
2026/05/15 02:50:13    ... Progress: 99987/114400 (87.4%)
2026/05/15 02:50:18    ... Progress: 100513/114400 (87.9%)
2026/05/15 02:50:23    ... Progress: 101155/114400 (88.4%)
2026/05/15 02:50:28    ... Progress: 101682/114400 (88.9%)
2026/05/15 02:50:33    ... Progress: 102177/114400 (89.3%)
2026/05/15 02:50:38    ... Progress: 102802/114400 (89.9%)
2026/05/15 02:50:43    ... Progress: 103310/114400 (90.3%)
2026/05/15 02:50:48    ... Progress: 103928/114400 (90.8%)
2026/05/15 02:50:53    ... Progress: 104518/114400 (91.4%)
2026/05/15 02:50:58    ... Progress: 105062/114400 (91.8%)
2026/05/15 02:51:03    ... Progress: 105681/114400 (92.4%)
2026/05/15 02:51:08    ... Progress: 106247/114400 (92.9%)
2026/05/15 02:51:13    ... Progress: 106775/114400 (93.3%)
2026/05/15 02:51:18    ... Progress: 107388/114400 (93.9%)
2026/05/15 02:51:23    ... Progress: 107914/114400 (94.3%)
2026/05/15 02:51:28    ... Progress: 108512/114400 (94.9%)
2026/05/15 02:51:33    ... Progress: 109075/114400 (95.3%)
2026/05/15 02:51:38    ... Progress: 109600/114400 (95.8%)
2026/05/15 02:51:43    ... Progress: 110228/114400 (96.4%)
2026/05/15 02:51:48    ... Progress: 110759/114400 (96.8%)
2026/05/15 02:51:53    ... Progress: 111325/114400 (97.3%)
2026/05/15 02:51:58    ... Progress: 111954/114400 (97.9%)
2026/05/15 02:52:03    ... Progress: 112472/114400 (98.3%)
2026/05/15 02:52:08    ... Progress: 113042/114400 (98.8%)
2026/05/15 02:52:13    ... Progress: 113673/114400 (99.4%)
2026/05/15 02:52:18    ... Progress: 114183/114400 (99.8%)

LE-PSI Performance Report (Parallelized)
==================================================
CPU Cores Used: 4
Total Execution Time: 16m56.678399885s
Key Generation Time: 0s (0.0%)
Hashing Time: 0s (0.0%)
Witness Generation Time: 0s (0.0%)
Intersection Detection Time: 16m56.678399179s (100.0%)
Throughput: 112.52 operations/second
Parallel Efficiency: 4.0x speedup potential
==================================================
2026/05/15 02:52:19 [shard 3] intersection done: 0 matches in 1017.3s
