2026/05/15 02:26:00 LE-PSI shard server starting on :8081 (GOMAXPROCS=4)
2026/05/15 02:27:27 [shard 4] /init received: 572 records
Setting up LE with Parameters Q = 180143985094819841 qBits = 58 D = 256 N = 4
Successfully initialized the LE parameters:
 - Security Level: Fast Evaluation (Low Security)
 - Ring Dimension: 256
 - Modulus Q: 180143985094819841
 - Matrix Dimension N: 4
 - qBits: 58
 - Layers: 14 (slots = 16384)
 - Load Factor: 0.034912 (items/slot)
 - Estimated Collision Probability: 9.999539e-01
2026/05/15 02:27:27 🚀 Auto-Tuned: 4 cores detected, 80.0 GB RAM available → 4 workers for 572 records (est. RAM: 20.0 GB)
       💾 Loading Merkle Tree into RAM for fast witness generation...
       ✓ Tree loaded in 104.484045ms
2026/05/15 02:31:09 🚀 Auto-Tuned: 4 cores detected, 80.0 GB RAM available → 4 workers for 572 records (est. RAM: 20.0 GB)

LE-PSI Performance Report (Parallelized)
==================================================
CPU Cores Used: 4
Total Execution Time: 3m52.803958908s
Key Generation Time: 2.240380993s (1.0%)
Hashing Time: 0s (0.0%)
Witness Generation Time: 11.383769483s (4.9%)
Intersection Detection Time: 0s (0.0%)
==================================================
2026/05/15 02:31:20 [shard 4] init done in 232.8s
2026/05/15 02:35:26 [shard 4] /intersect: 200 ciphertexts vs 572 records
2026/05/15 02:35:37 🚀 Auto-Tuned: 4 cores detected, 80.0 GB RAM available → 4 workers for 572 records (est. RAM: 20.0 GB)
2026/05/15 02:35:42    ... Progress: 473/114400 (0.4%)
2026/05/15 02:35:47    ... Progress: 869/114400 (0.8%)
2026/05/15 02:35:52    ... Progress: 1488/114400 (1.3%)
2026/05/15 02:35:57    ... Progress: 1973/114400 (1.7%)
2026/05/15 02:36:02    ... Progress: 2536/114400 (2.2%)
2026/05/15 02:36:07    ... Progress: 3117/114400 (2.7%)
2026/05/15 02:36:12    ... Progress: 3635/114400 (3.2%)
2026/05/15 02:36:18    ... Progress: 4306/114400 (3.8%)
2026/05/15 02:36:22    ... Progress: 4796/114400 (4.2%)
2026/05/15 02:36:27    ... Progress: 5312/114400 (4.6%)
2026/05/15 02:36:32    ... Progress: 5928/114400 (5.2%)
2026/05/15 02:36:37    ... Progress: 6477/114400 (5.7%)
2026/05/15 02:36:42    ... Progress: 7024/114400 (6.1%)
2026/05/15 02:36:47    ... Progress: 7590/114400 (6.6%)
2026/05/15 02:36:52    ... Progress: 8101/114400 (7.1%)
2026/05/15 02:36:57    ... Progress: 8714/114400 (7.6%)
2026/05/15 02:37:02    ... Progress: 9225/114400 (8.1%)
2026/05/15 02:37:07    ... Progress: 9767/114400 (8.5%)
2026/05/15 02:37:12    ... Progress: 10354/114400 (9.1%)
2026/05/15 02:37:17    ... Progress: 10875/114400 (9.5%)
2026/05/15 02:37:22    ... Progress: 11536/114400 (10.1%)
2026/05/15 02:37:27    ... Progress: 12036/114400 (10.5%)
2026/05/15 02:37:32    ... Progress: 12560/114400 (11.0%)
2026/05/15 02:37:37    ... Progress: 13170/114400 (11.5%)
2026/05/15 02:37:42    ... Progress: 13675/114400 (12.0%)
2026/05/15 02:37:47    ... Progress: 14245/114400 (12.5%)
2026/05/15 02:37:52    ... Progress: 14801/114400 (12.9%)
2026/05/15 02:37:57    ... Progress: 15308/114400 (13.4%)
2026/05/15 02:38:02    ... Progress: 15925/114400 (13.9%)
2026/05/15 02:38:07    ... Progress: 16456/114400 (14.4%)
2026/05/15 02:38:12    ... Progress: 16985/114400 (14.8%)
2026/05/15 02:38:17    ... Progress: 17590/114400 (15.4%)
2026/05/15 02:38:22    ... Progress: 18073/114400 (15.8%)
2026/05/15 02:38:28    ... Progress: 18761/114400 (16.4%)
2026/05/15 02:38:32    ... Progress: 19186/114400 (16.8%)
2026/05/15 02:38:37    ... Progress: 19729/114400 (17.2%)
2026/05/15 02:38:42    ... Progress: 20334/114400 (17.8%)
2026/05/15 02:38:47    ... Progress: 20832/114400 (18.2%)
2026/05/15 02:38:52    ... Progress: 21410/114400 (18.7%)
2026/05/15 02:38:57    ... Progress: 21931/114400 (19.2%)
2026/05/15 02:39:02    ... Progress: 22443/114400 (19.6%)
2026/05/15 02:39:07    ... Progress: 23036/114400 (20.1%)
2026/05/15 02:39:12    ... Progress: 23537/114400 (20.6%)
2026/05/15 02:39:17    ... Progress: 24161/114400 (21.1%)
2026/05/15 02:39:22    ... Progress: 24637/114400 (21.5%)
2026/05/15 02:39:27    ... Progress: 25152/114400 (22.0%)
2026/05/15 02:39:32    ... Progress: 25749/114400 (22.5%)
2026/05/15 02:39:37    ... Progress: 26247/114400 (22.9%)
2026/05/15 02:39:42    ... Progress: 26853/114400 (23.5%)
2026/05/15 02:39:47    ... Progress: 27388/114400 (23.9%)
2026/05/15 02:39:52    ... Progress: 27907/114400 (24.4%)
2026/05/15 02:39:57    ... Progress: 28498/114400 (24.9%)
2026/05/15 02:40:02    ... Progress: 29033/114400 (25.4%)
2026/05/15 02:40:07    ... Progress: 29565/114400 (25.8%)
2026/05/15 02:40:12    ... Progress: 30103/114400 (26.3%)
2026/05/15 02:40:17    ... Progress: 30594/114400 (26.7%)
2026/05/15 02:40:22    ... Progress: 31198/114400 (27.3%)
2026/05/15 02:40:27    ... Progress: 31696/114400 (27.7%)
2026/05/15 02:40:32    ... Progress: 32264/114400 (28.2%)
2026/05/15 02:40:37    ... Progress: 32836/114400 (28.7%)
2026/05/15 02:40:42    ... Progress: 33312/114400 (29.1%)
2026/05/15 02:40:47    ... Progress: 33921/114400 (29.7%)
2026/05/15 02:40:52    ... Progress: 34461/114400 (30.1%)
2026/05/15 02:40:57    ... Progress: 34976/114400 (30.6%)
2026/05/15 02:41:02    ... Progress: 35459/114400 (31.0%)
2026/05/15 02:41:07    ... Progress: 35986/114400 (31.5%)
2026/05/15 02:41:12    ... Progress: 36581/114400 (32.0%)
2026/05/15 02:41:17    ... Progress: 37075/114400 (32.4%)
2026/05/15 02:41:22    ... Progress: 37640/114400 (32.9%)
2026/05/15 02:41:27    ... Progress: 38166/114400 (33.4%)
2026/05/15 02:41:32    ... Progress: 38702/114400 (33.8%)
2026/05/15 02:41:37    ... Progress: 39295/114400 (34.3%)
2026/05/15 02:41:42    ... Progress: 39794/114400 (34.8%)
2026/05/15 02:41:47    ... Progress: 40357/114400 (35.3%)
2026/05/15 02:41:52    ... Progress: 40935/114400 (35.8%)
2026/05/15 02:41:57    ... Progress: 41452/114400 (36.2%)
2026/05/15 02:42:02    ... Progress: 42040/114400 (36.7%)
2026/05/15 02:42:07    ... Progress: 42532/114400 (37.2%)
2026/05/15 02:42:12    ... Progress: 43077/114400 (37.7%)
2026/05/15 02:42:17    ... Progress: 43629/114400 (38.1%)
2026/05/15 02:42:22    ... Progress: 44123/114400 (38.6%)
2026/05/15 02:42:27    ... Progress: 44733/114400 (39.1%)
2026/05/15 02:42:32    ... Progress: 45232/114400 (39.5%)
2026/05/15 02:42:37    ... Progress: 45764/114400 (40.0%)
2026/05/15 02:42:42    ... Progress: 46330/114400 (40.5%)
2026/05/15 02:42:47    ... Progress: 46863/114400 (41.0%)
2026/05/15 02:42:52    ... Progress: 47452/114400 (41.5%)
2026/05/15 02:42:57    ... Progress: 47944/114400 (41.9%)
2026/05/15 02:43:02    ... Progress: 48471/114400 (42.4%)
2026/05/15 02:43:07    ... Progress: 49035/114400 (42.9%)
2026/05/15 02:43:12    ... Progress: 49532/114400 (43.3%)
2026/05/15 02:43:17    ... Progress: 50142/114400 (43.8%)
2026/05/15 02:43:22    ... Progress: 50679/114400 (44.3%)
2026/05/15 02:43:27    ... Progress: 51186/114400 (44.7%)
2026/05/15 02:43:32    ... Progress: 51750/114400 (45.2%)
2026/05/15 02:43:37    ... Progress: 52244/114400 (45.7%)
2026/05/15 02:43:42    ... Progress: 52851/114400 (46.2%)
2026/05/15 02:43:47    ... Progress: 53392/114400 (46.7%)
2026/05/15 02:43:52    ... Progress: 53892/114400 (47.1%)
2026/05/15 02:43:57    ... Progress: 54475/114400 (47.6%)
2026/05/15 02:44:02    ... Progress: 54963/114400 (48.0%)
2026/05/15 02:44:08    ... Progress: 55624/114400 (48.6%)
2026/05/15 02:44:12    ... Progress: 56101/114400 (49.0%)
2026/05/15 02:44:17    ... Progress: 56600/114400 (49.5%)
2026/05/15 02:44:22    ... Progress: 57184/114400 (50.0%)
2026/05/15 02:44:27    ... Progress: 57679/114400 (50.4%)
2026/05/15 02:44:32    ... Progress: 58273/114400 (50.9%)
2026/05/15 02:44:37    ... Progress: 58778/114400 (51.4%)
2026/05/15 02:44:42    ... Progress: 59299/114400 (51.8%)
2026/05/15 02:44:47    ... Progress: 59879/114400 (52.3%)
2026/05/15 02:44:52    ... Progress: 60413/114400 (52.8%)
2026/05/15 02:44:57    ... Progress: 61037/114400 (53.4%)
2026/05/15 02:45:02    ... Progress: 61493/114400 (53.8%)
2026/05/15 02:45:07    ... Progress: 62023/114400 (54.2%)
2026/05/15 02:45:12    ... Progress: 62622/114400 (54.7%)
2026/05/15 02:45:17    ... Progress: 63142/114400 (55.2%)
2026/05/15 02:45:22    ... Progress: 63706/114400 (55.7%)
2026/05/15 02:45:27    ... Progress: 64267/114400 (56.2%)
2026/05/15 02:45:32    ... Progress: 64776/114400 (56.6%)
2026/05/15 02:45:37    ... Progress: 65372/114400 (57.1%)
2026/05/15 02:45:42    ... Progress: 65907/114400 (57.6%)
2026/05/15 02:45:47    ... Progress: 66438/114400 (58.1%)
2026/05/15 02:45:52    ... Progress: 66979/114400 (58.5%)
2026/05/15 02:45:57    ... Progress: 67473/114400 (59.0%)
2026/05/15 02:46:02    ... Progress: 68082/114400 (59.5%)
2026/05/15 02:46:07    ... Progress: 68574/114400 (59.9%)
2026/05/15 02:46:12    ... Progress: 69138/114400 (60.4%)
2026/05/15 02:46:17    ... Progress: 69714/114400 (60.9%)
2026/05/15 02:46:22    ... Progress: 70188/114400 (61.4%)
2026/05/15 02:46:27    ... Progress: 70796/114400 (61.9%)
2026/05/15 02:46:32    ... Progress: 71332/114400 (62.4%)
2026/05/15 02:46:37    ... Progress: 71861/114400 (62.8%)
2026/05/15 02:46:42    ... Progress: 72405/114400 (63.3%)
2026/05/15 02:46:47    ... Progress: 72937/114400 (63.8%)
2026/05/15 02:46:52    ... Progress: 73520/114400 (64.3%)
2026/05/15 02:46:57    ... Progress: 74016/114400 (64.7%)
2026/05/15 02:47:02    ... Progress: 74561/114400 (65.2%)
2026/05/15 02:47:07    ... Progress: 75138/114400 (65.7%)
2026/05/15 02:47:12    ... Progress: 75602/114400 (66.1%)
2026/05/15 02:47:17    ... Progress: 76211/114400 (66.6%)
2026/05/15 02:47:22    ... Progress: 76709/114400 (67.1%)
2026/05/15 02:47:27    ... Progress: 77261/114400 (67.5%)
2026/05/15 02:47:32    ... Progress: 77846/114400 (68.0%)
2026/05/15 02:47:37    ... Progress: 78368/114400 (68.5%)
2026/05/15 02:47:42    ... Progress: 78954/114400 (69.0%)
2026/05/15 02:47:47    ... Progress: 79453/114400 (69.5%)
2026/05/15 02:47:52    ... Progress: 79982/114400 (69.9%)
2026/05/15 02:47:57    ... Progress: 80554/114400 (70.4%)
2026/05/15 02:48:02    ... Progress: 81050/114400 (70.8%)
2026/05/15 02:48:07    ... Progress: 81652/114400 (71.4%)
2026/05/15 02:48:12    ... Progress: 82149/114400 (71.8%)
2026/05/15 02:48:17    ... Progress: 82686/114400 (72.3%)
2026/05/15 02:48:22    ... Progress: 83288/114400 (72.8%)
2026/05/15 02:48:27    ... Progress: 83768/114400 (73.2%)
2026/05/15 02:48:32    ... Progress: 84369/114400 (73.7%)
2026/05/15 02:48:37    ... Progress: 84868/114400 (74.2%)
2026/05/15 02:48:42    ... Progress: 85397/114400 (74.6%)
2026/05/15 02:48:47    ... Progress: 85960/114400 (75.1%)
2026/05/15 02:48:52    ... Progress: 86458/114400 (75.6%)
2026/05/15 02:48:58    ... Progress: 87140/114400 (76.2%)
2026/05/15 02:49:02    ... Progress: 87595/114400 (76.6%)
2026/05/15 02:49:07    ... Progress: 88096/114400 (77.0%)
2026/05/15 02:49:12    ... Progress: 88672/114400 (77.5%)
2026/05/15 02:49:17    ... Progress: 89159/114400 (77.9%)
2026/05/15 02:49:22    ... Progress: 89758/114400 (78.5%)
2026/05/15 02:49:27    ... Progress: 90308/114400 (78.9%)
2026/05/15 02:49:32    ... Progress: 90808/114400 (79.4%)
2026/05/15 02:49:37    ... Progress: 91396/114400 (79.9%)
2026/05/15 02:49:42    ... Progress: 91937/114400 (80.4%)
2026/05/15 02:49:47    ... Progress: 92499/114400 (80.9%)
2026/05/15 02:49:52    ... Progress: 93022/114400 (81.3%)
2026/05/15 02:49:57    ... Progress: 93534/114400 (81.8%)
2026/05/15 02:50:02    ... Progress: 94132/114400 (82.3%)
2026/05/15 02:50:07    ... Progress: 94671/114400 (82.8%)
2026/05/15 02:50:12    ... Progress: 95216/114400 (83.2%)
2026/05/15 02:50:17    ... Progress: 95753/114400 (83.7%)
2026/05/15 02:50:22    ... Progress: 96289/114400 (84.2%)
2026/05/15 02:50:27    ... Progress: 96877/114400 (84.7%)
2026/05/15 02:50:32    ... Progress: 97418/114400 (85.2%)
2026/05/15 02:50:37    ... Progress: 97938/114400 (85.6%)
2026/05/15 02:50:42    ... Progress: 98493/114400 (86.1%)
2026/05/15 02:50:47    ... Progress: 99034/114400 (86.6%)
2026/05/15 02:50:52    ... Progress: 99621/114400 (87.1%)
2026/05/15 02:50:57    ... Progress: 100167/114400 (87.6%)
2026/05/15 02:51:02    ... Progress: 100678/114400 (88.0%)
2026/05/15 02:51:07    ... Progress: 101278/114400 (88.5%)
2026/05/15 02:51:12    ... Progress: 101758/114400 (88.9%)
2026/05/15 02:51:17    ... Progress: 102351/114400 (89.5%)
2026/05/15 02:51:22    ... Progress: 102903/114400 (90.0%)
2026/05/15 02:51:27    ... Progress: 103399/114400 (90.4%)
2026/05/15 02:51:32    ... Progress: 103975/114400 (90.9%)
2026/05/15 02:51:37    ... Progress: 104472/114400 (91.3%)
2026/05/15 02:51:42    ... Progress: 105070/114400 (91.8%)
2026/05/15 02:51:47    ... Progress: 105578/114400 (92.3%)
2026/05/15 02:51:52    ... Progress: 106104/114400 (92.7%)
2026/05/15 02:51:57    ... Progress: 106427/114400 (93.0%)
2026/05/15 02:52:02    ... Progress: 106528/114400 (93.1%)
2026/05/15 02:52:07    ... Progress: 106691/114400 (93.3%)
2026/05/15 02:52:12    ... Progress: 107212/114400 (93.7%)
2026/05/15 02:52:17    ... Progress: 107781/114400 (94.2%)
2026/05/15 02:52:22    ... Progress: 108292/114400 (94.7%)
2026/05/15 02:52:27    ... Progress: 108815/114400 (95.1%)
2026/05/15 02:52:32    ... Progress: 109393/114400 (95.6%)
2026/05/15 02:52:37    ... Progress: 109892/114400 (96.1%)
2026/05/15 02:52:42    ... Progress: 110492/114400 (96.6%)
2026/05/15 02:52:47    ... Progress: 111040/114400 (97.1%)
2026/05/15 02:52:52    ... Progress: 111558/114400 (97.5%)
2026/05/15 02:52:57    ... Progress: 112158/114400 (98.0%)
2026/05/15 02:53:02    ... Progress: 112642/114400 (98.5%)
2026/05/15 02:53:07    ... Progress: 113224/114400 (99.0%)
2026/05/15 02:53:12    ... Progress: 113746/114400 (99.4%)
2026/05/15 02:53:17    ... Progress: 114260/114400 (99.9%)

LE-PSI Performance Report (Parallelized)
==================================================
CPU Cores Used: 4
Total Execution Time: 17m41.233714337s
Key Generation Time: 0s (0.0%)
Hashing Time: 0s (0.0%)
Witness Generation Time: 0s (0.0%)
Intersection Detection Time: 17m41.233629516s (100.0%)
Throughput: 107.80 operations/second
Parallel Efficiency: 4.0x speedup potential
==================================================
2026/05/15 02:53:18 [shard 4] intersection done: 0 matches in 1061.9s
