2026/05/15 02:27:04 LE-PSI shard server starting on :8081 (GOMAXPROCS=4)
2026/05/15 02:27:27 [shard 5] /init received: 572 records
Setting up LE with Parameters Q = 180143985094819841 qBits = 58 D = 256 N = 4
Successfully initialized the LE parameters:
 - Security Level: Fast Evaluation (Low Security)
 - Ring Dimension: 256
 - Modulus Q: 180143985094819841
 - Matrix Dimension N: 4
 - qBits: 58
 - Layers: 14 (slots = 16384)
 - Load Factor: 0.034912 (items/slot)
 - Estimated Collision Probability: 9.999539e-01
2026/05/15 02:27:28 🚀 Auto-Tuned: 4 cores detected, 80.0 GB RAM available → 4 workers for 572 records (est. RAM: 20.0 GB)
       💾 Loading Merkle Tree into RAM for fast witness generation...
       ✓ Tree loaded in 104.967193ms
2026/05/15 02:31:40 🚀 Auto-Tuned: 4 cores detected, 80.0 GB RAM available → 4 workers for 572 records (est. RAM: 20.0 GB)

LE-PSI Performance Report (Parallelized)
==================================================
CPU Cores Used: 4
Total Execution Time: 4m28.224059721s
Key Generation Time: 2.487170024s (0.9%)
Hashing Time: 0s (0.0%)
Witness Generation Time: 15.871002654s (5.9%)
Intersection Detection Time: 0s (0.0%)
==================================================
2026/05/15 02:31:56 [shard 5] init done in 268.2s
2026/05/15 02:35:18 [shard 5] /intersect: 200 ciphertexts vs 572 records
2026/05/15 02:35:22 🚀 Auto-Tuned: 4 cores detected, 80.0 GB RAM available → 4 workers for 572 records (est. RAM: 20.0 GB)
2026/05/15 02:35:27    ... Progress: 527/114400 (0.5%)
2026/05/15 02:35:32    ... Progress: 974/114400 (0.9%)
2026/05/15 02:35:37    ... Progress: 1593/114400 (1.4%)
2026/05/15 02:35:42    ... Progress: 2159/114400 (1.9%)
2026/05/15 02:35:47    ... Progress: 2675/114400 (2.3%)
2026/05/15 02:35:52    ... Progress: 3321/114400 (2.9%)
2026/05/15 02:35:57    ... Progress: 3886/114400 (3.4%)
2026/05/15 02:36:02    ... Progress: 4422/114400 (3.9%)
2026/05/15 02:36:07    ... Progress: 5045/114400 (4.4%)
2026/05/15 02:36:12    ... Progress: 5579/114400 (4.9%)
2026/05/15 02:36:17    ... Progress: 6178/114400 (5.4%)
2026/05/15 02:36:22    ... Progress: 6755/114400 (5.9%)
2026/05/15 02:36:27    ... Progress: 7278/114400 (6.4%)
2026/05/15 02:36:32    ... Progress: 7871/114400 (6.9%)
2026/05/15 02:36:37    ... Progress: 8401/114400 (7.3%)
2026/05/15 02:36:42    ... Progress: 8975/114400 (7.8%)
2026/05/15 02:36:47    ... Progress: 9609/114400 (8.4%)
2026/05/15 02:36:52    ... Progress: 10168/114400 (8.9%)
2026/05/15 02:36:57    ... Progress: 10747/114400 (9.4%)
2026/05/15 02:37:02    ... Progress: 11372/114400 (9.9%)
2026/05/15 02:37:07    ... Progress: 11930/114400 (10.4%)
2026/05/15 02:37:12    ... Progress: 12529/114400 (11.0%)
2026/05/15 02:37:17    ... Progress: 13136/114400 (11.5%)
2026/05/15 02:37:22    ... Progress: 13691/114400 (12.0%)
2026/05/15 02:37:27    ... Progress: 14307/114400 (12.5%)
2026/05/15 02:37:32    ... Progress: 14893/114400 (13.0%)
2026/05/15 02:37:37    ... Progress: 15447/114400 (13.5%)
2026/05/15 02:37:42    ... Progress: 16075/114400 (14.1%)
2026/05/15 02:37:47    ... Progress: 16609/114400 (14.5%)
2026/05/15 02:37:52    ... Progress: 17174/114400 (15.0%)
2026/05/15 02:37:57    ... Progress: 17789/114400 (15.5%)
2026/05/15 02:38:02    ... Progress: 18361/114400 (16.0%)
2026/05/15 02:38:07    ... Progress: 18941/114400 (16.6%)
2026/05/15 02:38:12    ... Progress: 19513/114400 (17.1%)
2026/05/15 02:38:17    ... Progress: 20046/114400 (17.5%)
2026/05/15 02:38:22    ... Progress: 20675/114400 (18.1%)
2026/05/15 02:38:27    ... Progress: 21254/114400 (18.6%)
2026/05/15 02:38:32    ... Progress: 21803/114400 (19.1%)
2026/05/15 02:38:37    ... Progress: 22427/114400 (19.6%)
2026/05/15 02:38:42    ... Progress: 22955/114400 (20.1%)
2026/05/15 02:38:47    ... Progress: 23511/114400 (20.6%)
2026/05/15 02:38:52    ... Progress: 24123/114400 (21.1%)
2026/05/15 02:38:57    ... Progress: 24649/114400 (21.5%)
2026/05/15 02:39:02    ... Progress: 25290/114400 (22.1%)
2026/05/15 02:39:07    ... Progress: 25816/114400 (22.6%)
2026/05/15 02:39:12    ... Progress: 26343/114400 (23.0%)
2026/05/15 02:39:17    ... Progress: 26978/114400 (23.6%)
2026/05/15 02:39:22    ... Progress: 27541/114400 (24.1%)
2026/05/15 02:39:27    ... Progress: 28075/114400 (24.5%)
2026/05/15 02:39:32    ... Progress: 28681/114400 (25.1%)
2026/05/15 02:39:37    ... Progress: 29206/114400 (25.5%)
2026/05/15 02:39:42    ... Progress: 29809/114400 (26.1%)
2026/05/15 02:39:47    ... Progress: 30360/114400 (26.5%)
2026/05/15 02:39:52    ... Progress: 30888/114400 (27.0%)
2026/05/15 02:39:57    ... Progress: 31518/114400 (27.6%)
2026/05/15 02:40:02    ... Progress: 32079/114400 (28.0%)
2026/05/15 02:40:07    ... Progress: 32614/114400 (28.5%)
2026/05/15 02:40:12    ... Progress: 33211/114400 (29.0%)
2026/05/15 02:40:17    ... Progress: 33772/114400 (29.5%)
2026/05/15 02:40:23    ... Progress: 34385/114400 (30.1%)
2026/05/15 02:40:27    ... Progress: 34943/114400 (30.5%)
2026/05/15 02:40:32    ... Progress: 35443/114400 (31.0%)
2026/05/15 02:40:37    ... Progress: 36070/114400 (31.5%)
2026/05/15 02:40:42    ... Progress: 36588/114400 (32.0%)
2026/05/15 02:40:47    ... Progress: 37149/114400 (32.5%)
2026/05/15 02:40:52    ... Progress: 37742/114400 (33.0%)
2026/05/15 02:40:57    ... Progress: 38262/114400 (33.4%)
2026/05/15 02:41:03    ... Progress: 38933/114400 (34.0%)
2026/05/15 02:41:07    ... Progress: 39420/114400 (34.5%)
2026/05/15 02:41:12    ... Progress: 39983/114400 (35.0%)
2026/05/15 02:41:17    ... Progress: 40604/114400 (35.5%)
2026/05/15 02:41:22    ... Progress: 41122/114400 (35.9%)
2026/05/15 02:41:27    ... Progress: 41684/114400 (36.4%)
2026/05/15 02:41:32    ... Progress: 42278/114400 (37.0%)
2026/05/15 02:41:37    ... Progress: 42796/114400 (37.4%)
2026/05/15 02:41:42    ... Progress: 43411/114400 (37.9%)
2026/05/15 02:41:47    ... Progress: 43951/114400 (38.4%)
2026/05/15 02:41:52    ... Progress: 44514/114400 (38.9%)
2026/05/15 02:41:57    ... Progress: 45133/114400 (39.5%)
2026/05/15 02:42:02    ... Progress: 45645/114400 (39.9%)
2026/05/15 02:42:07    ... Progress: 46211/114400 (40.4%)
2026/05/15 02:42:12    ... Progress: 46836/114400 (40.9%)
2026/05/15 02:42:17    ... Progress: 47335/114400 (41.4%)
2026/05/15 02:42:22    ... Progress: 47954/114400 (41.9%)
2026/05/15 02:42:27    ... Progress: 48528/114400 (42.4%)
2026/05/15 02:42:32    ... Progress: 49071/114400 (42.9%)
2026/05/15 02:42:37    ... Progress: 49687/114400 (43.4%)
2026/05/15 02:42:42    ... Progress: 50209/114400 (43.9%)
2026/05/15 02:42:47    ... Progress: 50769/114400 (44.4%)
2026/05/15 02:42:52    ... Progress: 51399/114400 (44.9%)
2026/05/15 02:42:57    ... Progress: 51902/114400 (45.4%)
2026/05/15 02:43:02    ... Progress: 52511/114400 (45.9%)
2026/05/15 02:43:07    ... Progress: 53061/114400 (46.4%)
2026/05/15 02:43:12    ... Progress: 53590/114400 (46.8%)
2026/05/15 02:43:17    ... Progress: 54222/114400 (47.4%)
2026/05/15 02:43:22    ... Progress: 54784/114400 (47.9%)
2026/05/15 02:43:27    ... Progress: 55329/114400 (48.4%)
2026/05/15 02:43:32    ... Progress: 55955/114400 (48.9%)
2026/05/15 02:43:37    ... Progress: 56462/114400 (49.4%)
2026/05/15 02:43:42    ... Progress: 57067/114400 (49.9%)
2026/05/15 02:43:47    ... Progress: 57620/114400 (50.4%)
2026/05/15 02:43:52    ... Progress: 58183/114400 (50.9%)
2026/05/15 02:43:57    ... Progress: 58798/114400 (51.4%)
2026/05/15 02:44:02    ... Progress: 59317/114400 (51.9%)
2026/05/15 02:44:07    ... Progress: 59876/114400 (52.3%)
2026/05/15 02:44:12    ... Progress: 60474/114400 (52.9%)
2026/05/15 02:44:17    ... Progress: 61034/114400 (53.4%)
2026/05/15 02:44:22    ... Progress: 61617/114400 (53.9%)
2026/05/15 02:44:27    ... Progress: 62165/114400 (54.3%)
2026/05/15 02:44:32    ... Progress: 62693/114400 (54.8%)
2026/05/15 02:44:37    ... Progress: 63317/114400 (55.3%)
2026/05/15 02:44:42    ... Progress: 63835/114400 (55.8%)
2026/05/15 02:44:47    ... Progress: 64402/114400 (56.3%)
2026/05/15 02:44:52    ... Progress: 65030/114400 (56.8%)
2026/05/15 02:44:57    ... Progress: 65533/114400 (57.3%)
2026/05/15 02:45:02    ... Progress: 66147/114400 (57.8%)
2026/05/15 02:45:07    ... Progress: 66691/114400 (58.3%)
2026/05/15 02:45:12    ... Progress: 67255/114400 (58.8%)
2026/05/15 02:45:17    ... Progress: 67872/114400 (59.3%)
2026/05/15 02:45:22    ... Progress: 68429/114400 (59.8%)
2026/05/15 02:45:27    ... Progress: 68967/114400 (60.3%)
2026/05/15 02:45:32    ... Progress: 69560/114400 (60.8%)
2026/05/15 02:45:37    ... Progress: 70122/114400 (61.3%)
2026/05/15 02:45:42    ... Progress: 70708/114400 (61.8%)
2026/05/15 02:45:47    ... Progress: 71258/114400 (62.3%)
2026/05/15 02:45:52    ... Progress: 71784/114400 (62.7%)
2026/05/15 02:45:57    ... Progress: 72418/114400 (63.3%)
2026/05/15 02:46:02    ... Progress: 72982/114400 (63.8%)
2026/05/15 02:46:07    ... Progress: 73517/114400 (64.3%)
2026/05/15 02:46:12    ... Progress: 74119/114400 (64.8%)
2026/05/15 02:46:17    ... Progress: 74637/114400 (65.2%)
2026/05/15 02:46:22    ... Progress: 75244/114400 (65.8%)
2026/05/15 02:46:27    ... Progress: 75789/114400 (66.2%)
2026/05/15 02:46:32    ... Progress: 76318/114400 (66.7%)
2026/05/15 02:46:37    ... Progress: 76945/114400 (67.3%)
2026/05/15 02:46:42    ... Progress: 77467/114400 (67.7%)
2026/05/15 02:46:47    ... Progress: 78024/114400 (68.2%)
2026/05/15 02:46:52    ... Progress: 78618/114400 (68.7%)
2026/05/15 02:46:57    ... Progress: 79139/114400 (69.2%)
2026/05/15 02:47:02    ... Progress: 79754/114400 (69.7%)
2026/05/15 02:47:07    ... Progress: 80336/114400 (70.2%)
2026/05/15 02:47:12    ... Progress: 80882/114400 (70.7%)
2026/05/15 02:47:17    ... Progress: 81500/114400 (71.2%)
2026/05/15 02:47:22    ... Progress: 82067/114400 (71.7%)
2026/05/15 02:47:27    ... Progress: 82593/114400 (72.2%)
2026/05/15 02:47:32    ... Progress: 83208/114400 (72.7%)
2026/05/15 02:47:37    ... Progress: 83775/114400 (73.2%)
2026/05/15 02:47:42    ... Progress: 84343/114400 (73.7%)
2026/05/15 02:47:47    ... Progress: 84955/114400 (74.3%)
2026/05/15 02:47:52    ... Progress: 85497/114400 (74.7%)
2026/05/15 02:47:57    ... Progress: 86098/114400 (75.3%)
2026/05/15 02:48:02    ... Progress: 86633/114400 (75.7%)
2026/05/15 02:48:07    ... Progress: 87198/114400 (76.2%)
2026/05/15 02:48:12    ... Progress: 87818/114400 (76.8%)
2026/05/15 02:48:17    ... Progress: 88335/114400 (77.2%)
2026/05/15 02:48:22    ... Progress: 88908/114400 (77.7%)
2026/05/15 02:48:27    ... Progress: 89531/114400 (78.3%)
2026/05/15 02:48:32    ... Progress: 90073/114400 (78.7%)
2026/05/15 02:48:37    ... Progress: 90667/114400 (79.3%)
2026/05/15 02:48:42    ... Progress: 91213/114400 (79.7%)
2026/05/15 02:48:47    ... Progress: 91740/114400 (80.2%)
2026/05/15 02:48:52    ... Progress: 92368/114400 (80.7%)
2026/05/15 02:48:57    ... Progress: 92935/114400 (81.2%)
2026/05/15 02:49:02    ... Progress: 93472/114400 (81.7%)
2026/05/15 02:49:07    ... Progress: 94077/114400 (82.2%)
2026/05/15 02:49:12    ... Progress: 94599/114400 (82.7%)
2026/05/15 02:49:17    ... Progress: 95210/114400 (83.2%)
2026/05/15 02:49:22    ... Progress: 95760/114400 (83.7%)
2026/05/15 02:49:27    ... Progress: 96288/114400 (84.2%)
2026/05/15 02:49:32    ... Progress: 96917/114400 (84.7%)
2026/05/15 02:49:37    ... Progress: 97437/114400 (85.2%)
2026/05/15 02:49:42    ... Progress: 98002/114400 (85.7%)
2026/05/15 02:49:47    ... Progress: 98635/114400 (86.2%)
2026/05/15 02:49:52    ... Progress: 99137/114400 (86.7%)
2026/05/15 02:49:57    ... Progress: 99752/114400 (87.2%)
2026/05/15 02:50:02    ... Progress: 100340/114400 (87.7%)
2026/05/15 02:50:07    ... Progress: 100849/114400 (88.2%)
2026/05/15 02:50:12    ... Progress: 101475/114400 (88.7%)
2026/05/15 02:50:17    ... Progress: 101998/114400 (89.2%)
2026/05/15 02:50:22    ... Progress: 102561/114400 (89.7%)
2026/05/15 02:50:27    ... Progress: 103188/114400 (90.2%)
2026/05/15 02:50:32    ... Progress: 103690/114400 (90.6%)
2026/05/15 02:50:37    ... Progress: 104302/114400 (91.2%)
2026/05/15 02:50:42    ... Progress: 104892/114400 (91.7%)
2026/05/15 02:50:47    ... Progress: 105438/114400 (92.2%)
2026/05/15 02:50:52    ... Progress: 106047/114400 (92.7%)
2026/05/15 02:50:57    ... Progress: 106618/114400 (93.2%)
2026/05/15 02:51:02    ... Progress: 107144/114400 (93.7%)
2026/05/15 02:51:07    ... Progress: 107758/114400 (94.2%)
2026/05/15 02:51:12    ... Progress: 108278/114400 (94.6%)
2026/05/15 02:51:17    ... Progress: 108878/114400 (95.2%)
2026/05/15 02:51:22    ... Progress: 109444/114400 (95.7%)
2026/05/15 02:51:27    ... Progress: 110010/114400 (96.2%)
2026/05/15 02:51:32    ... Progress: 110620/114400 (96.7%)
2026/05/15 02:51:37    ... Progress: 111152/114400 (97.2%)
2026/05/15 02:51:42    ... Progress: 111695/114400 (97.6%)
2026/05/15 02:51:47    ... Progress: 112313/114400 (98.2%)
2026/05/15 02:51:52    ... Progress: 112880/114400 (98.7%)
2026/05/15 02:51:57    ... Progress: 113442/114400 (99.2%)
2026/05/15 02:52:02    ... Progress: 114021/114400 (99.7%)

LE-PSI Performance Report (Parallelized)
==================================================
CPU Cores Used: 4
Total Execution Time: 16m43.500519033s
Key Generation Time: 0s (0.0%)
Hashing Time: 0s (0.0%)
Witness Generation Time: 0s (0.0%)
Intersection Detection Time: 16m43.500518312s (100.0%)
Throughput: 114.00 operations/second
Parallel Efficiency: 4.0x speedup potential
==================================================
2026/05/15 02:52:06 [shard 5] intersection done: 0 matches in 1004.2s
