2026/05/15 02:25:40 LE-PSI shard server starting on :8081 (GOMAXPROCS=4)
2026/05/15 02:27:27 [shard 2] /init received: 572 records
Setting up LE with Parameters Q = 180143985094819841 qBits = 58 D = 256 N = 4
Successfully initialized the LE parameters:
 - Security Level: Fast Evaluation (Low Security)
 - Ring Dimension: 256
 - Modulus Q: 180143985094819841
 - Matrix Dimension N: 4
 - qBits: 58
 - Layers: 14 (slots = 16384)
 - Load Factor: 0.034912 (items/slot)
 - Estimated Collision Probability: 9.999539e-01
2026/05/15 02:27:28 🚀 Auto-Tuned: 4 cores detected, 80.0 GB RAM available → 4 workers for 572 records (est. RAM: 20.0 GB)
       💾 Loading Merkle Tree into RAM for fast witness generation...
       ✓ Tree loaded in 108.578509ms
2026/05/15 02:31:40 🚀 Auto-Tuned: 4 cores detected, 80.0 GB RAM available → 4 workers for 572 records (est. RAM: 20.0 GB)

LE-PSI Performance Report (Parallelized)
==================================================
CPU Cores Used: 4
Total Execution Time: 4m27.039948953s
Key Generation Time: 2.665794908s (1.0%)
Hashing Time: 0s (0.0%)
Witness Generation Time: 14.422709383s (5.4%)
Intersection Detection Time: 0s (0.0%)
==================================================
2026/05/15 02:31:54 [shard 2] init done in 267.0s
2026/05/15 02:35:15 [shard 2] /intersect: 200 ciphertexts vs 572 records
2026/05/15 02:35:19 🚀 Auto-Tuned: 4 cores detected, 80.0 GB RAM available → 4 workers for 572 records (est. RAM: 20.0 GB)
2026/05/15 02:35:24    ... Progress: 554/114400 (0.5%)
2026/05/15 02:35:29    ... Progress: 1014/114400 (0.9%)
2026/05/15 02:35:34    ... Progress: 1674/114400 (1.5%)
2026/05/15 02:35:39    ... Progress: 2182/114400 (1.9%)
2026/05/15 02:35:44    ... Progress: 2700/114400 (2.4%)
2026/05/15 02:35:49    ... Progress: 3347/114400 (2.9%)
2026/05/15 02:35:54    ... Progress: 3924/114400 (3.4%)
2026/05/15 02:35:59    ... Progress: 4480/114400 (3.9%)
2026/05/15 02:36:04    ... Progress: 5120/114400 (4.5%)
2026/05/15 02:36:09    ... Progress: 5684/114400 (5.0%)
2026/05/15 02:36:14    ... Progress: 6237/114400 (5.5%)
2026/05/15 02:36:19    ... Progress: 6854/114400 (6.0%)
2026/05/15 02:36:24    ... Progress: 7428/114400 (6.5%)
2026/05/15 02:36:29    ... Progress: 8020/114400 (7.0%)
2026/05/15 02:36:34    ... Progress: 8598/114400 (7.5%)
2026/05/15 02:36:39    ... Progress: 9133/114400 (8.0%)
2026/05/15 02:36:44    ... Progress: 9839/114400 (8.6%)
2026/05/15 02:36:49    ... Progress: 10354/114400 (9.1%)
2026/05/15 02:36:54    ... Progress: 10874/114400 (9.5%)
2026/05/15 02:36:59    ... Progress: 11519/114400 (10.1%)
2026/05/15 02:37:04    ... Progress: 12055/114400 (10.5%)
2026/05/15 02:37:09    ... Progress: 12630/114400 (11.0%)
2026/05/15 02:37:14    ... Progress: 13271/114400 (11.6%)
2026/05/15 02:37:19    ... Progress: 13833/114400 (12.1%)
2026/05/15 02:37:24    ... Progress: 14403/114400 (12.6%)
2026/05/15 02:37:29    ... Progress: 14998/114400 (13.1%)
2026/05/15 02:37:34    ... Progress: 15567/114400 (13.6%)
2026/05/15 02:37:39    ... Progress: 16222/114400 (14.2%)
2026/05/15 02:37:44    ... Progress: 16727/114400 (14.6%)
2026/05/15 02:37:49    ... Progress: 17262/114400 (15.1%)
2026/05/15 02:37:54    ... Progress: 17899/114400 (15.6%)
2026/05/15 02:37:59    ... Progress: 18426/114400 (16.1%)
2026/05/15 02:38:04    ... Progress: 18988/114400 (16.6%)
2026/05/15 02:38:09    ... Progress: 19596/114400 (17.1%)
2026/05/15 02:38:14    ... Progress: 20164/114400 (17.6%)
2026/05/15 02:38:19    ... Progress: 20758/114400 (18.1%)
2026/05/15 02:38:24    ... Progress: 21349/114400 (18.7%)
2026/05/15 02:38:29    ... Progress: 21856/114400 (19.1%)
2026/05/15 02:38:35    ... Progress: 22580/114400 (19.7%)
2026/05/15 02:38:39    ... Progress: 23054/114400 (20.2%)
2026/05/15 02:38:44    ... Progress: 23583/114400 (20.6%)
2026/05/15 02:38:49    ... Progress: 24201/114400 (21.2%)
2026/05/15 02:38:54    ... Progress: 24766/114400 (21.6%)
2026/05/15 02:38:59    ... Progress: 25328/114400 (22.1%)
2026/05/15 02:39:04    ... Progress: 25937/114400 (22.7%)
2026/05/15 02:39:09    ... Progress: 26428/114400 (23.1%)
2026/05/15 02:39:15    ... Progress: 27145/114400 (23.7%)
2026/05/15 02:39:19    ... Progress: 27623/114400 (24.1%)
2026/05/15 02:39:24    ... Progress: 28141/114400 (24.6%)
2026/05/15 02:39:29    ... Progress: 28753/114400 (25.1%)
2026/05/15 02:39:34    ... Progress: 29275/114400 (25.6%)
2026/05/15 02:39:39    ... Progress: 29864/114400 (26.1%)
2026/05/15 02:39:44    ... Progress: 30424/114400 (26.6%)
2026/05/15 02:39:49    ... Progress: 30985/114400 (27.1%)
2026/05/15 02:39:54    ... Progress: 31592/114400 (27.6%)
2026/05/15 02:39:59    ... Progress: 32114/114400 (28.1%)
2026/05/15 02:40:04    ... Progress: 32677/114400 (28.6%)
2026/05/15 02:40:09    ... Progress: 33298/114400 (29.1%)
2026/05/15 02:40:14    ... Progress: 33804/114400 (29.5%)
2026/05/15 02:40:19    ... Progress: 34411/114400 (30.1%)
2026/05/15 02:40:24    ... Progress: 34950/114400 (30.6%)
2026/05/15 02:40:29    ... Progress: 35511/114400 (31.0%)
2026/05/15 02:40:34    ... Progress: 36121/114400 (31.6%)
2026/05/15 02:40:39    ... Progress: 36635/114400 (32.0%)
2026/05/15 02:40:44    ... Progress: 37194/114400 (32.5%)
2026/05/15 02:40:49    ... Progress: 37817/114400 (33.1%)
2026/05/15 02:40:54    ... Progress: 38323/114400 (33.5%)
2026/05/15 02:40:59    ... Progress: 38919/114400 (34.0%)
2026/05/15 02:41:04    ... Progress: 39474/114400 (34.5%)
2026/05/15 02:41:09    ... Progress: 40036/114400 (35.0%)
2026/05/15 02:41:15    ... Progress: 40746/114400 (35.6%)
2026/05/15 02:41:19    ... Progress: 41167/114400 (36.0%)
2026/05/15 02:41:24    ... Progress: 41730/114400 (36.5%)
2026/05/15 02:41:29    ... Progress: 42349/114400 (37.0%)
2026/05/15 02:41:34    ... Progress: 42854/114400 (37.5%)
2026/05/15 02:41:39    ... Progress: 43451/114400 (38.0%)
2026/05/15 02:41:44    ... Progress: 44006/114400 (38.5%)
2026/05/15 02:41:49    ... Progress: 44524/114400 (38.9%)
2026/05/15 02:41:55    ... Progress: 45255/114400 (39.6%)
2026/05/15 02:41:59    ... Progress: 45713/114400 (40.0%)
2026/05/15 02:42:04    ... Progress: 46254/114400 (40.4%)
2026/05/15 02:42:09    ... Progress: 46873/114400 (41.0%)
2026/05/15 02:42:14    ... Progress: 47419/114400 (41.5%)
2026/05/15 02:42:19    ... Progress: 47986/114400 (41.9%)
2026/05/15 02:42:24    ... Progress: 48547/114400 (42.4%)
2026/05/15 02:42:29    ... Progress: 49106/114400 (42.9%)
2026/05/15 02:42:34    ... Progress: 49708/114400 (43.5%)
2026/05/15 02:42:39    ... Progress: 50233/114400 (43.9%)
2026/05/15 02:42:44    ... Progress: 50771/114400 (44.4%)
2026/05/15 02:42:49    ... Progress: 51382/114400 (44.9%)
2026/05/15 02:42:54    ... Progress: 51943/114400 (45.4%)
2026/05/15 02:42:59    ... Progress: 52288/114400 (45.7%)
2026/05/15 02:43:04    ... Progress: 52682/114400 (46.1%)
2026/05/15 02:43:09    ... Progress: 53289/114400 (46.6%)
2026/05/15 02:43:14    ... Progress: 53804/114400 (47.0%)
2026/05/15 02:43:19    ... Progress: 54362/114400 (47.5%)
2026/05/15 02:43:24    ... Progress: 54990/114400 (48.1%)
2026/05/15 02:43:29    ... Progress: 55490/114400 (48.5%)
2026/05/15 02:43:34    ... Progress: 56093/114400 (49.0%)
2026/05/15 02:43:39    ... Progress: 56662/114400 (49.5%)
2026/05/15 02:43:44    ... Progress: 57215/114400 (50.0%)
2026/05/15 02:43:49    ... Progress: 57827/114400 (50.5%)
2026/05/15 02:43:54    ... Progress: 58345/114400 (51.0%)
2026/05/15 02:43:59    ... Progress: 58900/114400 (51.5%)
2026/05/15 02:44:04    ... Progress: 59495/114400 (52.0%)
2026/05/15 02:44:09    ... Progress: 60051/114400 (52.5%)
2026/05/15 02:44:14    ... Progress: 60686/114400 (53.0%)
2026/05/15 02:44:19    ... Progress: 61217/114400 (53.5%)
2026/05/15 02:44:24    ... Progress: 61720/114400 (54.0%)
2026/05/15 02:44:29    ... Progress: 62345/114400 (54.5%)
2026/05/15 02:44:34    ... Progress: 62859/114400 (54.9%)
2026/05/15 02:44:39    ... Progress: 63414/114400 (55.4%)
2026/05/15 02:44:44    ... Progress: 64000/114400 (55.9%)
2026/05/15 02:44:49    ... Progress: 64517/114400 (56.4%)
2026/05/15 02:44:54    ... Progress: 65135/114400 (56.9%)
2026/05/15 02:44:59    ... Progress: 65662/114400 (57.4%)
2026/05/15 02:45:04    ... Progress: 66202/114400 (57.9%)
2026/05/15 02:45:09    ... Progress: 66809/114400 (58.4%)
2026/05/15 02:45:14    ... Progress: 67368/114400 (58.9%)
2026/05/15 02:45:19    ... Progress: 67942/114400 (59.4%)
2026/05/15 02:45:24    ... Progress: 68538/114400 (59.9%)
2026/05/15 02:45:29    ... Progress: 69079/114400 (60.4%)
2026/05/15 02:45:34    ... Progress: 69682/114400 (60.9%)
2026/05/15 02:45:39    ... Progress: 70209/114400 (61.4%)
2026/05/15 02:45:44    ... Progress: 70750/114400 (61.8%)
2026/05/15 02:45:49    ... Progress: 71363/114400 (62.4%)
2026/05/15 02:45:54    ... Progress: 71884/114400 (62.8%)
2026/05/15 02:45:59    ... Progress: 72473/114400 (63.4%)
2026/05/15 02:46:04    ... Progress: 73039/114400 (63.8%)
2026/05/15 02:46:09    ... Progress: 73555/114400 (64.3%)
2026/05/15 02:46:14    ... Progress: 74187/114400 (64.8%)
2026/05/15 02:46:19    ... Progress: 74707/114400 (65.3%)
2026/05/15 02:46:24    ... Progress: 75269/114400 (65.8%)
2026/05/15 02:46:29    ... Progress: 75893/114400 (66.3%)
2026/05/15 02:46:34    ... Progress: 76403/114400 (66.8%)
2026/05/15 02:46:39    ... Progress: 76998/114400 (67.3%)
2026/05/15 02:46:44    ... Progress: 77554/114400 (67.8%)
2026/05/15 02:46:49    ... Progress: 78115/114400 (68.3%)
2026/05/15 02:46:54    ... Progress: 78731/114400 (68.8%)
2026/05/15 02:46:59    ... Progress: 79251/114400 (69.3%)
2026/05/15 02:47:04    ... Progress: 79813/114400 (69.8%)
2026/05/15 02:47:09    ... Progress: 80438/114400 (70.3%)
2026/05/15 02:47:14    ... Progress: 80941/114400 (70.8%)
2026/05/15 02:47:19    ... Progress: 81543/114400 (71.3%)
2026/05/15 02:47:24    ... Progress: 82097/114400 (71.8%)
2026/05/15 02:47:29    ... Progress: 82661/114400 (72.3%)
2026/05/15 02:47:34    ... Progress: 83275/114400 (72.8%)
2026/05/15 02:47:39    ... Progress: 83838/114400 (73.3%)
2026/05/15 02:47:44    ... Progress: 84361/114400 (73.7%)
2026/05/15 02:47:49    ... Progress: 84968/114400 (74.3%)
2026/05/15 02:47:54    ... Progress: 85531/114400 (74.8%)
2026/05/15 02:47:59    ... Progress: 86105/114400 (75.3%)
2026/05/15 02:48:04    ... Progress: 86709/114400 (75.8%)
2026/05/15 02:48:09    ... Progress: 87207/114400 (76.2%)
2026/05/15 02:48:14    ... Progress: 87836/114400 (76.8%)
2026/05/15 02:48:19    ... Progress: 88406/114400 (77.3%)
2026/05/15 02:48:24    ... Progress: 88939/114400 (77.7%)
2026/05/15 02:48:29    ... Progress: 89562/114400 (78.3%)
2026/05/15 02:48:34    ... Progress: 90122/114400 (78.8%)
2026/05/15 02:48:39    ... Progress: 90667/114400 (79.3%)
2026/05/15 02:48:44    ... Progress: 91250/114400 (79.8%)
2026/05/15 02:48:49    ... Progress: 91768/114400 (80.2%)
2026/05/15 02:48:54    ... Progress: 92393/114400 (80.8%)
2026/05/15 02:48:59    ... Progress: 92921/114400 (81.2%)
2026/05/15 02:49:04    ... Progress: 93482/114400 (81.7%)
2026/05/15 02:49:09    ... Progress: 94102/114400 (82.3%)
2026/05/15 02:49:14    ... Progress: 94654/114400 (82.7%)
2026/05/15 02:49:19    ... Progress: 95207/114400 (83.2%)
2026/05/15 02:49:24    ... Progress: 95829/114400 (83.8%)
2026/05/15 02:49:29    ... Progress: 96328/114400 (84.2%)
2026/05/15 02:49:34    ... Progress: 96947/114400 (84.7%)
2026/05/15 02:49:39    ... Progress: 97523/114400 (85.2%)
2026/05/15 02:49:44    ... Progress: 98036/114400 (85.7%)
2026/05/15 02:49:49    ... Progress: 98660/114400 (86.2%)
2026/05/15 02:49:54    ... Progress: 99176/114400 (86.7%)
2026/05/15 02:49:59    ... Progress: 99750/114400 (87.2%)
2026/05/15 02:50:04    ... Progress: 100376/114400 (87.7%)
2026/05/15 02:50:09    ... Progress: 100877/114400 (88.2%)
2026/05/15 02:50:14    ... Progress: 101492/114400 (88.7%)
2026/05/15 02:50:19    ... Progress: 102030/114400 (89.2%)
2026/05/15 02:50:24    ... Progress: 102568/114400 (89.7%)
2026/05/15 02:50:29    ... Progress: 103186/114400 (90.2%)
2026/05/15 02:50:34    ... Progress: 103712/114400 (90.7%)
2026/05/15 02:50:39    ... Progress: 104299/114400 (91.2%)
2026/05/15 02:50:44    ... Progress: 104860/114400 (91.7%)
2026/05/15 02:50:49    ... Progress: 105422/114400 (92.2%)
2026/05/15 02:50:54    ... Progress: 106024/114400 (92.7%)
2026/05/15 02:50:59    ... Progress: 106552/114400 (93.1%)
2026/05/15 02:51:04    ... Progress: 107002/114400 (93.5%)
2026/05/15 02:51:09    ... Progress: 107410/114400 (93.9%)
2026/05/15 02:51:14    ... Progress: 107941/114400 (94.4%)
2026/05/15 02:51:19    ... Progress: 108534/114400 (94.9%)
2026/05/15 02:51:24    ... Progress: 109059/114400 (95.3%)
2026/05/15 02:51:29    ... Progress: 109676/114400 (95.9%)
2026/05/15 02:51:34    ... Progress: 110219/114400 (96.3%)
2026/05/15 02:51:39    ... Progress: 110748/114400 (96.8%)
2026/05/15 02:51:44    ... Progress: 111372/114400 (97.4%)
2026/05/15 02:51:49    ... Progress: 111889/114400 (97.8%)
2026/05/15 02:51:54    ... Progress: 112463/114400 (98.3%)
2026/05/15 02:51:59    ... Progress: 113090/114400 (98.9%)
2026/05/15 02:52:04    ... Progress: 113591/114400 (99.3%)
2026/05/15 02:52:09    ... Progress: 114207/114400 (99.8%)

LE-PSI Performance Report (Parallelized)
==================================================
CPU Cores Used: 4
Total Execution Time: 16m51.941423921s
Key Generation Time: 0s (0.0%)
Hashing Time: 0s (0.0%)
Witness Generation Time: 0s (0.0%)
Intersection Detection Time: 16m51.941411937s (100.0%)
Throughput: 113.05 operations/second
Parallel Efficiency: 4.0x speedup potential
==================================================
2026/05/15 02:52:11 [shard 2] intersection done: 0 matches in 1012.6s
