2026/05/15 02:25:30 LE-PSI shard server starting on :8081 (GOMAXPROCS=4)
2026/05/15 02:27:27 [shard 1] /init received: 572 records
Setting up LE with Parameters Q = 180143985094819841 qBits = 58 D = 256 N = 4
Successfully initialized the LE parameters:
 - Security Level: Fast Evaluation (Low Security)
 - Ring Dimension: 256
 - Modulus Q: 180143985094819841
 - Matrix Dimension N: 4
 - qBits: 58
 - Layers: 14 (slots = 16384)
 - Load Factor: 0.034912 (items/slot)
 - Estimated Collision Probability: 9.999539e-01
2026/05/15 02:27:27 🚀 Auto-Tuned: 4 cores detected, 80.0 GB RAM available → 4 workers for 572 records (est. RAM: 20.0 GB)
       💾 Loading Merkle Tree into RAM for fast witness generation...
       ✓ Tree loaded in 131.604717ms
2026/05/15 02:31:14 🚀 Auto-Tuned: 4 cores detected, 80.0 GB RAM available → 4 workers for 572 records (est. RAM: 20.0 GB)

LE-PSI Performance Report (Parallelized)
==================================================
CPU Cores Used: 4
Total Execution Time: 4m2.844017603s
Key Generation Time: 2.671047264s (1.1%)
Hashing Time: 0s (0.0%)
Witness Generation Time: 16.212174511s (6.7%)
Intersection Detection Time: 0s (0.0%)
==================================================
2026/05/15 02:31:30 [shard 1] init done in 242.9s
2026/05/15 02:35:13 [shard 1] /intersect: 200 ciphertexts vs 572 records
2026/05/15 02:35:17 🚀 Auto-Tuned: 4 cores detected, 80.0 GB RAM available → 4 workers for 572 records (est. RAM: 20.0 GB)
2026/05/15 02:35:22    ... Progress: 569/114400 (0.5%)
2026/05/15 02:35:27    ... Progress: 1030/114400 (0.9%)
2026/05/15 02:35:32    ... Progress: 1627/114400 (1.4%)
2026/05/15 02:35:37    ... Progress: 2219/114400 (1.9%)
2026/05/15 02:35:42    ... Progress: 2766/114400 (2.4%)
2026/05/15 02:35:47    ... Progress: 3383/114400 (3.0%)
2026/05/15 02:35:52    ... Progress: 3964/114400 (3.5%)
2026/05/15 02:35:57    ... Progress: 4517/114400 (3.9%)
2026/05/15 02:36:02    ... Progress: 5147/114400 (4.5%)
2026/05/15 02:36:07    ... Progress: 5674/114400 (5.0%)
2026/05/15 02:36:12    ... Progress: 6243/114400 (5.5%)
2026/05/15 02:36:17    ... Progress: 6880/114400 (6.0%)
2026/05/15 02:36:22    ... Progress: 7384/114400 (6.5%)
2026/05/15 02:36:27    ... Progress: 7970/114400 (7.0%)
2026/05/15 02:36:32    ... Progress: 8557/114400 (7.5%)
2026/05/15 02:36:37    ... Progress: 9092/114400 (7.9%)
2026/05/15 02:36:42    ... Progress: 9706/114400 (8.5%)
2026/05/15 02:36:47    ... Progress: 10262/114400 (9.0%)
2026/05/15 02:36:52    ... Progress: 10800/114400 (9.4%)
2026/05/15 02:36:57    ... Progress: 11443/114400 (10.0%)
2026/05/15 02:37:02    ... Progress: 12015/114400 (10.5%)
2026/05/15 02:37:07    ... Progress: 12550/114400 (11.0%)
2026/05/15 02:37:12    ... Progress: 13177/114400 (11.5%)
2026/05/15 02:37:17    ... Progress: 13708/114400 (12.0%)
2026/05/15 02:37:22    ... Progress: 14289/114400 (12.5%)
2026/05/15 02:37:27    ... Progress: 14889/114400 (13.0%)
2026/05/15 02:37:32    ... Progress: 15423/114400 (13.5%)
2026/05/15 02:37:37    ... Progress: 16044/114400 (14.0%)
2026/05/15 02:37:42    ... Progress: 16640/114400 (14.5%)
2026/05/15 02:37:47    ... Progress: 17194/114400 (15.0%)
2026/05/15 02:37:53    ... Progress: 17902/114400 (15.6%)
2026/05/15 02:37:57    ... Progress: 18344/114400 (16.0%)
2026/05/15 02:38:02    ... Progress: 18912/114400 (16.5%)
2026/05/15 02:38:07    ... Progress: 19541/114400 (17.1%)
2026/05/15 02:38:12    ... Progress: 20057/114400 (17.5%)
2026/05/15 02:38:17    ... Progress: 20636/114400 (18.0%)
2026/05/15 02:38:22    ... Progress: 21264/114400 (18.6%)
2026/05/15 02:38:27    ... Progress: 21770/114400 (19.0%)
2026/05/15 02:38:32    ... Progress: 22383/114400 (19.6%)
2026/05/15 02:38:37    ... Progress: 22956/114400 (20.1%)
2026/05/15 02:38:42    ... Progress: 23503/114400 (20.5%)
2026/05/15 02:38:47    ... Progress: 24123/114400 (21.1%)
2026/05/15 02:38:52    ... Progress: 24687/114400 (21.6%)
2026/05/15 02:38:57    ... Progress: 25241/114400 (22.1%)
2026/05/15 02:39:02    ... Progress: 25870/114400 (22.6%)
2026/05/15 02:39:07    ... Progress: 26391/114400 (23.1%)
2026/05/15 02:39:12    ... Progress: 26966/114400 (23.6%)
2026/05/15 02:39:17    ... Progress: 27598/114400 (24.1%)
2026/05/15 02:39:22    ... Progress: 28149/114400 (24.6%)
2026/05/15 02:39:27    ... Progress: 28742/114400 (25.1%)
2026/05/15 02:39:32    ... Progress: 29300/114400 (25.6%)
2026/05/15 02:39:37    ... Progress: 29829/114400 (26.1%)
2026/05/15 02:39:42    ... Progress: 30337/114400 (26.5%)
2026/05/15 02:39:47    ... Progress: 30465/114400 (26.6%)
2026/05/15 02:39:52    ... Progress: 30858/114400 (27.0%)
2026/05/15 02:39:57    ... Progress: 31461/114400 (27.5%)
2026/05/15 02:40:02    ... Progress: 32061/114400 (28.0%)
2026/05/15 02:40:07    ... Progress: 32568/114400 (28.5%)
2026/05/15 02:40:12    ... Progress: 33189/114400 (29.0%)
2026/05/15 02:40:17    ... Progress: 33719/114400 (29.5%)
2026/05/15 02:40:22    ... Progress: 34259/114400 (29.9%)
2026/05/15 02:40:27    ... Progress: 34874/114400 (30.5%)
2026/05/15 02:40:32    ... Progress: 35394/114400 (30.9%)
2026/05/15 02:40:37    ... Progress: 35976/114400 (31.4%)
2026/05/15 02:40:42    ... Progress: 36558/114400 (32.0%)
2026/05/15 02:40:47    ... Progress: 37073/114400 (32.4%)
2026/05/15 02:40:52    ... Progress: 37699/114400 (33.0%)
2026/05/15 02:40:57    ... Progress: 38278/114400 (33.5%)
2026/05/15 02:41:02    ... Progress: 38795/114400 (33.9%)
2026/05/15 02:41:07    ... Progress: 39423/114400 (34.5%)
2026/05/15 02:41:12    ... Progress: 39946/114400 (34.9%)
2026/05/15 02:41:17    ... Progress: 40516/114400 (35.4%)
2026/05/15 02:41:22    ... Progress: 41114/114400 (35.9%)
2026/05/15 02:41:27    ... Progress: 41678/114400 (36.4%)
2026/05/15 02:41:32    ... Progress: 42272/114400 (37.0%)
2026/05/15 02:41:37    ... Progress: 42823/114400 (37.4%)
2026/05/15 02:41:42    ... Progress: 43391/114400 (37.9%)
2026/05/15 02:41:47    ... Progress: 44010/114400 (38.5%)
2026/05/15 02:41:52    ... Progress: 44532/114400 (38.9%)
2026/05/15 02:41:57    ... Progress: 45100/114400 (39.4%)
2026/05/15 02:42:02    ... Progress: 45725/114400 (40.0%)
2026/05/15 02:42:07    ... Progress: 46238/114400 (40.4%)
2026/05/15 02:42:12    ... Progress: 46835/114400 (40.9%)
2026/05/15 02:42:17    ... Progress: 47397/114400 (41.4%)
2026/05/15 02:42:22    ... Progress: 47953/114400 (41.9%)
2026/05/15 02:42:27    ... Progress: 48567/114400 (42.5%)
2026/05/15 02:42:32    ... Progress: 49086/114400 (42.9%)
2026/05/15 02:42:37    ... Progress: 49637/114400 (43.4%)
2026/05/15 02:42:42    ... Progress: 50250/114400 (43.9%)
2026/05/15 02:42:47    ... Progress: 50773/114400 (44.4%)
2026/05/15 02:42:52    ... Progress: 51371/114400 (44.9%)
2026/05/15 02:42:57    ... Progress: 51937/114400 (45.4%)
2026/05/15 02:43:02    ... Progress: 52503/114400 (45.9%)
2026/05/15 02:43:07    ... Progress: 53111/114400 (46.4%)
2026/05/15 02:43:12    ... Progress: 53688/114400 (46.9%)
2026/05/15 02:43:17    ... Progress: 54235/114400 (47.4%)
2026/05/15 02:43:22    ... Progress: 54856/114400 (48.0%)
2026/05/15 02:43:27    ... Progress: 55420/114400 (48.4%)
2026/05/15 02:43:32    ... Progress: 55966/114400 (48.9%)
2026/05/15 02:43:37    ... Progress: 56595/114400 (49.5%)
2026/05/15 02:43:42    ... Progress: 57108/114400 (49.9%)
2026/05/15 02:43:47    ... Progress: 57708/114400 (50.4%)
2026/05/15 02:43:52    ... Progress: 57919/114400 (50.6%)
2026/05/15 02:43:57    ... Progress: 58013/114400 (50.7%)
2026/05/15 02:44:02    ... Progress: 58108/114400 (50.8%)
2026/05/15 02:44:07    ... Progress: 58427/114400 (51.1%)
2026/05/15 02:44:12    ... Progress: 58932/114400 (51.5%)
2026/05/15 02:44:17    ... Progress: 59516/114400 (52.0%)
2026/05/15 02:44:22    ... Progress: 60128/114400 (52.6%)
2026/05/15 02:44:27    ... Progress: 60634/114400 (53.0%)
2026/05/15 02:44:32    ... Progress: 61251/114400 (53.5%)
2026/05/15 02:44:37    ... Progress: 61790/114400 (54.0%)
2026/05/15 02:44:42    ... Progress: 62326/114400 (54.5%)
2026/05/15 02:44:47    ... Progress: 62953/114400 (55.0%)
2026/05/15 02:44:52    ... Progress: 63523/114400 (55.5%)
2026/05/15 02:44:57    ... Progress: 64065/114400 (56.0%)
2026/05/15 02:45:02    ... Progress: 64669/114400 (56.5%)
2026/05/15 02:45:07    ... Progress: 65188/114400 (57.0%)
2026/05/15 02:45:12    ... Progress: 65804/114400 (57.5%)
2026/05/15 02:45:17    ... Progress: 66351/114400 (58.0%)
2026/05/15 02:45:22    ... Progress: 66883/114400 (58.5%)
2026/05/15 02:45:27    ... Progress: 67513/114400 (59.0%)
2026/05/15 02:45:32    ... Progress: 68036/114400 (59.5%)
2026/05/15 02:45:37    ... Progress: 68598/114400 (60.0%)
2026/05/15 02:45:42    ... Progress: 69200/114400 (60.5%)
2026/05/15 02:45:47    ... Progress: 69766/114400 (61.0%)
2026/05/15 02:45:52    ... Progress: 70351/114400 (61.5%)
2026/05/15 02:45:57    ... Progress: 70908/114400 (62.0%)
2026/05/15 02:46:02    ... Progress: 71432/114400 (62.4%)
2026/05/15 02:46:07    ... Progress: 71997/114400 (62.9%)
2026/05/15 02:46:12    ... Progress: 72561/114400 (63.4%)
2026/05/15 02:46:17    ... Progress: 73110/114400 (63.9%)
2026/05/15 02:46:22    ... Progress: 73741/114400 (64.5%)
2026/05/15 02:46:27    ... Progress: 74289/114400 (64.9%)
2026/05/15 02:46:32    ... Progress: 74879/114400 (65.5%)
2026/05/15 02:46:37    ... Progress: 75432/114400 (65.9%)
2026/05/15 02:46:42    ... Progress: 75957/114400 (66.4%)
2026/05/15 02:46:47    ... Progress: 76594/114400 (67.0%)
2026/05/15 02:46:52    ... Progress: 77120/114400 (67.4%)
2026/05/15 02:46:57    ... Progress: 77674/114400 (67.9%)
2026/05/15 02:47:02    ... Progress: 78285/114400 (68.4%)
2026/05/15 02:47:07    ... Progress: 78852/114400 (68.9%)
2026/05/15 02:47:12    ... Progress: 79433/114400 (69.4%)
2026/05/15 02:47:17    ... Progress: 79996/114400 (69.9%)
2026/05/15 02:47:22    ... Progress: 80564/114400 (70.4%)
2026/05/15 02:47:27    ... Progress: 81176/114400 (71.0%)
2026/05/15 02:47:32    ... Progress: 81750/114400 (71.5%)
2026/05/15 02:47:37    ... Progress: 82270/114400 (71.9%)
2026/05/15 02:47:42    ... Progress: 82899/114400 (72.5%)
2026/05/15 02:47:47    ... Progress: 83464/114400 (73.0%)
2026/05/15 02:47:52    ... Progress: 84006/114400 (73.4%)
2026/05/15 02:47:57    ... Progress: 84608/114400 (74.0%)
2026/05/15 02:48:02    ... Progress: 85128/114400 (74.4%)
2026/05/15 02:48:07    ... Progress: 85737/114400 (74.9%)
2026/05/15 02:48:12    ... Progress: 86317/114400 (75.5%)
2026/05/15 02:48:17    ... Progress: 86817/114400 (75.9%)
2026/05/15 02:48:22    ... Progress: 87453/114400 (76.4%)
2026/05/15 02:48:27    ... Progress: 88016/114400 (76.9%)
2026/05/15 02:48:32    ... Progress: 88551/114400 (77.4%)
2026/05/15 02:48:37    ... Progress: 89160/114400 (77.9%)
2026/05/15 02:48:42    ... Progress: 89684/114400 (78.4%)
2026/05/15 02:48:47    ... Progress: 90285/114400 (78.9%)
2026/05/15 02:48:52    ... Progress: 90884/114400 (79.4%)
2026/05/15 02:48:57    ... Progress: 91435/114400 (79.9%)
2026/05/15 02:49:02    ... Progress: 92039/114400 (80.5%)
2026/05/15 02:49:07    ... Progress: 92581/114400 (80.9%)
2026/05/15 02:49:12    ... Progress: 93118/114400 (81.4%)
2026/05/15 02:49:17    ... Progress: 93744/114400 (81.9%)
2026/05/15 02:49:22    ... Progress: 94267/114400 (82.4%)
2026/05/15 02:49:27    ... Progress: 94837/114400 (82.9%)
2026/05/15 02:49:32    ... Progress: 95471/114400 (83.5%)
2026/05/15 02:49:37    ... Progress: 95979/114400 (83.9%)
2026/05/15 02:49:42    ... Progress: 96595/114400 (84.4%)
2026/05/15 02:49:47    ... Progress: 97186/114400 (85.0%)
2026/05/15 02:49:52    ... Progress: 97691/114400 (85.4%)
2026/05/15 02:49:57    ... Progress: 98321/114400 (85.9%)
2026/05/15 02:50:02    ... Progress: 98887/114400 (86.4%)
2026/05/15 02:50:07    ... Progress: 99354/114400 (86.8%)
2026/05/15 02:50:12    ... Progress: 99415/114400 (86.9%)
2026/05/15 02:50:17    ... Progress: 99515/114400 (87.0%)
2026/05/15 02:50:22    ... Progress: 100082/114400 (87.5%)
2026/05/15 02:50:27    ... Progress: 100588/114400 (87.9%)
2026/05/15 02:50:32    ... Progress: 101154/114400 (88.4%)
2026/05/15 02:50:37    ... Progress: 101782/114400 (89.0%)
2026/05/15 02:50:42    ... Progress: 102338/114400 (89.5%)
2026/05/15 02:50:47    ... Progress: 102884/114400 (89.9%)
2026/05/15 02:50:52    ... Progress: 103509/114400 (90.5%)
2026/05/15 02:50:57    ... Progress: 104063/114400 (91.0%)
2026/05/15 02:51:02    ... Progress: 104626/114400 (91.5%)
2026/05/15 02:51:07    ... Progress: 105250/114400 (92.0%)
2026/05/15 02:51:12    ... Progress: 105757/114400 (92.4%)
2026/05/15 02:51:17    ... Progress: 106371/114400 (93.0%)
2026/05/15 02:51:22    ... Progress: 106923/114400 (93.5%)
2026/05/15 02:51:27    ... Progress: 107491/114400 (94.0%)
2026/05/15 02:51:32    ... Progress: 108110/114400 (94.5%)
2026/05/15 02:51:37    ... Progress: 108635/114400 (95.0%)
2026/05/15 02:51:42    ... Progress: 109189/114400 (95.4%)
2026/05/15 02:51:47    ... Progress: 109801/114400 (96.0%)
2026/05/15 02:51:52    ... Progress: 110368/114400 (96.5%)
2026/05/15 02:51:57    ... Progress: 110941/114400 (97.0%)
2026/05/15 02:52:02    ... Progress: 111550/114400 (97.5%)
2026/05/15 02:52:07    ... Progress: 112096/114400 (98.0%)
2026/05/15 02:52:12    ... Progress: 112692/114400 (98.5%)
2026/05/15 02:52:17    ... Progress: 113236/114400 (99.0%)
2026/05/15 02:52:22    ... Progress: 113534/114400 (99.2%)
2026/05/15 02:52:27    ... Progress: 114091/114400 (99.7%)

LE-PSI Performance Report (Parallelized)
==================================================
CPU Cores Used: 4
Total Execution Time: 17m12.536925158s
Key Generation Time: 0s (0.0%)
Hashing Time: 0s (0.0%)
Witness Generation Time: 0s (0.0%)
Intersection Detection Time: 17m12.536854206s (100.0%)
Throughput: 110.80 operations/second
Parallel Efficiency: 4.0x speedup potential
==================================================
2026/05/15 02:52:30 [shard 1] intersection done: 0 matches in 1033.2s
