2026/05/15 02:27:14 LE-PSI shard server starting on :8081 (GOMAXPROCS=4)
2026/05/15 02:27:27 [shard 6] /init received: 568 records
Setting up LE with Parameters Q = 180143985094819841 qBits = 58 D = 256 N = 4
Successfully initialized the LE parameters:
 - Security Level: Fast Evaluation (Low Security)
 - Ring Dimension: 256
 - Modulus Q: 180143985094819841
 - Matrix Dimension N: 4
 - qBits: 58
 - Layers: 14 (slots = 16384)
 - Load Factor: 0.034668 (items/slot)
 - Estimated Collision Probability: 9.999470e-01
2026/05/15 02:27:28 🚀 Auto-Tuned: 4 cores detected, 80.0 GB RAM available → 4 workers for 568 records (est. RAM: 19.9 GB)
       💾 Loading Merkle Tree into RAM for fast witness generation...
       ✓ Tree loaded in 97.052944ms
2026/05/15 02:31:45 🚀 Auto-Tuned: 4 cores detected, 80.0 GB RAM available → 4 workers for 568 records (est. RAM: 19.9 GB)

LE-PSI Performance Report (Parallelized)
==================================================
CPU Cores Used: 4
Total Execution Time: 4m34.223697471s
Key Generation Time: 2.636695975s (1.0%)
Hashing Time: 0s (0.0%)
Witness Generation Time: 16.142199066s (5.9%)
Intersection Detection Time: 0s (0.0%)
==================================================
2026/05/15 02:32:02 [shard 6] init done in 274.2s
2026/05/15 02:35:24 [shard 6] /intersect: 200 ciphertexts vs 568 records
2026/05/15 02:35:32 🚀 Auto-Tuned: 4 cores detected, 80.0 GB RAM available → 4 workers for 568 records (est. RAM: 19.9 GB)
2026/05/15 02:35:37    ... Progress: 342/113600 (0.3%)
2026/05/15 02:35:42    ... Progress: 746/113600 (0.7%)
2026/05/15 02:35:47    ... Progress: 1246/113600 (1.1%)
2026/05/15 02:35:52    ... Progress: 1749/113600 (1.5%)
2026/05/15 02:35:57    ... Progress: 2353/113600 (2.1%)
2026/05/15 02:36:02    ... Progress: 2844/113600 (2.5%)
2026/05/15 02:36:07    ... Progress: 3432/113600 (3.0%)
2026/05/15 02:36:12    ... Progress: 4050/113600 (3.6%)
2026/05/15 02:36:17    ... Progress: 4564/113600 (4.0%)
2026/05/15 02:36:22    ... Progress: 5184/113600 (4.6%)
2026/05/15 02:36:27    ... Progress: 5737/113600 (5.1%)
2026/05/15 02:36:32    ... Progress: 6258/113600 (5.5%)
2026/05/15 02:36:37    ... Progress: 6888/113600 (6.1%)
2026/05/15 02:36:42    ... Progress: 7418/113600 (6.5%)
2026/05/15 02:36:47    ... Progress: 7988/113600 (7.0%)
2026/05/15 02:36:52    ... Progress: 8626/113600 (7.6%)
2026/05/15 02:36:57    ... Progress: 9182/113600 (8.1%)
2026/05/15 02:37:02    ... Progress: 9757/113600 (8.6%)
2026/05/15 02:37:07    ... Progress: 10372/113600 (9.1%)
2026/05/15 02:37:12    ... Progress: 10887/113600 (9.6%)
2026/05/15 02:37:17    ... Progress: 11505/113600 (10.1%)
2026/05/15 02:37:22    ... Progress: 12051/113600 (10.6%)
2026/05/15 02:37:27    ... Progress: 12587/113600 (11.1%)
2026/05/15 02:37:32    ... Progress: 13219/113600 (11.6%)
2026/05/15 02:37:37    ... Progress: 13742/113600 (12.1%)
2026/05/15 02:37:42    ... Progress: 14301/113600 (12.6%)
2026/05/15 02:37:47    ... Progress: 14912/113600 (13.1%)
2026/05/15 02:37:52    ... Progress: 15440/113600 (13.6%)
2026/05/15 02:37:57    ... Progress: 16037/113600 (14.1%)
2026/05/15 02:38:02    ... Progress: 16608/113600 (14.6%)
2026/05/15 02:38:07    ... Progress: 17174/113600 (15.1%)
2026/05/15 02:38:12    ... Progress: 17843/113600 (15.7%)
2026/05/15 02:38:17    ... Progress: 18307/113600 (16.1%)
2026/05/15 02:38:22    ... Progress: 18848/113600 (16.6%)
2026/05/15 02:38:27    ... Progress: 19462/113600 (17.1%)
2026/05/15 02:38:32    ... Progress: 19981/113600 (17.6%)
2026/05/15 02:38:37    ... Progress: 20558/113600 (18.1%)
2026/05/15 02:38:42    ... Progress: 21131/113600 (18.6%)
2026/05/15 02:38:47    ... Progress: 21693/113600 (19.1%)
2026/05/15 02:38:52    ... Progress: 22287/113600 (19.6%)
2026/05/15 02:38:57    ... Progress: 22834/113600 (20.1%)
2026/05/15 02:39:02    ... Progress: 23364/113600 (20.6%)
2026/05/15 02:39:07    ... Progress: 23992/113600 (21.1%)
2026/05/15 02:39:12    ... Progress: 24554/113600 (21.6%)
2026/05/15 02:39:17    ... Progress: 25096/113600 (22.1%)
2026/05/15 02:39:22    ... Progress: 25721/113600 (22.6%)
2026/05/15 02:39:27    ... Progress: 26274/113600 (23.1%)
2026/05/15 02:39:32    ... Progress: 26840/113600 (23.6%)
2026/05/15 02:39:37    ... Progress: 27406/113600 (24.1%)
2026/05/15 02:39:42    ... Progress: 27926/113600 (24.6%)
2026/05/15 02:39:47    ... Progress: 28551/113600 (25.1%)
2026/05/15 02:39:52    ... Progress: 29078/113600 (25.6%)
2026/05/15 02:39:57    ... Progress: 29618/113600 (26.1%)
2026/05/15 02:40:02    ... Progress: 30232/113600 (26.6%)
2026/05/15 02:40:07    ... Progress: 30791/113600 (27.1%)
2026/05/15 02:40:12    ... Progress: 31343/113600 (27.6%)
2026/05/15 02:40:17    ... Progress: 31921/113600 (28.1%)
2026/05/15 02:40:22    ... Progress: 32460/113600 (28.6%)
2026/05/15 02:40:27    ... Progress: 33062/113600 (29.1%)
2026/05/15 02:40:32    ... Progress: 33588/113600 (29.6%)
2026/05/15 02:40:37    ... Progress: 34122/113600 (30.0%)
2026/05/15 02:40:42    ... Progress: 34734/113600 (30.6%)
2026/05/15 02:40:47    ... Progress: 35252/113600 (31.0%)
2026/05/15 02:40:52    ... Progress: 35848/113600 (31.6%)
2026/05/15 02:40:57    ... Progress: 36446/113600 (32.1%)
2026/05/15 02:41:02    ... Progress: 36989/113600 (32.6%)
2026/05/15 02:41:07    ... Progress: 37656/113600 (33.1%)
2026/05/15 02:41:12    ... Progress: 38129/113600 (33.6%)
2026/05/15 02:41:17    ... Progress: 38693/113600 (34.1%)
2026/05/15 02:41:22    ... Progress: 39305/113600 (34.6%)
2026/05/15 02:41:27    ... Progress: 39863/113600 (35.1%)
2026/05/15 02:41:32    ... Progress: 40398/113600 (35.6%)
2026/05/15 02:41:37    ... Progress: 40996/113600 (36.1%)
2026/05/15 02:41:42    ... Progress: 41514/113600 (36.5%)
2026/05/15 02:41:47    ... Progress: 42119/113600 (37.1%)
2026/05/15 02:41:52    ... Progress: 42709/113600 (37.6%)
2026/05/15 02:41:57    ... Progress: 43209/113600 (38.0%)
2026/05/15 02:42:02    ... Progress: 43841/113600 (38.6%)
2026/05/15 02:42:07    ... Progress: 44408/113600 (39.1%)
2026/05/15 02:42:12    ... Progress: 44932/113600 (39.6%)
2026/05/15 02:42:17    ... Progress: 45539/113600 (40.1%)
2026/05/15 02:42:22    ... Progress: 46102/113600 (40.6%)
2026/05/15 02:42:27    ... Progress: 46668/113600 (41.1%)
2026/05/15 02:42:32    ... Progress: 47200/113600 (41.5%)
2026/05/15 02:42:37    ... Progress: 47756/113600 (42.0%)
2026/05/15 02:42:42    ... Progress: 48366/113600 (42.6%)
2026/05/15 02:42:47    ... Progress: 48884/113600 (43.0%)
2026/05/15 02:42:52    ... Progress: 49434/113600 (43.5%)
2026/05/15 02:42:57    ... Progress: 50033/113600 (44.0%)
2026/05/15 02:43:02    ... Progress: 50552/113600 (44.5%)
2026/05/15 02:43:07    ... Progress: 51152/113600 (45.0%)
2026/05/15 02:43:12    ... Progress: 51707/113600 (45.5%)
2026/05/15 02:43:17    ... Progress: 52264/113600 (46.0%)
2026/05/15 02:43:22    ... Progress: 52875/113600 (46.5%)
2026/05/15 02:43:27    ... Progress: 53400/113600 (47.0%)
2026/05/15 02:43:32    ... Progress: 53960/113600 (47.5%)
2026/05/15 02:43:37    ... Progress: 54582/113600 (48.0%)
2026/05/15 02:43:42    ... Progress: 55131/113600 (48.5%)
2026/05/15 02:43:47    ... Progress: 55684/113600 (49.0%)
2026/05/15 02:43:52    ... Progress: 56263/113600 (49.5%)
2026/05/15 02:43:57    ... Progress: 56783/113600 (50.0%)
2026/05/15 02:44:02    ... Progress: 57404/113600 (50.5%)
2026/05/15 02:44:07    ... Progress: 57934/113600 (51.0%)
2026/05/15 02:44:12    ... Progress: 58471/113600 (51.5%)
2026/05/15 02:44:17    ... Progress: 59086/113600 (52.0%)
2026/05/15 02:44:22    ... Progress: 59647/113600 (52.5%)
2026/05/15 02:44:27    ... Progress: 60198/113600 (53.0%)
2026/05/15 02:44:32    ... Progress: 60812/113600 (53.5%)
2026/05/15 02:44:37    ... Progress: 61304/113600 (54.0%)
2026/05/15 02:44:42    ... Progress: 61966/113600 (54.5%)
2026/05/15 02:44:47    ... Progress: 62497/113600 (55.0%)
2026/05/15 02:44:52    ... Progress: 63035/113600 (55.5%)
2026/05/15 02:44:57    ... Progress: 63644/113600 (56.0%)
2026/05/15 02:45:02    ... Progress: 64168/113600 (56.5%)
2026/05/15 02:45:07    ... Progress: 64720/113600 (57.0%)
2026/05/15 02:45:12    ... Progress: 65316/113600 (57.5%)
2026/05/15 02:45:17    ... Progress: 65837/113600 (58.0%)
2026/05/15 02:45:22    ... Progress: 66462/113600 (58.5%)
2026/05/15 02:45:27    ... Progress: 66992/113600 (59.0%)
2026/05/15 02:45:32    ... Progress: 67556/113600 (59.5%)
2026/05/15 02:45:37    ... Progress: 68168/113600 (60.0%)
2026/05/15 02:45:42    ... Progress: 68733/113600 (60.5%)
2026/05/15 02:45:47    ... Progress: 69277/113600 (61.0%)
2026/05/15 02:45:52    ... Progress: 69892/113600 (61.5%)
2026/05/15 02:45:57    ... Progress: 70444/113600 (62.0%)
2026/05/15 02:46:02    ... Progress: 70993/113600 (62.5%)
2026/05/15 02:46:07    ... Progress: 71619/113600 (63.0%)
2026/05/15 02:46:12    ... Progress: 72117/113600 (63.5%)
2026/05/15 02:46:17    ... Progress: 72785/113600 (64.1%)
2026/05/15 02:46:22    ... Progress: 73271/113600 (64.5%)
2026/05/15 02:46:27    ... Progress: 73833/113600 (65.0%)
2026/05/15 02:46:32    ... Progress: 74443/113600 (65.5%)
2026/05/15 02:46:37    ... Progress: 74996/113600 (66.0%)
2026/05/15 02:46:42    ... Progress: 75530/113600 (66.5%)
2026/05/15 02:46:47    ... Progress: 76127/113600 (67.0%)
2026/05/15 02:46:52    ... Progress: 76691/113600 (67.5%)
2026/05/15 02:46:57    ... Progress: 77272/113600 (68.0%)
2026/05/15 02:47:02    ... Progress: 77820/113600 (68.5%)
2026/05/15 02:47:07    ... Progress: 78384/113600 (69.0%)
2026/05/15 02:47:12    ... Progress: 78996/113600 (69.5%)
2026/05/15 02:47:17    ... Progress: 79518/113600 (70.0%)
2026/05/15 02:47:22    ... Progress: 80066/113600 (70.5%)
2026/05/15 02:47:27    ... Progress: 80675/113600 (71.0%)
2026/05/15 02:47:32    ... Progress: 81236/113600 (71.5%)
2026/05/15 02:47:37    ... Progress: 81811/113600 (72.0%)
2026/05/15 02:47:42    ... Progress: 82376/113600 (72.5%)
2026/05/15 02:47:47    ... Progress: 82897/113600 (73.0%)
2026/05/15 02:47:52    ... Progress: 83524/113600 (73.5%)
2026/05/15 02:47:57    ... Progress: 83826/113600 (73.8%)
2026/05/15 02:48:02    ... Progress: 83920/113600 (73.9%)
2026/05/15 02:48:07    ... Progress: 83997/113600 (73.9%)
2026/05/15 02:48:12    ... Progress: 84070/113600 (74.0%)
2026/05/15 02:48:17    ... Progress: 84146/113600 (74.1%)
2026/05/15 02:48:22    ... Progress: 84383/113600 (74.3%)
2026/05/15 02:48:27    ... Progress: 84610/113600 (74.5%)
2026/05/15 02:48:32    ... Progress: 85201/113600 (75.0%)
2026/05/15 02:48:37    ... Progress: 85709/113600 (75.4%)
2026/05/15 02:48:42    ... Progress: 86297/113600 (76.0%)
2026/05/15 02:48:47    ... Progress: 86863/113600 (76.5%)
2026/05/15 02:48:52    ... Progress: 87426/113600 (77.0%)
2026/05/15 02:48:57    ... Progress: 88097/113600 (77.6%)
2026/05/15 02:49:02    ... Progress: 88600/113600 (78.0%)
2026/05/15 02:49:07    ... Progress: 89106/113600 (78.4%)
2026/05/15 02:49:12    ... Progress: 89732/113600 (79.0%)
2026/05/15 02:49:17    ... Progress: 90296/113600 (79.5%)
2026/05/15 02:49:22    ... Progress: 90827/113600 (80.0%)
2026/05/15 02:49:27    ... Progress: 91434/113600 (80.5%)
2026/05/15 02:49:32    ... Progress: 91996/113600 (81.0%)
2026/05/15 02:49:37    ... Progress: 92568/113600 (81.5%)
2026/05/15 02:49:42    ... Progress: 93131/113600 (82.0%)
2026/05/15 02:49:47    ... Progress: 93692/113600 (82.5%)
2026/05/15 02:49:52    ... Progress: 94366/113600 (83.1%)
2026/05/15 02:49:57    ... Progress: 94825/113600 (83.5%)
2026/05/15 02:50:02    ... Progress: 95363/113600 (83.9%)
2026/05/15 02:50:07    ... Progress: 95978/113600 (84.5%)
2026/05/15 02:50:12    ... Progress: 96538/113600 (85.0%)
2026/05/15 02:50:17    ... Progress: 97082/113600 (85.5%)
2026/05/15 02:50:22    ... Progress: 97675/113600 (86.0%)
2026/05/15 02:50:27    ... Progress: 98192/113600 (86.4%)
2026/05/15 02:50:32    ... Progress: 98731/113600 (86.9%)
2026/05/15 02:50:37    ... Progress: 99247/113600 (87.4%)
2026/05/15 02:50:42    ... Progress: 99806/113600 (87.9%)
2026/05/15 02:50:47    ... Progress: 100433/113600 (88.4%)
2026/05/15 02:50:52    ... Progress: 100981/113600 (88.9%)
2026/05/15 02:50:57    ... Progress: 101575/113600 (89.4%)
2026/05/15 02:51:02    ... Progress: 102112/113600 (89.9%)
2026/05/15 02:51:07    ... Progress: 102676/113600 (90.4%)
2026/05/15 02:51:12    ... Progress: 103286/113600 (90.9%)
2026/05/15 02:51:17    ... Progress: 103808/113600 (91.4%)
2026/05/15 02:51:22    ... Progress: 104368/113600 (91.9%)
2026/05/15 02:51:27    ... Progress: 104990/113600 (92.4%)
2026/05/15 02:51:32    ... Progress: 105541/113600 (92.9%)
2026/05/15 02:51:37    ... Progress: 106092/113600 (93.4%)
2026/05/15 02:51:42    ... Progress: 106676/113600 (93.9%)
2026/05/15 02:51:47    ... Progress: 107240/113600 (94.4%)
2026/05/15 02:51:52    ... Progress: 107881/113600 (95.0%)
2026/05/15 02:51:57    ... Progress: 108419/113600 (95.4%)
2026/05/15 02:52:02    ... Progress: 108958/113600 (95.9%)
2026/05/15 02:52:07    ... Progress: 109571/113600 (96.5%)
2026/05/15 02:52:12    ... Progress: 110090/113600 (96.9%)
2026/05/15 02:52:17    ... Progress: 110656/113600 (97.4%)
2026/05/15 02:52:22    ... Progress: 111277/113600 (98.0%)
2026/05/15 02:52:27    ... Progress: 111783/113600 (98.4%)
2026/05/15 02:52:32    ... Progress: 112370/113600 (98.9%)
2026/05/15 02:52:37    ... Progress: 112963/113600 (99.4%)
2026/05/15 02:52:42    ... Progress: 113436/113600 (99.9%)

LE-PSI Performance Report (Parallelized)
==================================================
CPU Cores Used: 4
Total Execution Time: 17m11.348298137s
Key Generation Time: 0s (0.0%)
Hashing Time: 0s (0.0%)
Witness Generation Time: 0s (0.0%)
Intersection Detection Time: 17m11.348237897s (100.0%)
Throughput: 110.15 operations/second
Parallel Efficiency: 4.0x speedup potential
==================================================
2026/05/15 02:52:43 [shard 6] intersection done: 0 matches in 1032.0s
