2026/05/15 02:25:20 LE-PSI shard server starting on :8081 (GOMAXPROCS=4)
2026/05/15 02:27:27 [shard 0] /init received: 572 records
Setting up LE with Parameters Q = 180143985094819841 qBits = 58 D = 256 N = 4
Successfully initialized the LE parameters:
 - Security Level: Fast Evaluation (Low Security)
 - Ring Dimension: 256
 - Modulus Q: 180143985094819841
 - Matrix Dimension N: 4
 - qBits: 58
 - Layers: 14 (slots = 16384)
 - Load Factor: 0.034912 (items/slot)
 - Estimated Collision Probability: 9.999539e-01
2026/05/15 02:27:28 🚀 Auto-Tuned: 4 cores detected, 80.0 GB RAM available → 4 workers for 572 records (est. RAM: 20.0 GB)
       💾 Loading Merkle Tree into RAM for fast witness generation...
       ✓ Tree loaded in 131.898764ms
2026/05/15 02:31:33 🚀 Auto-Tuned: 4 cores detected, 80.0 GB RAM available → 4 workers for 572 records (est. RAM: 20.0 GB)

LE-PSI Performance Report (Parallelized)
==================================================
CPU Cores Used: 4
Total Execution Time: 4m22.221676723s
Key Generation Time: 2.534776442s (1.0%)
Hashing Time: 0s (0.0%)
Witness Generation Time: 16.556619963s (6.3%)
Intersection Detection Time: 0s (0.0%)
==================================================
2026/05/15 02:31:50 [shard 0] init done in 262.2s
2026/05/15 02:35:21 [shard 0] /intersect: 200 ciphertexts vs 572 records
2026/05/15 02:35:25 🚀 Auto-Tuned: 4 cores detected, 80.0 GB RAM available → 4 workers for 572 records (est. RAM: 20.0 GB)
2026/05/15 02:35:30    ... Progress: 538/114400 (0.5%)
2026/05/15 02:35:35    ... Progress: 949/114400 (0.8%)
2026/05/15 02:35:40    ... Progress: 1521/114400 (1.3%)
2026/05/15 02:35:45    ... Progress: 2026/114400 (1.8%)
2026/05/15 02:35:50    ... Progress: 2565/114400 (2.2%)
2026/05/15 02:35:55    ... Progress: 3176/114400 (2.8%)
2026/05/15 02:36:00    ... Progress: 3745/114400 (3.3%)
2026/05/15 02:36:05    ... Progress: 4329/114400 (3.8%)
2026/05/15 02:36:10    ... Progress: 4952/114400 (4.3%)
2026/05/15 02:36:15    ... Progress: 5464/114400 (4.8%)
2026/05/15 02:36:20    ... Progress: 6087/114400 (5.3%)
2026/05/15 02:36:25    ... Progress: 6651/114400 (5.8%)
2026/05/15 02:36:30    ... Progress: 7182/114400 (6.3%)
2026/05/15 02:36:35    ... Progress: 7821/114400 (6.8%)
2026/05/15 02:36:40    ... Progress: 8393/114400 (7.3%)
2026/05/15 02:36:45    ... Progress: 8953/114400 (7.8%)
2026/05/15 02:36:50    ... Progress: 9586/114400 (8.4%)
2026/05/15 02:36:55    ... Progress: 10148/114400 (8.9%)
2026/05/15 02:37:00    ... Progress: 10700/114400 (9.4%)
2026/05/15 02:37:05    ... Progress: 11336/114400 (9.9%)
2026/05/15 02:37:10    ... Progress: 11850/114400 (10.4%)
2026/05/15 02:37:15    ... Progress: 12454/114400 (10.9%)
2026/05/15 02:37:20    ... Progress: 13020/114400 (11.4%)
2026/05/15 02:37:25    ... Progress: 13547/114400 (11.8%)
2026/05/15 02:37:30    ... Progress: 14182/114400 (12.4%)
2026/05/15 02:37:35    ... Progress: 14744/114400 (12.9%)
2026/05/15 02:37:40    ... Progress: 15266/114400 (13.3%)
2026/05/15 02:37:45    ... Progress: 15870/114400 (13.9%)
2026/05/15 02:37:50    ... Progress: 16422/114400 (14.4%)
2026/05/15 02:37:55    ... Progress: 16994/114400 (14.9%)
2026/05/15 02:38:00    ... Progress: 17547/114400 (15.3%)
2026/05/15 02:38:05    ... Progress: 18108/114400 (15.8%)
2026/05/15 02:38:10    ... Progress: 18720/114400 (16.4%)
2026/05/15 02:38:15    ... Progress: 19249/114400 (16.8%)
2026/05/15 02:38:20    ... Progress: 19812/114400 (17.3%)
2026/05/15 02:38:25    ... Progress: 20436/114400 (17.9%)
2026/05/15 02:38:30    ... Progress: 20987/114400 (18.3%)
2026/05/15 02:38:35    ... Progress: 21538/114400 (18.8%)
2026/05/15 02:38:40    ... Progress: 22131/114400 (19.3%)
2026/05/15 02:38:45    ... Progress: 22646/114400 (19.8%)
2026/05/15 02:38:50    ... Progress: 23265/114400 (20.3%)
2026/05/15 02:38:55    ... Progress: 23837/114400 (20.8%)
2026/05/15 02:39:00    ... Progress: 24344/114400 (21.3%)
2026/05/15 02:39:05    ... Progress: 24966/114400 (21.8%)
2026/05/15 02:39:10    ... Progress: 25491/114400 (22.3%)
2026/05/15 02:39:15    ... Progress: 26059/114400 (22.8%)
2026/05/15 02:39:20    ... Progress: 26647/114400 (23.3%)
2026/05/15 02:39:25    ... Progress: 27211/114400 (23.8%)
2026/05/15 02:39:30    ... Progress: 27808/114400 (24.3%)
2026/05/15 02:39:35    ... Progress: 28354/114400 (24.8%)
2026/05/15 02:39:40    ... Progress: 28918/114400 (25.3%)
2026/05/15 02:39:45    ... Progress: 29537/114400 (25.8%)
2026/05/15 02:39:50    ... Progress: 30055/114400 (26.3%)
2026/05/15 02:39:55    ... Progress: 30619/114400 (26.8%)
2026/05/15 02:40:00    ... Progress: 31251/114400 (27.3%)
2026/05/15 02:40:05    ... Progress: 31801/114400 (27.8%)
2026/05/15 02:40:10    ... Progress: 32384/114400 (28.3%)
2026/05/15 02:40:15    ... Progress: 32982/114400 (28.8%)
2026/05/15 02:40:20    ... Progress: 33530/114400 (29.3%)
2026/05/15 02:40:25    ... Progress: 34138/114400 (29.8%)
2026/05/15 02:40:30    ... Progress: 34671/114400 (30.3%)
2026/05/15 02:40:35    ... Progress: 35212/114400 (30.8%)
2026/05/15 02:40:40    ... Progress: 35832/114400 (31.3%)
2026/05/15 02:40:45    ... Progress: 36355/114400 (31.8%)
2026/05/15 02:40:50    ... Progress: 36931/114400 (32.3%)
2026/05/15 02:40:55    ... Progress: 37510/114400 (32.8%)
2026/05/15 02:41:00    ... Progress: 38031/114400 (33.2%)
2026/05/15 02:41:05    ... Progress: 38658/114400 (33.8%)
2026/05/15 02:41:10    ... Progress: 39193/114400 (34.3%)
2026/05/15 02:41:15    ... Progress: 39738/114400 (34.7%)
2026/05/15 02:41:20    ... Progress: 40356/114400 (35.3%)
2026/05/15 02:41:25    ... Progress: 40926/114400 (35.8%)
2026/05/15 02:41:30    ... Progress: 41483/114400 (36.3%)
2026/05/15 02:41:35    ... Progress: 42072/114400 (36.8%)
2026/05/15 02:41:40    ... Progress: 42594/114400 (37.2%)
2026/05/15 02:41:45    ... Progress: 43228/114400 (37.8%)
2026/05/15 02:41:50    ... Progress: 43760/114400 (38.3%)
2026/05/15 02:41:55    ... Progress: 44307/114400 (38.7%)
2026/05/15 02:42:00    ... Progress: 44928/114400 (39.3%)
2026/05/15 02:42:05    ... Progress: 45456/114400 (39.7%)
2026/05/15 02:42:10    ... Progress: 46026/114400 (40.2%)
2026/05/15 02:42:15    ... Progress: 46662/114400 (40.8%)
2026/05/15 02:42:20    ... Progress: 47165/114400 (41.2%)
2026/05/15 02:42:25    ... Progress: 47778/114400 (41.8%)
2026/05/15 02:42:30    ... Progress: 48330/114400 (42.2%)
2026/05/15 02:42:35    ... Progress: 48900/114400 (42.7%)
2026/05/15 02:42:40    ... Progress: 49519/114400 (43.3%)
2026/05/15 02:42:45    ... Progress: 50046/114400 (43.7%)
2026/05/15 02:42:50    ... Progress: 50593/114400 (44.2%)
2026/05/15 02:42:55    ... Progress: 51204/114400 (44.8%)
2026/05/15 02:43:00    ... Progress: 51773/114400 (45.3%)
2026/05/15 02:43:05    ... Progress: 52349/114400 (45.8%)
2026/05/15 02:43:10    ... Progress: 52915/114400 (46.3%)
2026/05/15 02:43:15    ... Progress: 53438/114400 (46.7%)
2026/05/15 02:43:20    ... Progress: 54070/114400 (47.3%)
2026/05/15 02:43:25    ... Progress: 54644/114400 (47.8%)
2026/05/15 02:43:30    ... Progress: 55163/114400 (48.2%)
2026/05/15 02:43:35    ... Progress: 55789/114400 (48.8%)
2026/05/15 02:43:40    ... Progress: 56359/114400 (49.3%)
2026/05/15 02:43:45    ... Progress: 56910/114400 (49.7%)
2026/05/15 02:43:50    ... Progress: 57543/114400 (50.3%)
2026/05/15 02:43:55    ... Progress: 58052/114400 (50.7%)
2026/05/15 02:44:00    ... Progress: 58660/114400 (51.3%)
2026/05/15 02:44:05    ... Progress: 59218/114400 (51.8%)
2026/05/15 02:44:10    ... Progress: 59746/114400 (52.2%)
2026/05/15 02:44:15    ... Progress: 60388/114400 (52.8%)
2026/05/15 02:44:20    ... Progress: 60913/114400 (53.2%)
2026/05/15 02:44:25    ... Progress: 61471/114400 (53.7%)
2026/05/15 02:44:30    ... Progress: 62078/114400 (54.3%)
2026/05/15 02:44:35    ... Progress: 62607/114400 (54.7%)
2026/05/15 02:44:40    ... Progress: 63212/114400 (55.3%)
2026/05/15 02:44:45    ... Progress: 63773/114400 (55.7%)
2026/05/15 02:44:50    ... Progress: 64337/114400 (56.2%)
2026/05/15 02:44:55    ... Progress: 64944/114400 (56.8%)
2026/05/15 02:45:00    ... Progress: 65480/114400 (57.2%)
2026/05/15 02:45:05    ... Progress: 66022/114400 (57.7%)
2026/05/15 02:45:10    ... Progress: 66643/114400 (58.3%)
2026/05/15 02:45:15    ... Progress: 67168/114400 (58.7%)
2026/05/15 02:45:20    ... Progress: 67752/114400 (59.2%)
2026/05/15 02:45:25    ... Progress: 68323/114400 (59.7%)
2026/05/15 02:45:30    ... Progress: 68890/114400 (60.2%)
2026/05/15 02:45:35    ... Progress: 69496/114400 (60.7%)
2026/05/15 02:45:40    ... Progress: 70076/114400 (61.3%)
2026/05/15 02:45:45    ... Progress: 70590/114400 (61.7%)
2026/05/15 02:45:50    ... Progress: 71221/114400 (62.3%)
2026/05/15 02:45:55    ... Progress: 71745/114400 (62.7%)
2026/05/15 02:46:00    ... Progress: 72311/114400 (63.2%)
2026/05/15 02:46:05    ... Progress: 72908/114400 (63.7%)
2026/05/15 02:46:10    ... Progress: 73478/114400 (64.2%)
2026/05/15 02:46:15    ... Progress: 74070/114400 (64.7%)
2026/05/15 02:46:20    ... Progress: 74626/114400 (65.2%)
2026/05/15 02:46:25    ... Progress: 75151/114400 (65.7%)
2026/05/15 02:46:30    ... Progress: 75790/114400 (66.2%)
2026/05/15 02:46:35    ... Progress: 76314/114400 (66.7%)
2026/05/15 02:46:40    ... Progress: 76884/114400 (67.2%)
2026/05/15 02:46:45    ... Progress: 77518/114400 (67.8%)
2026/05/15 02:46:50    ... Progress: 78031/114400 (68.2%)
2026/05/15 02:46:55    ... Progress: 78630/114400 (68.7%)
2026/05/15 02:47:00    ... Progress: 79188/114400 (69.2%)
2026/05/15 02:47:05    ... Progress: 79712/114400 (69.7%)
2026/05/15 02:47:10    ... Progress: 80345/114400 (70.2%)
2026/05/15 02:47:15    ... Progress: 80872/114400 (70.7%)
2026/05/15 02:47:20    ... Progress: 81421/114400 (71.2%)
2026/05/15 02:47:25    ... Progress: 82033/114400 (71.7%)
2026/05/15 02:47:30    ... Progress: 82600/114400 (72.2%)
2026/05/15 02:47:35    ... Progress: 83176/114400 (72.7%)
2026/05/15 02:47:40    ... Progress: 83748/114400 (73.2%)
2026/05/15 02:47:45    ... Progress: 84270/114400 (73.7%)
2026/05/15 02:47:50    ... Progress: 84905/114400 (74.2%)
2026/05/15 02:47:55    ... Progress: 85436/114400 (74.7%)
2026/05/15 02:48:00    ... Progress: 85979/114400 (75.2%)
2026/05/15 02:48:05    ... Progress: 86599/114400 (75.7%)
2026/05/15 02:48:10    ... Progress: 87126/114400 (76.2%)
2026/05/15 02:48:15    ... Progress: 87711/114400 (76.7%)
2026/05/15 02:48:20    ... Progress: 88332/114400 (77.2%)
2026/05/15 02:48:25    ... Progress: 88880/114400 (77.7%)
2026/05/15 02:48:30    ... Progress: 89475/114400 (78.2%)
2026/05/15 02:48:35    ... Progress: 90065/114400 (78.7%)
2026/05/15 02:48:40    ... Progress: 90614/114400 (79.2%)
2026/05/15 02:48:46    ... Progress: 91237/114400 (79.8%)
2026/05/15 02:48:50    ... Progress: 91801/114400 (80.2%)
2026/05/15 02:48:55    ... Progress: 92347/114400 (80.7%)
2026/05/15 02:49:00    ... Progress: 92968/114400 (81.3%)
2026/05/15 02:49:05    ... Progress: 93531/114400 (81.8%)
2026/05/15 02:49:10    ... Progress: 94073/114400 (82.2%)
2026/05/15 02:49:15    ... Progress: 94669/114400 (82.8%)
2026/05/15 02:49:20    ... Progress: 95188/114400 (83.2%)
2026/05/15 02:49:25    ... Progress: 95809/114400 (83.7%)
2026/05/15 02:49:30    ... Progress: 96353/114400 (84.2%)
2026/05/15 02:49:35    ... Progress: 96891/114400 (84.7%)
2026/05/15 02:49:40    ... Progress: 97524/114400 (85.2%)
2026/05/15 02:49:45    ... Progress: 98049/114400 (85.7%)
2026/05/15 02:49:50    ... Progress: 98612/114400 (86.2%)
2026/05/15 02:49:55    ... Progress: 99216/114400 (86.7%)
2026/05/15 02:50:00    ... Progress: 99744/114400 (87.2%)
2026/05/15 02:50:05    ... Progress: 100357/114400 (87.7%)
2026/05/15 02:50:10    ... Progress: 100954/114400 (88.2%)
2026/05/15 02:50:15    ... Progress: 101460/114400 (88.7%)
2026/05/15 02:50:20    ... Progress: 102099/114400 (89.2%)
2026/05/15 02:50:25    ... Progress: 102628/114400 (89.7%)
2026/05/15 02:50:30    ... Progress: 103185/114400 (90.2%)
2026/05/15 02:50:35    ... Progress: 103794/114400 (90.7%)
2026/05/15 02:50:40    ... Progress: 104321/114400 (91.2%)
2026/05/15 02:50:45    ... Progress: 104922/114400 (91.7%)
2026/05/15 02:50:50    ... Progress: 105526/114400 (92.2%)
2026/05/15 02:50:55    ... Progress: 106029/114400 (92.7%)
2026/05/15 02:51:00    ... Progress: 106655/114400 (93.2%)
2026/05/15 02:51:05    ... Progress: 107232/114400 (93.7%)
2026/05/15 02:51:10    ... Progress: 107751/114400 (94.2%)
2026/05/15 02:51:15    ... Progress: 108375/114400 (94.7%)
2026/05/15 02:51:20    ... Progress: 108939/114400 (95.2%)
2026/05/15 02:51:25    ... Progress: 109490/114400 (95.7%)
2026/05/15 02:51:30    ... Progress: 110125/114400 (96.3%)
2026/05/15 02:51:35    ... Progress: 110631/114400 (96.7%)
2026/05/15 02:51:40    ... Progress: 111240/114400 (97.2%)
2026/05/15 02:51:45    ... Progress: 111796/114400 (97.7%)
2026/05/15 02:51:50    ... Progress: 112364/114400 (98.2%)
2026/05/15 02:51:55    ... Progress: 112979/114400 (98.8%)
2026/05/15 02:52:00    ... Progress: 113507/114400 (99.2%)
2026/05/15 02:52:05    ... Progress: 114079/114400 (99.7%)

LE-PSI Performance Report (Parallelized)
==================================================
CPU Cores Used: 4
Total Execution Time: 16m42.503074723s
Key Generation Time: 0s (0.0%)
Hashing Time: 0s (0.0%)
Witness Generation Time: 0s (0.0%)
Intersection Detection Time: 16m42.503073809s (100.0%)
Throughput: 114.11 operations/second
Parallel Efficiency: 4.0x speedup potential
==================================================
2026/05/15 02:52:08 [shard 0] intersection done: 20 matches in 1003.2s
