2026/05/15 07:11:43 LE-PSI Coordinator: m=1000 n=100 K=7
2026/05/15 07:11:43 [coord] Phase 1: Initializing 7 shards (m=1000, m/K=142)...
2026/05/15 07:11:43 [coord] → shard-2 /init: 143 records
2026/05/15 07:11:43 [coord] → shard-6 /init: 142 records
2026/05/15 07:11:43 [coord] → shard-4 /init: 143 records
2026/05/15 07:11:43 [coord] → shard-0 /init: 143 records
2026/05/15 07:11:43 [coord] → shard-3 /init: 143 records
2026/05/15 07:11:43 [coord] → shard-5 /init: 143 records
2026/05/15 07:11:43 [coord] → shard-1 /init: 143 records
2026/05/15 07:12:33 [coord] ✓ shard-4 init: 49.0s, 1839 MB
2026/05/15 07:12:34 [coord] ✓ shard-1 init: 50.3s, 1836 MB
2026/05/15 07:12:37 [coord] ✓ shard-3 init: 53.6s, 1836 MB
2026/05/15 07:12:38 [coord] ✓ shard-0 init: 54.3s, 1836 MB
2026/05/15 07:12:40 [coord] ✓ shard-2 init: 56.0s, 1835 MB
2026/05/15 07:12:40 [coord] ✓ shard-6 init: 56.2s, 1820 MB
2026/05/15 07:12:42 [coord] ✓ shard-5 init: 58.1s, 1836 MB
2026/05/15 07:12:42 [coord] ✓ All shards initialized in 1.0 min
2026/05/15 07:12:42 [coord] Phase 2: Client encryption (n=100)...
2026/05/15 07:13:04 [coord] client: encrypted 200 ciphertexts
2026/05/15 07:13:33 [coord] Wrote ciphertext payload to /tmp/cts_payload.json
2026/05/15 07:13:33 [coord] Memory reclaimed — ciphertexts on disk, RAM near zero.
2026/05/15 07:13:33 [coord] Phase 3: Fan-out intersection to 7 shards...
2026/05/15 07:13:33 [coord] → shard-6 /intersect
2026/05/15 07:13:33 [coord] → shard-2 /intersect
2026/05/15 07:13:33 [coord] → shard-0 /intersect
2026/05/15 07:13:33 [coord] → shard-4 /intersect
2026/05/15 07:13:33 [coord] → shard-5 /intersect
2026/05/15 07:13:33 [coord] → shard-3 /intersect
2026/05/15 07:13:33 [coord] → shard-1 /intersect
2026/05/15 07:15:06 [coord] ✓ shard-1: 0 matches in 0.3s
2026/05/15 07:15:08 [coord] ✓ shard-2: 0 matches in 0.3s
2026/05/15 07:15:08 [coord] ✓ shard-6: 0 matches in 0.3s
2026/05/15 07:15:08 [coord] ✓ shard-0: 16 matches in 0.4s
2026/05/15 07:15:08 [coord] ✓ shard-3: 0 matches in 0.3s
2026/05/15 07:15:08 [coord] ✓ shard-5: 0 matches in 0.3s
2026/05/15 07:15:09 [coord] ✓ shard-4: 0 matches in 0.3s
2026/05/15 07:15:10 [coord] ══════════════════════════════════════════
2026/05/15 07:15:10 [coord] RESULT: m=1000 n=100 K=7
2026/05/15 07:15:10 [coord]   Total  : 3.45 min
2026/05/15 07:15:10 [coord]   Init   : 0.97 min
2026/05/15 07:15:10 [coord]   Intersect: 1.60 min
2026/05/15 07:15:10 [coord]   Matches: 16
2026/05/15 07:15:10 [coord]   Peak RAM/shard: 0 MB
2026/05/15 07:15:10 [coord] ══════════════════════════════════════════
2026/05/15 07:15:10 Results saved to: /tmp/lepsi_results/distributed_2026-05-15_07-11-43_m1000_n100_K7.json
{
  "timestamp": "2026-05-15_07-11-43",
  "server_dataset_size": 1000,
  "client_dataset_size": 100,
  "shards": 7,
  "total_time_ns": 206889800027,
  "init_time_ns": 58444558476,
  "intersect_time_ns": 96276534841,
  "matches_found": 16,
  "peak_ram_per_shard_mb": 0,
  "success": true
}
