2026/05/15 07:10:48 LE-PSI shard server starting on :8081 (GOMAXPROCS=4)
2026/05/15 07:11:43 [shard 2] /init received: 143 records
Setting up LE with Parameters Q = 180143985094819841 qBits = 58 D = 256 N = 4
Successfully initialized the LE parameters:
 - Security Level: Fast Evaluation (Low Security)
 - Ring Dimension: 256
 - Modulus Q: 180143985094819841
 - Matrix Dimension N: 4
 - qBits: 58
 - Layers: 12 (slots = 4096)
 - Load Factor: 0.034912 (items/slot)
 - Placement: 2-choice Cuckoo hashing (collision-resistant)
2026/05/15 07:11:44 🚀 Auto-Tuned: 4 cores detected, 80.0 GB RAM available → 4 workers for 143 records (est. RAM: 5.0 GB)
       💾 Loading Merkle Tree into RAM for fast witness generation...
       ✓ Tree loaded in 28.812164ms
2026/05/15 07:12:37 🚀 Auto-Tuned: 4 cores detected, 80.0 GB RAM available → 4 workers for 143 records (est. RAM: 5.0 GB)

LE-PSI Performance Report (Parallelized)
==================================================
CPU Cores Used: 4
Total Execution Time: 55.947235382s
Key Generation Time: 542.361293ms (1.0%)
Hashing Time: 0s (0.0%)
Witness Generation Time: 2.225284662s (4.0%)
Intersection Detection Time: 0s (0.0%)
==================================================
2026/05/15 07:12:39 [shard 2] init done in 56.0s
2026/05/15 07:15:07 [shard 2] /intersect: 200 ciphertexts vs 143 records
2026/05/15 07:15:08 🚀 Auto-Tuned: 4 cores detected, 80.0 GB RAM available → 4 workers for 143 records (est. RAM: 5.0 GB)
2026/05/15 07:15:08    Leaf-indexed filtering: 143 server records × 200 ciphertexts → 7 targeted Dec calls (was 28600 all-pairs)

LE-PSI Performance Report (Parallelized)
==================================================
CPU Cores Used: 4
Total Execution Time: 55.495178ms
Key Generation Time: 0s (0.0%)
Hashing Time: 0s (0.0%)
Witness Generation Time: 0s (0.0%)
Intersection Detection Time: 55.49449ms (100.0%)
Throughput: 126.14 operations/second
Parallel Efficiency: 4.0x speedup potential
==================================================
2026/05/15 07:15:08 [shard 2] intersection done: 0 matches in 0.3s
