2026/05/15 07:11:29 LE-PSI shard server starting on :8081 (GOMAXPROCS=4)
2026/05/15 07:11:43 [shard 6] /init received: 142 records
Setting up LE with Parameters Q = 180143985094819841 qBits = 58 D = 256 N = 4
Successfully initialized the LE parameters:
 - Security Level: Fast Evaluation (Low Security)
 - Ring Dimension: 256
 - Modulus Q: 180143985094819841
 - Matrix Dimension N: 4
 - qBits: 58
 - Layers: 12 (slots = 4096)
 - Load Factor: 0.034668 (items/slot)
 - Placement: 2-choice Cuckoo hashing (collision-resistant)
2026/05/15 07:11:43 🚀 Auto-Tuned: 4 cores detected, 80.0 GB RAM available → 4 workers for 142 records (est. RAM: 5.0 GB)
       💾 Loading Merkle Tree into RAM for fast witness generation...
       ✓ Tree loaded in 27.675886ms
2026/05/15 07:12:37 🚀 Auto-Tuned: 4 cores detected, 80.0 GB RAM available → 4 workers for 142 records (est. RAM: 5.0 GB)

LE-PSI Performance Report (Parallelized)
==================================================
CPU Cores Used: 4
Total Execution Time: 56.169068219s
Key Generation Time: 545.83641ms (1.0%)
Hashing Time: 0s (0.0%)
Witness Generation Time: 2.241252841s (4.0%)
Intersection Detection Time: 0s (0.0%)
==================================================
2026/05/15 07:12:39 [shard 6] init done in 56.2s
2026/05/15 07:15:07 [shard 6] /intersect: 200 ciphertexts vs 142 records
2026/05/15 07:15:08 🚀 Auto-Tuned: 4 cores detected, 80.0 GB RAM available → 4 workers for 142 records (est. RAM: 5.0 GB)
2026/05/15 07:15:08    Leaf-indexed filtering: 142 server records × 200 ciphertexts → 4 targeted Dec calls (was 28400 all-pairs)

LE-PSI Performance Report (Parallelized)
==================================================
CPU Cores Used: 4
Total Execution Time: 28.634594ms
Key Generation Time: 0s (0.0%)
Hashing Time: 0s (0.0%)
Witness Generation Time: 0s (0.0%)
Intersection Detection Time: 28.633884ms (100.0%)
Throughput: 139.69 operations/second
Parallel Efficiency: 4.0x speedup potential
==================================================
2026/05/15 07:15:08 [shard 6] intersection done: 0 matches in 0.3s
