2026/05/15 17:22:45 LE-PSI Coordinator: m=10000 n=100 K=7
2026/05/15 17:22:45 [coord] Phase 1: Initializing 7 shards (m=10000, m/K=1428)...
2026/05/15 17:22:45 [coord] → shard-6 /init: 1426 records
2026/05/15 17:22:45 [coord] → shard-4 /init: 1429 records
2026/05/15 17:22:45 [coord] → shard-2 /init: 1429 records
2026/05/15 17:22:45 [coord] → shard-3 /init: 1429 records
2026/05/15 17:22:45 [coord] → shard-0 /init: 1429 records
2026/05/15 17:22:45 [coord] → shard-1 /init: 1429 records
2026/05/15 17:22:45 [coord] → shard-5 /init: 1429 records
2026/05/15 17:23:29 [coord] ✓ shard-1 init: 43.8s, 1 MB
2026/05/15 17:23:30 [coord] ✓ shard-0 init: 44.2s, 1 MB
2026/05/15 17:23:31 [coord] ✓ shard-6 init: 45.3s, 1 MB
2026/05/15 17:23:32 [coord] ✓ shard-4 init: 46.1s, 1 MB
2026/05/15 17:23:32 [coord] ✓ shard-5 init: 46.0s, 1 MB
2026/05/15 17:23:33 [coord] ✓ shard-2 init: 47.0s, 1 MB
2026/05/15 17:23:33 [coord] ✓ shard-3 init: 47.4s, 1 MB
2026/05/15 17:23:33 [coord] ✓ All shards initialized in 0.8 min
2026/05/15 17:23:33 [coord] Phase 2: Client encryption (n=100)...
2026/05/15 17:24:02 [coord] client: encrypted 200 ciphertexts
2026/05/15 17:24:36 [coord] Wrote ciphertext payload to /tmp/cts_payload.json
2026/05/15 17:24:36 [coord] Memory reclaimed — ciphertexts on disk, RAM near zero.
2026/05/15 17:24:36 [coord] Phase 3: Fan-out intersection to 7 shards...
2026/05/15 17:24:36 [coord] → shard-6 /intersect
2026/05/15 17:24:36 [coord] → shard-2 /intersect
2026/05/15 17:24:36 [coord] → shard-0 /intersect
2026/05/15 17:24:36 [coord] → shard-3 /intersect
2026/05/15 17:24:36 [coord] → shard-5 /intersect
2026/05/15 17:24:36 [coord] → shard-1 /intersect
2026/05/15 17:24:36 [coord] → shard-4 /intersect
2026/05/15 17:26:32 [coord] ✓ shard-0: 24 matches in 3.1s
2026/05/15 17:26:32 [coord] ✓ shard-4: 0 matches in 2.7s
2026/05/15 17:26:33 [coord] ✓ shard-1: 0 matches in 2.8s
2026/05/15 17:26:35 [coord] ✓ shard-5: 0 matches in 2.6s
2026/05/15 17:26:36 [coord] ✓ shard-6: 0 matches in 2.8s
2026/05/15 17:26:38 [coord] ✓ shard-3: 0 matches in 3.0s
2026/05/15 17:26:39 [coord] ✓ shard-2: 0 matches in 2.9s
2026/05/15 17:26:40 [coord] ══════════════════════════════════════════
2026/05/15 17:26:40 [coord] RESULT: m=10000 n=100 K=7
2026/05/15 17:26:40 [coord]   Total  : 3.91 min
2026/05/15 17:26:40 [coord]   Init   : 0.81 min
2026/05/15 17:26:40 [coord]   Intersect: 2.04 min
2026/05/15 17:26:40 [coord]   Matches: 24
2026/05/15 17:26:40 [coord]   Peak RAM/shard: 0 MB
2026/05/15 17:26:40 [coord] ══════════════════════════════════════════
2026/05/15 17:26:40 Results saved to: /tmp/lepsi_remote_chunked_results/chunked_b52740c_20260515_170750/20260515_172245_m10000_n100_K7_b52740c_chunked/distributed_2026-05-15_17-22-45_m10000_n100_K7.json
{
  "timestamp": "2026-05-15_17-22-45",
  "server_dataset_size": 10000,
  "client_dataset_size": 100,
  "shards": 7,
  "total_time_ns": 234835319250,
  "init_time_ns": 48335147370,
  "intersect_time_ns": 122163910674,
  "matches_found": 24,
  "peak_ram_per_shard_mb": 0,
  "success": true
}
