2026/05/15 17:10:18 LE-PSI Coordinator: m=1000 n=100 K=7
2026/05/15 17:10:18 [coord] Phase 1: Initializing 7 shards (m=1000, m/K=142)...
2026/05/15 17:10:18 [coord] → shard-6 /init: 142 records
2026/05/15 17:10:18 [coord] → shard-0 /init: 143 records
2026/05/15 17:10:18 [coord] → shard-2 /init: 143 records
2026/05/15 17:10:18 [coord] → shard-4 /init: 143 records
2026/05/15 17:10:18 [coord] → shard-3 /init: 143 records
2026/05/15 17:10:18 [coord] → shard-5 /init: 143 records
2026/05/15 17:10:18 [coord] → shard-1 /init: 143 records
2026/05/15 17:10:24 [coord] ✓ shard-4 init: 4.8s, 330 MB
2026/05/15 17:10:24 [coord] ✓ shard-0 init: 4.7s, 342 MB
2026/05/15 17:10:24 [coord] ✓ shard-1 init: 4.9s, 342 MB
2026/05/15 17:10:24 [coord] ✓ shard-5 init: 4.7s, 334 MB
2026/05/15 17:10:24 [coord] ✓ shard-3 init: 5.0s, 334 MB
2026/05/15 17:10:24 [coord] ✓ shard-6 init: 4.8s, 334 MB
2026/05/15 17:10:24 [coord] ✓ shard-2 init: 5.0s, 329 MB
2026/05/15 17:10:24 [coord] ✓ All shards initialized in 0.1 min
2026/05/15 17:10:24 [coord] Phase 2: Client encryption (n=100)...
2026/05/15 17:10:47 [coord] client: encrypted 200 ciphertexts
2026/05/15 17:11:17 [coord] Wrote ciphertext payload to /tmp/cts_payload.json
2026/05/15 17:11:17 [coord] Memory reclaimed — ciphertexts on disk, RAM near zero.
2026/05/15 17:11:17 [coord] Phase 3: Fan-out intersection to 7 shards...
2026/05/15 17:11:17 [coord] → shard-6 /intersect
2026/05/15 17:11:17 [coord] → shard-2 /intersect
2026/05/15 17:11:17 [coord] → shard-0 /intersect
2026/05/15 17:11:17 [coord] → shard-3 /intersect
2026/05/15 17:11:17 [coord] → shard-1 /intersect
2026/05/15 17:11:17 [coord] → shard-5 /intersect
2026/05/15 17:11:17 [coord] → shard-4 /intersect
2026/05/15 17:12:50 [coord] ✓ shard-0: 16 matches in 0.7s
2026/05/15 17:12:51 [coord] ✓ shard-1: 0 matches in 0.4s
2026/05/15 17:12:51 [coord] ✓ shard-4: 0 matches in 0.5s
2026/05/15 17:12:52 [coord] ✓ shard-5: 0 matches in 0.5s
2026/05/15 17:12:52 [coord] ✓ shard-6: 0 matches in 0.4s
2026/05/15 17:12:53 [coord] ✓ shard-2: 0 matches in 0.5s
2026/05/15 17:12:55 [coord] ✓ shard-3: 0 matches in 0.5s
2026/05/15 17:12:56 [coord] ══════════════════════════════════════════
2026/05/15 17:12:56 [coord] RESULT: m=1000 n=100 K=7
2026/05/15 17:12:56 [coord]   Total  : 2.64 min
2026/05/15 17:12:56 [coord]   Init   : 0.10 min
2026/05/15 17:12:56 [coord]   Intersect: 1.63 min
2026/05/15 17:12:56 [coord]   Matches: 16
2026/05/15 17:12:56 [coord]   Peak RAM/shard: 0 MB
2026/05/15 17:12:56 [coord] ══════════════════════════════════════════
2026/05/15 17:12:56 Results saved to: /tmp/lepsi_remote_chunked_results/chunked_b52740c_20260515_170750/20260515_171018_m1000_n100_K7_b52740c_chunked/distributed_2026-05-15_17-10-18_m1000_n100_K7.json
{
  "timestamp": "2026-05-15_17-10-18",
  "server_dataset_size": 1000,
  "client_dataset_size": 100,
  "shards": 7,
  "total_time_ns": 158107633419,
  "init_time_ns": 6069895839,
  "intersect_time_ns": 98063664072,
  "matches_found": 16,
  "peak_ram_per_shard_mb": 0,
  "success": true
}
