2026/05/15 17:08:37 LE-PSI shard server starting on :8081 (GOMAXPROCS=4)
2026/05/15 17:10:18 [shard 4] /init received: 143 records
Setting up LE with Parameters Q = 180143985094819841 qBits = 58 D = 256 N = 4
Successfully initialized the LE parameters:
 - Security Level: Fast Evaluation (Low Security)
 - Ring Dimension: 256
 - Modulus Q: 180143985094819841
 - Matrix Dimension N: 4
 - qBits: 58
 - Layers: 12 (slots = 4096)
 - Load Factor: 0.034912 (items/slot)
 - Placement: 2-choice Cuckoo hashing (collision-resistant)
2026/05/15 17:10:18 🚀 Auto-Tuned: 4 cores detected, 80.0 GB RAM available → 4 workers for 143 records (est. RAM: 0.1 GB)
       💾 Building Merkle Tree directly in RAM for chunked benchmark...
       ✓ In-memory tree built in 4.193007386s
2026/05/15 17:10:23        Chunked mode: witness generation deferred to active chunks

LE-PSI Performance Report (Parallelized)
==================================================
CPU Cores Used: 4
Total Execution Time: 4.797615484s
Key Generation Time: 515.067416ms (10.7%)
Hashing Time: 0s (0.0%)
Witness Generation Time: 0s (0.0%)
Intersection Detection Time: 0s (0.0%)
==================================================
2026/05/15 17:10:23 [shard 4] chunked init done in 4.8s
2026/05/15 17:12:50 [shard 4] /intersect: 200 ciphertexts vs 143 records
2026/05/15 17:12:51    Chunked leaf-indexed filtering: m=143, ciphertexts=200, chunk_size=143, workers=4, targeted_dec_calls=9 (all_pairs=28600)
2026/05/15 17:12:51    ... Chunk 1: records [0,143)
2026/05/15 17:12:51    Chunked intersection complete in 364.335933ms, matches=0
2026/05/15 17:12:51 [shard 4] chunked intersection done: 0 matches in 0.5s mode=explicit_chunked chunks=1 actual_dec_calls=9 total_possible_dec_calls=28600
2026/05/15 17:12:56 [shard 4] /init received: 286 records
Setting up LE with Parameters Q = 180143985094819841 qBits = 58 D = 256 N = 4
Successfully initialized the LE parameters:
 - Security Level: Fast Evaluation (Low Security)
 - Ring Dimension: 256
 - Modulus Q: 180143985094819841
 - Matrix Dimension N: 4
 - qBits: 58
 - Layers: 13 (slots = 8192)
 - Load Factor: 0.034912 (items/slot)
 - Placement: 2-choice Cuckoo hashing (collision-resistant)
2026/05/15 17:12:56 🚀 Auto-Tuned: 4 cores detected, 80.0 GB RAM available → 4 workers for 286 records (est. RAM: 0.3 GB)
       💾 Building Merkle Tree directly in RAM for chunked benchmark...
       ✓ In-memory tree built in 8.153452359s
2026/05/15 17:13:05        Chunked mode: witness generation deferred to active chunks

LE-PSI Performance Report (Parallelized)
==================================================
CPU Cores Used: 4
Total Execution Time: 9.041073128s
Key Generation Time: 803.717774ms (8.9%)
Hashing Time: 0s (0.0%)
Witness Generation Time: 0s (0.0%)
Intersection Detection Time: 0s (0.0%)
==================================================
2026/05/15 17:13:05 [shard 4] chunked init done in 9.0s
2026/05/15 17:15:36 [shard 4] /intersect: 200 ciphertexts vs 286 records
2026/05/15 17:15:36    Chunked leaf-indexed filtering: m=286, ciphertexts=200, chunk_size=256, workers=4, targeted_dec_calls=4 (all_pairs=57200)
2026/05/15 17:15:36    ... Chunk 1: records [0,256)
2026/05/15 17:15:37    ... Chunk 2: records [256,286)
2026/05/15 17:15:37    Chunked intersection complete in 583.150523ms, matches=0
2026/05/15 17:15:37 [shard 4] chunked intersection done: 0 matches in 0.8s mode=explicit_chunked chunks=2 actual_dec_calls=4 total_possible_dec_calls=57200
2026/05/15 17:15:40 [shard 4] /init received: 572 records
Setting up LE with Parameters Q = 180143985094819841 qBits = 58 D = 256 N = 4
Successfully initialized the LE parameters:
 - Security Level: Fast Evaluation (Low Security)
 - Ring Dimension: 256
 - Modulus Q: 180143985094819841
 - Matrix Dimension N: 4
 - qBits: 58
 - Layers: 14 (slots = 16384)
 - Load Factor: 0.034912 (items/slot)
 - Placement: 2-choice Cuckoo hashing (collision-resistant)
2026/05/15 17:15:40 🚀 Auto-Tuned: 4 cores detected, 80.0 GB RAM available → 4 workers for 572 records (est. RAM: 0.6 GB)
       💾 Building Merkle Tree directly in RAM for chunked benchmark...
       ✓ In-memory tree built in 17.510618762s
2026/05/15 17:15:59        Chunked mode: witness generation deferred to active chunks

LE-PSI Performance Report (Parallelized)
==================================================
CPU Cores Used: 4
Total Execution Time: 19.207569862s
Key Generation Time: 1.614364703s (8.4%)
Hashing Time: 0s (0.0%)
Witness Generation Time: 0s (0.0%)
Intersection Detection Time: 0s (0.0%)
==================================================
2026/05/15 17:15:59 [shard 4] chunked init done in 19.2s
2026/05/15 17:18:44 [shard 4] /intersect: 200 ciphertexts vs 572 records
2026/05/15 17:18:45    Chunked leaf-indexed filtering: m=572, ciphertexts=200, chunk_size=256, workers=4, targeted_dec_calls=11 (all_pairs=114400)
2026/05/15 17:18:45    ... Chunk 1: records [0,256)
2026/05/15 17:18:45    ... Chunk 2: records [256,512)
2026/05/15 17:18:46    ... Chunk 3: records [512,572)
2026/05/15 17:18:46    Chunked intersection complete in 1.06027916s, matches=0
2026/05/15 17:18:46 [shard 4] chunked intersection done: 0 matches in 1.3s mode=explicit_chunked chunks=3 actual_dec_calls=11 total_possible_dec_calls=114400
2026/05/15 17:18:48 [shard 4] /init received: 1143 records
Setting up LE with Parameters Q = 180143985094819841 qBits = 58 D = 256 N = 4
Successfully initialized the LE parameters:
 - Security Level: Fast Evaluation (Low Security)
 - Ring Dimension: 256
 - Modulus Q: 180143985094819841
 - Matrix Dimension N: 4
 - qBits: 58
 - Layers: 15 (slots = 32768)
 - Load Factor: 0.034882 (items/slot)
 - Placement: 2-choice Cuckoo hashing (collision-resistant)
2026/05/15 17:18:48 🚀 Auto-Tuned: 4 cores detected, 80.0 GB RAM available → 4 workers for 1143 records (est. RAM: 1.1 GB)
       💾 Building Merkle Tree directly in RAM for chunked benchmark...
       ✓ In-memory tree built in 35.948626564s
2026/05/15 17:19:28        Chunked mode: witness generation deferred to active chunks

LE-PSI Performance Report (Parallelized)
==================================================
CPU Cores Used: 4
Total Execution Time: 39.693595595s
Key Generation Time: 3.660776998s (9.2%)
Hashing Time: 0s (0.0%)
Witness Generation Time: 0s (0.0%)
Intersection Detection Time: 0s (0.0%)
==================================================
2026/05/15 17:19:28 [shard 4] chunked init done in 39.7s
2026/05/15 17:22:33 [shard 4] /intersect: 200 ciphertexts vs 1143 records
2026/05/15 17:22:34    Chunked leaf-indexed filtering: m=1143, ciphertexts=200, chunk_size=256, workers=4, targeted_dec_calls=3 (all_pairs=228600)
2026/05/15 17:22:34    ... Chunk 1: records [0,256)
2026/05/15 17:22:34    ... Chunk 2: records [256,512)
2026/05/15 17:22:34    ... Chunk 3: records [512,768)
2026/05/15 17:22:35    ... Chunk 4: records [768,1024)
2026/05/15 17:22:35    ... Chunk 5: records [1024,1143)
2026/05/15 17:22:36    Chunked intersection complete in 1.684217983s, matches=0
2026/05/15 17:22:36 [shard 4] chunked intersection done: 0 matches in 2.0s mode=explicit_chunked chunks=5 actual_dec_calls=3 total_possible_dec_calls=228600
2026/05/15 17:22:45 [shard 4] /init received: 1429 records
Setting up LE with Parameters Q = 180143985094819841 qBits = 58 D = 256 N = 4
Successfully initialized the LE parameters:
 - Security Level: Fast Evaluation (Low Security)
 - Ring Dimension: 256
 - Modulus Q: 180143985094819841
 - Matrix Dimension N: 4
 - qBits: 58
 - Layers: 15 (slots = 32768)
 - Load Factor: 0.043610 (items/slot)
 - Placement: 2-choice Cuckoo hashing (collision-resistant)
2026/05/15 17:22:45 🚀 Auto-Tuned: 4 cores detected, 80.0 GB RAM available → 4 workers for 1429 records (est. RAM: 1.4 GB)
       💾 Building Merkle Tree directly in RAM for chunked benchmark...
       ✓ In-memory tree built in 41.942146686s
2026/05/15 17:23:31        Chunked mode: witness generation deferred to active chunks

LE-PSI Performance Report (Parallelized)
==================================================
CPU Cores Used: 4
Total Execution Time: 46.133791061s
Key Generation Time: 4.105337021s (8.9%)
Hashing Time: 0s (0.0%)
Witness Generation Time: 0s (0.0%)
Intersection Detection Time: 0s (0.0%)
==================================================
2026/05/15 17:23:31 [shard 4] chunked init done in 46.1s
2026/05/15 17:26:29 [shard 4] /intersect: 200 ciphertexts vs 1429 records
2026/05/15 17:26:30    Chunked leaf-indexed filtering: m=1429, ciphertexts=200, chunk_size=256, workers=4, targeted_dec_calls=7 (all_pairs=285800)
2026/05/15 17:26:30    ... Chunk 1: records [0,256)
2026/05/15 17:26:30    ... Chunk 2: records [256,512)
2026/05/15 17:26:31    ... Chunk 3: records [512,768)
2026/05/15 17:26:31    ... Chunk 4: records [768,1024)
2026/05/15 17:26:31    ... Chunk 5: records [1024,1280)
2026/05/15 17:26:32    ... Chunk 6: records [1280,1429)
2026/05/15 17:26:32    Chunked intersection complete in 2.306241381s, matches=0
2026/05/15 17:26:32 [shard 4] chunked intersection done: 0 matches in 2.7s mode=explicit_chunked chunks=6 actual_dec_calls=7 total_possible_dec_calls=285800
