2026/05/15 17:07:58 LE-PSI shard server starting on :8081 (GOMAXPROCS=4)
2026/05/15 17:10:18 [shard 0] /init received: 143 records
Setting up LE with Parameters Q = 180143985094819841 qBits = 58 D = 256 N = 4
Successfully initialized the LE parameters:
 - Security Level: Fast Evaluation (Low Security)
 - Ring Dimension: 256
 - Modulus Q: 180143985094819841
 - Matrix Dimension N: 4
 - qBits: 58
 - Layers: 12 (slots = 4096)
 - Load Factor: 0.034912 (items/slot)
 - Placement: 2-choice Cuckoo hashing (collision-resistant)
2026/05/15 17:10:18 🚀 Auto-Tuned: 4 cores detected, 80.0 GB RAM available → 4 workers for 143 records (est. RAM: 0.1 GB)
       💾 Building Merkle Tree directly in RAM for chunked benchmark...
       ✓ In-memory tree built in 4.084983099s
2026/05/15 17:10:22        Chunked mode: witness generation deferred to active chunks

LE-PSI Performance Report (Parallelized)
==================================================
CPU Cores Used: 4
Total Execution Time: 4.689010229s
Key Generation Time: 517.499146ms (11.0%)
Hashing Time: 0s (0.0%)
Witness Generation Time: 0s (0.0%)
Intersection Detection Time: 0s (0.0%)
==================================================
2026/05/15 17:10:22 [shard 0] chunked init done in 4.7s
2026/05/15 17:12:49 [shard 0] /intersect: 200 ciphertexts vs 143 records
2026/05/15 17:12:50    Chunked leaf-indexed filtering: m=143, ciphertexts=200, chunk_size=143, workers=4, targeted_dec_calls=17 (all_pairs=28600)
2026/05/15 17:12:50    ... Chunk 1: records [0,143)
2026/05/15 17:12:50    Chunked intersection complete in 499.277433ms, matches=16
2026/05/15 17:12:50 [shard 0] chunked intersection done: 16 matches in 0.7s mode=explicit_chunked chunks=1 actual_dec_calls=17 total_possible_dec_calls=28600
2026/05/15 17:12:56 [shard 0] /init received: 286 records
Setting up LE with Parameters Q = 180143985094819841 qBits = 58 D = 256 N = 4
Successfully initialized the LE parameters:
 - Security Level: Fast Evaluation (Low Security)
 - Ring Dimension: 256
 - Modulus Q: 180143985094819841
 - Matrix Dimension N: 4
 - qBits: 58
 - Layers: 13 (slots = 8192)
 - Load Factor: 0.034912 (items/slot)
 - Placement: 2-choice Cuckoo hashing (collision-resistant)
2026/05/15 17:12:56 🚀 Auto-Tuned: 4 cores detected, 80.0 GB RAM available → 4 workers for 286 records (est. RAM: 0.3 GB)
       💾 Building Merkle Tree directly in RAM for chunked benchmark...
       ✓ In-memory tree built in 8.10367017s
2026/05/15 17:13:05        Chunked mode: witness generation deferred to active chunks

LE-PSI Performance Report (Parallelized)
==================================================
CPU Cores Used: 4
Total Execution Time: 8.97141224s
Key Generation Time: 782.871508ms (8.7%)
Hashing Time: 0s (0.0%)
Witness Generation Time: 0s (0.0%)
Intersection Detection Time: 0s (0.0%)
==================================================
2026/05/15 17:13:05 [shard 0] chunked init done in 9.0s
2026/05/15 17:15:35 [shard 0] /intersect: 200 ciphertexts vs 286 records
2026/05/15 17:15:36    Chunked leaf-indexed filtering: m=286, ciphertexts=200, chunk_size=256, workers=4, targeted_dec_calls=18 (all_pairs=57200)
2026/05/15 17:15:36    ... Chunk 1: records [0,256)
2026/05/15 17:15:36    ... Chunk 2: records [256,286)
2026/05/15 17:15:36    Chunked intersection complete in 810.951198ms, matches=18
2026/05/15 17:15:36 [shard 0] chunked intersection done: 18 matches in 1.0s mode=explicit_chunked chunks=2 actual_dec_calls=18 total_possible_dec_calls=57200
2026/05/15 17:15:40 [shard 0] /init received: 572 records
Setting up LE with Parameters Q = 180143985094819841 qBits = 58 D = 256 N = 4
Successfully initialized the LE parameters:
 - Security Level: Fast Evaluation (Low Security)
 - Ring Dimension: 256
 - Modulus Q: 180143985094819841
 - Matrix Dimension N: 4
 - qBits: 58
 - Layers: 14 (slots = 16384)
 - Load Factor: 0.034912 (items/slot)
 - Placement: 2-choice Cuckoo hashing (collision-resistant)
2026/05/15 17:15:40 🚀 Auto-Tuned: 4 cores detected, 80.0 GB RAM available → 4 workers for 572 records (est. RAM: 0.6 GB)
       💾 Building Merkle Tree directly in RAM for chunked benchmark...
       ✓ In-memory tree built in 16.921342181s
2026/05/15 17:15:59        Chunked mode: witness generation deferred to active chunks

LE-PSI Performance Report (Parallelized)
==================================================
CPU Cores Used: 4
Total Execution Time: 18.606619907s
Key Generation Time: 1.601832596s (8.6%)
Hashing Time: 0s (0.0%)
Witness Generation Time: 0s (0.0%)
Intersection Detection Time: 0s (0.0%)
==================================================
2026/05/15 17:15:59 [shard 0] chunked init done in 18.6s
2026/05/15 17:18:41 [shard 0] /intersect: 200 ciphertexts vs 572 records
2026/05/15 17:18:42    Chunked leaf-indexed filtering: m=572, ciphertexts=200, chunk_size=256, workers=4, targeted_dec_calls=20 (all_pairs=114400)
2026/05/15 17:18:42    ... Chunk 1: records [0,256)
2026/05/15 17:18:42    ... Chunk 2: records [256,512)
2026/05/15 17:18:43    ... Chunk 3: records [512,572)
2026/05/15 17:18:43    Chunked intersection complete in 1.265835662s, matches=20
2026/05/15 17:18:43 [shard 0] chunked intersection done: 20 matches in 1.5s mode=explicit_chunked chunks=3 actual_dec_calls=20 total_possible_dec_calls=114400
2026/05/15 17:18:48 [shard 0] /init received: 1143 records
Setting up LE with Parameters Q = 180143985094819841 qBits = 58 D = 256 N = 4
Successfully initialized the LE parameters:
 - Security Level: Fast Evaluation (Low Security)
 - Ring Dimension: 256
 - Modulus Q: 180143985094819841
 - Matrix Dimension N: 4
 - qBits: 58
 - Layers: 15 (slots = 32768)
 - Load Factor: 0.034882 (items/slot)
 - Placement: 2-choice Cuckoo hashing (collision-resistant)
2026/05/15 17:18:48 🚀 Auto-Tuned: 4 cores detected, 80.0 GB RAM available → 4 workers for 1143 records (est. RAM: 1.1 GB)
       💾 Building Merkle Tree directly in RAM for chunked benchmark...
       ✓ In-memory tree built in 35.571422039s
2026/05/15 17:19:27        Chunked mode: witness generation deferred to active chunks

LE-PSI Performance Report (Parallelized)
==================================================
CPU Cores Used: 4
Total Execution Time: 38.805505616s
Key Generation Time: 3.147525096s (8.1%)
Hashing Time: 0s (0.0%)
Witness Generation Time: 0s (0.0%)
Intersection Detection Time: 0s (0.0%)
==================================================
2026/05/15 17:19:27 [shard 0] chunked init done in 38.8s
2026/05/15 17:22:31 [shard 0] /intersect: 200 ciphertexts vs 1143 records
2026/05/15 17:22:32    Chunked leaf-indexed filtering: m=1143, ciphertexts=200, chunk_size=256, workers=4, targeted_dec_calls=18 (all_pairs=228600)
2026/05/15 17:22:32    ... Chunk 1: records [0,256)
2026/05/15 17:22:33    ... Chunk 2: records [256,512)
2026/05/15 17:22:33    ... Chunk 3: records [512,768)
2026/05/15 17:22:33    ... Chunk 4: records [768,1024)
2026/05/15 17:22:34    ... Chunk 5: records [1024,1143)
2026/05/15 17:22:34    Chunked intersection complete in 2.059852828s, matches=18
2026/05/15 17:22:34 [shard 0] chunked intersection done: 18 matches in 2.4s mode=explicit_chunked chunks=5 actual_dec_calls=18 total_possible_dec_calls=228600
2026/05/15 17:22:45 [shard 0] /init received: 1429 records
Setting up LE with Parameters Q = 180143985094819841 qBits = 58 D = 256 N = 4
Successfully initialized the LE parameters:
 - Security Level: Fast Evaluation (Low Security)
 - Ring Dimension: 256
 - Modulus Q: 180143985094819841
 - Matrix Dimension N: 4
 - qBits: 58
 - Layers: 15 (slots = 32768)
 - Load Factor: 0.043610 (items/slot)
 - Placement: 2-choice Cuckoo hashing (collision-resistant)
2026/05/15 17:22:45 🚀 Auto-Tuned: 4 cores detected, 80.0 GB RAM available → 4 workers for 1429 records (est. RAM: 1.4 GB)
       💾 Building Merkle Tree directly in RAM for chunked benchmark...
       ✓ In-memory tree built in 40.183126396s
2026/05/15 17:23:29        Chunked mode: witness generation deferred to active chunks

LE-PSI Performance Report (Parallelized)
==================================================
CPU Cores Used: 4
Total Execution Time: 44.233843847s
Key Generation Time: 3.964278091s (9.0%)
Hashing Time: 0s (0.0%)
Witness Generation Time: 0s (0.0%)
Intersection Detection Time: 0s (0.0%)
==================================================
2026/05/15 17:23:29 [shard 0] chunked init done in 44.2s
2026/05/15 17:26:28 [shard 0] /intersect: 200 ciphertexts vs 1429 records
2026/05/15 17:26:29    Chunked leaf-indexed filtering: m=1429, ciphertexts=200, chunk_size=256, workers=4, targeted_dec_calls=24 (all_pairs=285800)
2026/05/15 17:26:29    ... Chunk 1: records [0,256)
2026/05/15 17:26:29    ... Chunk 2: records [256,512)
2026/05/15 17:26:30    ... Chunk 3: records [512,768)
2026/05/15 17:26:30    ... Chunk 4: records [768,1024)
2026/05/15 17:26:31    ... Chunk 5: records [1024,1280)
2026/05/15 17:26:31    ... Chunk 6: records [1280,1429)
2026/05/15 17:26:32    Chunked intersection complete in 2.721487649s, matches=24
2026/05/15 17:26:32 [shard 0] chunked intersection done: 24 matches in 3.1s mode=explicit_chunked chunks=6 actual_dec_calls=24 total_possible_dec_calls=285800
