2026/05/15 17:08:27 LE-PSI shard server starting on :8081 (GOMAXPROCS=4)
2026/05/15 17:10:18 [shard 3] /init received: 143 records
Setting up LE with Parameters Q = 180143985094819841 qBits = 58 D = 256 N = 4
Successfully initialized the LE parameters:
 - Security Level: Fast Evaluation (Low Security)
 - Ring Dimension: 256
 - Modulus Q: 180143985094819841
 - Matrix Dimension N: 4
 - qBits: 58
 - Layers: 12 (slots = 4096)
 - Load Factor: 0.034912 (items/slot)
 - Placement: 2-choice Cuckoo hashing (collision-resistant)
2026/05/15 17:10:18 🚀 Auto-Tuned: 4 cores detected, 80.0 GB RAM available → 4 workers for 143 records (est. RAM: 0.1 GB)
       💾 Building Merkle Tree directly in RAM for chunked benchmark...
       ✓ In-memory tree built in 4.371389575s
2026/05/15 17:10:23        Chunked mode: witness generation deferred to active chunks

LE-PSI Performance Report (Parallelized)
==================================================
CPU Cores Used: 4
Total Execution Time: 5.008280561s
Key Generation Time: 548.489456ms (11.0%)
Hashing Time: 0s (0.0%)
Witness Generation Time: 0s (0.0%)
Intersection Detection Time: 0s (0.0%)
==================================================
2026/05/15 17:10:23 [shard 3] chunked init done in 5.0s
2026/05/15 17:12:54 [shard 3] /intersect: 200 ciphertexts vs 143 records
2026/05/15 17:12:55    Chunked leaf-indexed filtering: m=143, ciphertexts=200, chunk_size=143, workers=4, targeted_dec_calls=5 (all_pairs=28600)
2026/05/15 17:12:55    ... Chunk 1: records [0,143)
2026/05/15 17:12:55    Chunked intersection complete in 290.626672ms, matches=0
2026/05/15 17:12:55 [shard 3] chunked intersection done: 0 matches in 0.5s mode=explicit_chunked chunks=1 actual_dec_calls=5 total_possible_dec_calls=28600
2026/05/15 17:12:56 [shard 3] /init received: 286 records
Setting up LE with Parameters Q = 180143985094819841 qBits = 58 D = 256 N = 4
Successfully initialized the LE parameters:
 - Security Level: Fast Evaluation (Low Security)
 - Ring Dimension: 256
 - Modulus Q: 180143985094819841
 - Matrix Dimension N: 4
 - qBits: 58
 - Layers: 13 (slots = 8192)
 - Load Factor: 0.034912 (items/slot)
 - Placement: 2-choice Cuckoo hashing (collision-resistant)
2026/05/15 17:12:56 🚀 Auto-Tuned: 4 cores detected, 80.0 GB RAM available → 4 workers for 286 records (est. RAM: 0.3 GB)
       💾 Building Merkle Tree directly in RAM for chunked benchmark...
       ✓ In-memory tree built in 8.568406897s
2026/05/15 17:13:06        Chunked mode: witness generation deferred to active chunks

LE-PSI Performance Report (Parallelized)
==================================================
CPU Cores Used: 4
Total Execution Time: 9.481088975s
Key Generation Time: 826.937526ms (8.7%)
Hashing Time: 0s (0.0%)
Witness Generation Time: 0s (0.0%)
Intersection Detection Time: 0s (0.0%)
==================================================
2026/05/15 17:13:06 [shard 3] chunked init done in 9.5s
2026/05/15 17:15:38 [shard 3] /intersect: 200 ciphertexts vs 286 records
2026/05/15 17:15:39    Chunked leaf-indexed filtering: m=286, ciphertexts=200, chunk_size=256, workers=4, targeted_dec_calls=3 (all_pairs=57200)
2026/05/15 17:15:39    ... Chunk 1: records [0,256)
2026/05/15 17:15:39    ... Chunk 2: records [256,286)
2026/05/15 17:15:39    Chunked intersection complete in 508.893415ms, matches=0
2026/05/15 17:15:39 [shard 3] chunked intersection done: 0 matches in 0.7s mode=explicit_chunked chunks=2 actual_dec_calls=3 total_possible_dec_calls=57200
2026/05/15 17:15:40 [shard 3] /init received: 572 records
Setting up LE with Parameters Q = 180143985094819841 qBits = 58 D = 256 N = 4
Successfully initialized the LE parameters:
 - Security Level: Fast Evaluation (Low Security)
 - Ring Dimension: 256
 - Modulus Q: 180143985094819841
 - Matrix Dimension N: 4
 - qBits: 58
 - Layers: 14 (slots = 16384)
 - Load Factor: 0.034912 (items/slot)
 - Placement: 2-choice Cuckoo hashing (collision-resistant)
2026/05/15 17:15:40 🚀 Auto-Tuned: 4 cores detected, 80.0 GB RAM available → 4 workers for 572 records (est. RAM: 0.6 GB)
       💾 Building Merkle Tree directly in RAM for chunked benchmark...
       ✓ In-memory tree built in 17.430958746s
2026/05/15 17:15:59        Chunked mode: witness generation deferred to active chunks

LE-PSI Performance Report (Parallelized)
==================================================
CPU Cores Used: 4
Total Execution Time: 19.238522748s
Key Generation Time: 1.723597904s (9.0%)
Hashing Time: 0s (0.0%)
Witness Generation Time: 0s (0.0%)
Intersection Detection Time: 0s (0.0%)
==================================================
2026/05/15 17:15:59 [shard 3] chunked init done in 19.2s
2026/05/15 17:18:45 [shard 3] /intersect: 200 ciphertexts vs 572 records
2026/05/15 17:18:46    Chunked leaf-indexed filtering: m=572, ciphertexts=200, chunk_size=256, workers=4, targeted_dec_calls=8 (all_pairs=114400)
2026/05/15 17:18:46    ... Chunk 1: records [0,256)
2026/05/15 17:18:46    ... Chunk 2: records [256,512)
2026/05/15 17:18:46    ... Chunk 3: records [512,572)
2026/05/15 17:18:47    Chunked intersection complete in 980.866595ms, matches=0
2026/05/15 17:18:47 [shard 3] chunked intersection done: 0 matches in 1.2s mode=explicit_chunked chunks=3 actual_dec_calls=8 total_possible_dec_calls=114400
2026/05/15 17:18:48 [shard 3] /init received: 1143 records
Setting up LE with Parameters Q = 180143985094819841 qBits = 58 D = 256 N = 4
Successfully initialized the LE parameters:
 - Security Level: Fast Evaluation (Low Security)
 - Ring Dimension: 256
 - Modulus Q: 180143985094819841
 - Matrix Dimension N: 4
 - qBits: 58
 - Layers: 15 (slots = 32768)
 - Load Factor: 0.034882 (items/slot)
 - Placement: 2-choice Cuckoo hashing (collision-resistant)
2026/05/15 17:18:48 🚀 Auto-Tuned: 4 cores detected, 80.0 GB RAM available → 4 workers for 1143 records (est. RAM: 1.1 GB)
       💾 Building Merkle Tree directly in RAM for chunked benchmark...
       ✓ In-memory tree built in 35.248208032s
2026/05/15 17:19:27        Chunked mode: witness generation deferred to active chunks

LE-PSI Performance Report (Parallelized)
==================================================
CPU Cores Used: 4
Total Execution Time: 38.666142268s
Key Generation Time: 3.33244115s (8.6%)
Hashing Time: 0s (0.0%)
Witness Generation Time: 0s (0.0%)
Intersection Detection Time: 0s (0.0%)
==================================================
2026/05/15 17:19:27 [shard 3] chunked init done in 38.7s
2026/05/15 17:22:38 [shard 3] /intersect: 200 ciphertexts vs 1143 records
2026/05/15 17:22:39    Chunked leaf-indexed filtering: m=1143, ciphertexts=200, chunk_size=256, workers=4, targeted_dec_calls=8 (all_pairs=228600)
2026/05/15 17:22:39    ... Chunk 1: records [0,256)
2026/05/15 17:22:39    ... Chunk 2: records [256,512)
2026/05/15 17:22:39    ... Chunk 3: records [512,768)
2026/05/15 17:22:40    ... Chunk 4: records [768,1024)
2026/05/15 17:22:40    ... Chunk 5: records [1024,1143)
2026/05/15 17:22:40    Chunked intersection complete in 1.987072226s, matches=0
2026/05/15 17:22:40 [shard 3] chunked intersection done: 0 matches in 2.3s mode=explicit_chunked chunks=5 actual_dec_calls=8 total_possible_dec_calls=228600
2026/05/15 17:22:45 [shard 3] /init received: 1429 records
Setting up LE with Parameters Q = 180143985094819841 qBits = 58 D = 256 N = 4
Successfully initialized the LE parameters:
 - Security Level: Fast Evaluation (Low Security)
 - Ring Dimension: 256
 - Modulus Q: 180143985094819841
 - Matrix Dimension N: 4
 - qBits: 58
 - Layers: 15 (slots = 32768)
 - Load Factor: 0.043610 (items/slot)
 - Placement: 2-choice Cuckoo hashing (collision-resistant)
2026/05/15 17:22:45 🚀 Auto-Tuned: 4 cores detected, 80.0 GB RAM available → 4 workers for 1429 records (est. RAM: 1.4 GB)
       💾 Building Merkle Tree directly in RAM for chunked benchmark...
       ✓ In-memory tree built in 43.209347062s
2026/05/15 17:23:33        Chunked mode: witness generation deferred to active chunks

LE-PSI Performance Report (Parallelized)
==================================================
CPU Cores Used: 4
Total Execution Time: 47.442760071s
Key Generation Time: 4.147490158s (8.7%)
Hashing Time: 0s (0.0%)
Witness Generation Time: 0s (0.0%)
Intersection Detection Time: 0s (0.0%)
==================================================
2026/05/15 17:23:33 [shard 3] chunked init done in 47.4s
2026/05/15 17:26:34 [shard 3] /intersect: 200 ciphertexts vs 1429 records
2026/05/15 17:26:35    Chunked leaf-indexed filtering: m=1429, ciphertexts=200, chunk_size=256, workers=4, targeted_dec_calls=15 (all_pairs=285800)
2026/05/15 17:26:35    ... Chunk 1: records [0,256)
2026/05/15 17:26:35    ... Chunk 2: records [256,512)
2026/05/15 17:26:36    ... Chunk 3: records [512,768)
2026/05/15 17:26:36    ... Chunk 4: records [768,1024)
2026/05/15 17:26:37    ... Chunk 5: records [1024,1280)
2026/05/15 17:26:37    ... Chunk 6: records [1280,1429)
2026/05/15 17:26:38    Chunked intersection complete in 2.663558625s, matches=0
2026/05/15 17:26:38 [shard 3] chunked intersection done: 0 matches in 3.0s mode=explicit_chunked chunks=6 actual_dec_calls=15 total_possible_dec_calls=285800
