2026/05/15 17:08:57 LE-PSI shard server starting on :8081 (GOMAXPROCS=4)
2026/05/15 17:10:18 [shard 6] /init received: 142 records
Setting up LE with Parameters Q = 180143985094819841 qBits = 58 D = 256 N = 4
Successfully initialized the LE parameters:
 - Security Level: Fast Evaluation (Low Security)
 - Ring Dimension: 256
 - Modulus Q: 180143985094819841
 - Matrix Dimension N: 4
 - qBits: 58
 - Layers: 12 (slots = 4096)
 - Load Factor: 0.034668 (items/slot)
 - Placement: 2-choice Cuckoo hashing (collision-resistant)
2026/05/15 17:10:18 🚀 Auto-Tuned: 4 cores detected, 80.0 GB RAM available → 4 workers for 142 records (est. RAM: 0.1 GB)
       💾 Building Merkle Tree directly in RAM for chunked benchmark...
       ✓ In-memory tree built in 4.163642791s
2026/05/15 17:10:22        Chunked mode: witness generation deferred to active chunks

LE-PSI Performance Report (Parallelized)
==================================================
CPU Cores Used: 4
Total Execution Time: 4.755282641s
Key Generation Time: 502.537132ms (10.6%)
Hashing Time: 0s (0.0%)
Witness Generation Time: 0s (0.0%)
Intersection Detection Time: 0s (0.0%)
==================================================
2026/05/15 17:10:22 [shard 6] chunked init done in 4.8s
2026/05/15 17:12:51 [shard 6] /intersect: 200 ciphertexts vs 142 records
2026/05/15 17:12:52    Chunked leaf-indexed filtering: m=142, ciphertexts=200, chunk_size=142, workers=4, targeted_dec_calls=5 (all_pairs=28400)
2026/05/15 17:12:52    ... Chunk 1: records [0,142)
2026/05/15 17:12:52    Chunked intersection complete in 280.387664ms, matches=0
2026/05/15 17:12:52 [shard 6] chunked intersection done: 0 matches in 0.4s mode=explicit_chunked chunks=1 actual_dec_calls=5 total_possible_dec_calls=28400
2026/05/15 17:12:56 [shard 6] /init received: 284 records
Setting up LE with Parameters Q = 180143985094819841 qBits = 58 D = 256 N = 4
Successfully initialized the LE parameters:
 - Security Level: Fast Evaluation (Low Security)
 - Ring Dimension: 256
 - Modulus Q: 180143985094819841
 - Matrix Dimension N: 4
 - qBits: 58
 - Layers: 13 (slots = 8192)
 - Load Factor: 0.034668 (items/slot)
 - Placement: 2-choice Cuckoo hashing (collision-resistant)
2026/05/15 17:12:56 🚀 Auto-Tuned: 4 cores detected, 80.0 GB RAM available → 4 workers for 284 records (est. RAM: 0.3 GB)
       💾 Building Merkle Tree directly in RAM for chunked benchmark...
       ✓ In-memory tree built in 8.38236962s
2026/05/15 17:13:05        Chunked mode: witness generation deferred to active chunks

LE-PSI Performance Report (Parallelized)
==================================================
CPU Cores Used: 4
Total Execution Time: 9.285256443s
Key Generation Time: 819.285537ms (8.8%)
Hashing Time: 0s (0.0%)
Witness Generation Time: 0s (0.0%)
Intersection Detection Time: 0s (0.0%)
==================================================
2026/05/15 17:13:05 [shard 6] chunked init done in 9.3s
2026/05/15 17:15:38 [shard 6] /intersect: 200 ciphertexts vs 284 records
2026/05/15 17:15:38    Chunked leaf-indexed filtering: m=284, ciphertexts=200, chunk_size=256, workers=4, targeted_dec_calls=6 (all_pairs=56800)
2026/05/15 17:15:38    ... Chunk 1: records [0,256)
2026/05/15 17:15:38    ... Chunk 2: records [256,284)
2026/05/15 17:15:39    Chunked intersection complete in 595.494677ms, matches=0
2026/05/15 17:15:39 [shard 6] chunked intersection done: 0 matches in 0.8s mode=explicit_chunked chunks=2 actual_dec_calls=6 total_possible_dec_calls=56800
2026/05/15 17:15:40 [shard 6] /init received: 568 records
Setting up LE with Parameters Q = 180143985094819841 qBits = 58 D = 256 N = 4
Successfully initialized the LE parameters:
 - Security Level: Fast Evaluation (Low Security)
 - Ring Dimension: 256
 - Modulus Q: 180143985094819841
 - Matrix Dimension N: 4
 - qBits: 58
 - Layers: 14 (slots = 16384)
 - Load Factor: 0.034668 (items/slot)
 - Placement: 2-choice Cuckoo hashing (collision-resistant)
2026/05/15 17:15:40 🚀 Auto-Tuned: 4 cores detected, 80.0 GB RAM available → 4 workers for 568 records (est. RAM: 0.6 GB)
       💾 Building Merkle Tree directly in RAM for chunked benchmark...
       ✓ In-memory tree built in 17.487414414s
2026/05/15 17:16:00        Chunked mode: witness generation deferred to active chunks

LE-PSI Performance Report (Parallelized)
==================================================
CPU Cores Used: 4
Total Execution Time: 19.26055638s
Key Generation Time: 1.687770074s (8.8%)
Hashing Time: 0s (0.0%)
Witness Generation Time: 0s (0.0%)
Intersection Detection Time: 0s (0.0%)
==================================================
2026/05/15 17:16:00 [shard 6] chunked init done in 19.3s
2026/05/15 17:18:43 [shard 6] /intersect: 200 ciphertexts vs 568 records
2026/05/15 17:18:44    Chunked leaf-indexed filtering: m=568, ciphertexts=200, chunk_size=256, workers=4, targeted_dec_calls=8 (all_pairs=113600)
2026/05/15 17:18:44    ... Chunk 1: records [0,256)
2026/05/15 17:18:44    ... Chunk 2: records [256,512)
2026/05/15 17:18:45    ... Chunk 3: records [512,568)
2026/05/15 17:18:45    Chunked intersection complete in 958.961633ms, matches=0
2026/05/15 17:18:45 [shard 6] chunked intersection done: 0 matches in 1.2s mode=explicit_chunked chunks=3 actual_dec_calls=8 total_possible_dec_calls=113600
2026/05/15 17:18:48 [shard 6] /init received: 1142 records
Setting up LE with Parameters Q = 180143985094819841 qBits = 58 D = 256 N = 4
Successfully initialized the LE parameters:
 - Security Level: Fast Evaluation (Low Security)
 - Ring Dimension: 256
 - Modulus Q: 180143985094819841
 - Matrix Dimension N: 4
 - qBits: 58
 - Layers: 15 (slots = 32768)
 - Load Factor: 0.034851 (items/slot)
 - Placement: 2-choice Cuckoo hashing (collision-resistant)
2026/05/15 17:18:48 🚀 Auto-Tuned: 4 cores detected, 80.0 GB RAM available → 4 workers for 1142 records (est. RAM: 1.1 GB)
       💾 Building Merkle Tree directly in RAM for chunked benchmark...
       ✓ In-memory tree built in 34.905140792s
2026/05/15 17:19:26        Chunked mode: witness generation deferred to active chunks

LE-PSI Performance Report (Parallelized)
==================================================
CPU Cores Used: 4
Total Execution Time: 38.225594001s
Key Generation Time: 3.235938753s (8.5%)
Hashing Time: 0s (0.0%)
Witness Generation Time: 0s (0.0%)
Intersection Detection Time: 0s (0.0%)
==================================================
2026/05/15 17:19:26 [shard 6] chunked init done in 38.2s
2026/05/15 17:22:35 [shard 6] /intersect: 200 ciphertexts vs 1142 records
2026/05/15 17:22:36    Chunked leaf-indexed filtering: m=1142, ciphertexts=200, chunk_size=256, workers=4, targeted_dec_calls=3 (all_pairs=228400)
2026/05/15 17:22:36    ... Chunk 1: records [0,256)
2026/05/15 17:22:36    ... Chunk 2: records [256,512)
2026/05/15 17:22:36    ... Chunk 3: records [512,768)
2026/05/15 17:22:37    ... Chunk 4: records [768,1024)
2026/05/15 17:22:37    ... Chunk 5: records [1024,1142)
2026/05/15 17:22:37    Chunked intersection complete in 1.700227248s, matches=0
2026/05/15 17:22:37 [shard 6] chunked intersection done: 0 matches in 2.0s mode=explicit_chunked chunks=5 actual_dec_calls=3 total_possible_dec_calls=228400
2026/05/15 17:22:45 [shard 6] /init received: 1426 records
Setting up LE with Parameters Q = 180143985094819841 qBits = 58 D = 256 N = 4
Successfully initialized the LE parameters:
 - Security Level: Fast Evaluation (Low Security)
 - Ring Dimension: 256
 - Modulus Q: 180143985094819841
 - Matrix Dimension N: 4
 - qBits: 58
 - Layers: 15 (slots = 32768)
 - Load Factor: 0.043518 (items/slot)
 - Placement: 2-choice Cuckoo hashing (collision-resistant)
2026/05/15 17:22:45 🚀 Auto-Tuned: 4 cores detected, 80.0 GB RAM available → 4 workers for 1426 records (est. RAM: 1.4 GB)
       💾 Building Merkle Tree directly in RAM for chunked benchmark...
       ✓ In-memory tree built in 41.242112751s
2026/05/15 17:23:31        Chunked mode: witness generation deferred to active chunks

LE-PSI Performance Report (Parallelized)
==================================================
CPU Cores Used: 4
Total Execution Time: 45.338012001s
Key Generation Time: 4.012169324s (8.8%)
Hashing Time: 0s (0.0%)
Witness Generation Time: 0s (0.0%)
Intersection Detection Time: 0s (0.0%)
==================================================
2026/05/15 17:23:31 [shard 6] chunked init done in 45.3s
2026/05/15 17:26:32 [shard 6] /intersect: 200 ciphertexts vs 1426 records
2026/05/15 17:26:33    Chunked leaf-indexed filtering: m=1426, ciphertexts=200, chunk_size=256, workers=4, targeted_dec_calls=12 (all_pairs=285200)
2026/05/15 17:26:33    ... Chunk 1: records [0,256)
2026/05/15 17:26:34    ... Chunk 2: records [256,512)
2026/05/15 17:26:34    ... Chunk 3: records [512,768)
2026/05/15 17:26:35    ... Chunk 4: records [768,1024)
2026/05/15 17:26:35    ... Chunk 5: records [1024,1280)
2026/05/15 17:26:35    ... Chunk 6: records [1280,1426)
2026/05/15 17:26:36    Chunked intersection complete in 2.471751268s, matches=0
2026/05/15 17:26:36 [shard 6] chunked intersection done: 0 matches in 2.8s mode=explicit_chunked chunks=6 actual_dec_calls=12 total_possible_dec_calls=285200
