2026/05/15 17:18:48 LE-PSI Coordinator: m=8000 n=100 K=7
2026/05/15 17:18:48 [coord] Phase 1: Initializing 7 shards (m=8000, m/K=1142)...
2026/05/15 17:18:48 [coord] → shard-6 /init: 1142 records
2026/05/15 17:18:48 [coord] → shard-4 /init: 1143 records
2026/05/15 17:18:48 [coord] → shard-2 /init: 1143 records
2026/05/15 17:18:48 [coord] → shard-1 /init: 1143 records
2026/05/15 17:18:48 [coord] → shard-3 /init: 1143 records
2026/05/15 17:18:48 [coord] → shard-0 /init: 1143 records
2026/05/15 17:18:48 [coord] → shard-5 /init: 1143 records
2026/05/15 17:19:26 [coord] ✓ shard-1 init: 37.4s, 0 MB
2026/05/15 17:19:27 [coord] ✓ shard-6 init: 38.2s, 0 MB
2026/05/15 17:19:27 [coord] ✓ shard-3 init: 38.7s, 0 MB
2026/05/15 17:19:27 [coord] ✓ shard-0 init: 38.8s, 0 MB
2026/05/15 17:19:27 [coord] ✓ shard-2 init: 38.7s, 0 MB
2026/05/15 17:19:28 [coord] ✓ shard-5 init: 39.1s, 0 MB
2026/05/15 17:19:28 [coord] ✓ shard-4 init: 39.7s, 0 MB
2026/05/15 17:19:28 [coord] ✓ All shards initialized in 0.7 min
2026/05/15 17:19:28 [coord] Phase 2: Client encryption (n=100)...
2026/05/15 17:19:58 [coord] client: encrypted 200 ciphertexts
2026/05/15 17:20:37 [coord] Wrote ciphertext payload to /tmp/cts_payload.json
2026/05/15 17:20:37 [coord] Memory reclaimed — ciphertexts on disk, RAM near zero.
2026/05/15 17:20:37 [coord] Phase 3: Fan-out intersection to 7 shards...
2026/05/15 17:20:37 [coord] → shard-6 /intersect
2026/05/15 17:20:37 [coord] → shard-2 /intersect
2026/05/15 17:20:37 [coord] → shard-0 /intersect
2026/05/15 17:20:37 [coord] → shard-1 /intersect
2026/05/15 17:20:37 [coord] → shard-3 /intersect
2026/05/15 17:20:37 [coord] → shard-4 /intersect
2026/05/15 17:20:37 [coord] → shard-5 /intersect
2026/05/15 17:22:34 [coord] ✓ shard-0: 18 matches in 2.4s
2026/05/15 17:22:34 [coord] ✓ shard-5: 0 matches in 2.1s
2026/05/15 17:22:35 [coord] ✓ shard-1: 0 matches in 2.1s
2026/05/15 17:22:36 [coord] ✓ shard-4: 0 matches in 2.0s
2026/05/15 17:22:37 [coord] ✓ shard-6: 0 matches in 2.0s
2026/05/15 17:22:40 [coord] ✓ shard-3: 0 matches in 2.3s
2026/05/15 17:22:44 [coord] ✓ shard-2: 0 matches in 2.2s
2026/05/15 17:22:45 [coord] ══════════════════════════════════════════
2026/05/15 17:22:45 [coord] RESULT: m=8000 n=100 K=7
2026/05/15 17:22:45 [coord]   Total  : 3.95 min
2026/05/15 17:22:45 [coord]   Init   : 0.68 min
2026/05/15 17:22:45 [coord]   Intersect: 2.11 min
2026/05/15 17:22:45 [coord]   Matches: 18
2026/05/15 17:22:45 [coord]   Peak RAM/shard: 0 MB
2026/05/15 17:22:45 [coord] ══════════════════════════════════════════
2026/05/15 17:22:45 Results saved to: /tmp/lepsi_remote_chunked_results/chunked_b52740c_20260515_170750/20260515_171848_m8000_n100_K7_b52740c_chunked/distributed_2026-05-15_17-18-48_m8000_n100_K7.json
{
  "timestamp": "2026-05-15_17-18-48",
  "server_dataset_size": 8000,
  "client_dataset_size": 100,
  "shards": 7,
  "total_time_ns": 237135068287,
  "init_time_ns": 40517068203,
  "intersect_time_ns": 126434350822,
  "matches_found": 18,
  "peak_ram_per_shard_mb": 0,
  "success": true
}
