2026/05/15 17:15:40 LE-PSI Coordinator: m=4000 n=100 K=7
2026/05/15 17:15:40 [coord] Phase 1: Initializing 7 shards (m=4000, m/K=571)...
2026/05/15 17:15:40 [coord] → shard-6 /init: 568 records
2026/05/15 17:15:40 [coord] → shard-2 /init: 572 records
2026/05/15 17:15:40 [coord] → shard-4 /init: 572 records
2026/05/15 17:15:40 [coord] → shard-1 /init: 572 records
2026/05/15 17:15:40 [coord] → shard-5 /init: 572 records
2026/05/15 17:15:40 [coord] → shard-3 /init: 572 records
2026/05/15 17:15:40 [coord] → shard-0 /init: 572 records
2026/05/15 17:15:59 [coord] ✓ shard-0 init: 18.6s, 0 MB
2026/05/15 17:15:59 [coord] ✓ shard-5 init: 18.6s, 0 MB
2026/05/15 17:16:00 [coord] ✓ shard-1 init: 18.9s, 0 MB
2026/05/15 17:16:00 [coord] ✓ shard-2 init: 19.0s, 0 MB
2026/05/15 17:16:00 [coord] ✓ shard-3 init: 19.2s, 0 MB
2026/05/15 17:16:00 [coord] ✓ shard-4 init: 19.2s, 0 MB
2026/05/15 17:16:00 [coord] ✓ shard-6 init: 19.3s, 0 MB
2026/05/15 17:16:00 [coord] ✓ All shards initialized in 0.3 min
2026/05/15 17:16:00 [coord] Phase 2: Client encryption (n=100)...
2026/05/15 17:16:23 [coord] client: encrypted 200 ciphertexts
2026/05/15 17:16:55 [coord] Wrote ciphertext payload to /tmp/cts_payload.json
2026/05/15 17:16:55 [coord] Memory reclaimed — ciphertexts on disk, RAM near zero.
2026/05/15 17:16:55 [coord] Phase 3: Fan-out intersection to 7 shards...
2026/05/15 17:16:55 [coord] → shard-6 /intersect
2026/05/15 17:16:55 [coord] → shard-2 /intersect
2026/05/15 17:16:55 [coord] → shard-0 /intersect
2026/05/15 17:16:55 [coord] → shard-4 /intersect
2026/05/15 17:16:55 [coord] → shard-3 /intersect
2026/05/15 17:16:55 [coord] → shard-1 /intersect
2026/05/15 17:16:55 [coord] → shard-5 /intersect
2026/05/15 17:18:43 [coord] ✓ shard-5: 0 matches in 1.2s
2026/05/15 17:18:43 [coord] ✓ shard-1: 0 matches in 1.1s
2026/05/15 17:18:43 [coord] ✓ shard-0: 20 matches in 1.5s
2026/05/15 17:18:45 [coord] ✓ shard-6: 0 matches in 1.2s
2026/05/15 17:18:46 [coord] ✓ shard-4: 0 matches in 1.3s
2026/05/15 17:18:46 [coord] ✓ shard-2: 0 matches in 1.3s
2026/05/15 17:18:47 [coord] ✓ shard-3: 0 matches in 1.2s
2026/05/15 17:18:47 [coord] ══════════════════════════════════════════
2026/05/15 17:18:47 [coord] RESULT: m=4000 n=100 K=7
2026/05/15 17:18:47 [coord]   Total  : 3.13 min
2026/05/15 17:18:47 [coord]   Init   : 0.34 min
2026/05/15 17:18:47 [coord]   Intersect: 1.86 min
2026/05/15 17:18:47 [coord]   Matches: 20
2026/05/15 17:18:47 [coord]   Peak RAM/shard: 0 MB
2026/05/15 17:18:47 [coord] ══════════════════════════════════════════
2026/05/15 17:18:47 Results saved to: /tmp/lepsi_remote_chunked_results/chunked_b52740c_20260515_170750/20260515_171540_m4000_n100_K7_b52740c_chunked/distributed_2026-05-15_17-15-40_m4000_n100_K7.json
{
  "timestamp": "2026-05-15_17-15-40",
  "server_dataset_size": 4000,
  "client_dataset_size": 100,
  "shards": 7,
  "total_time_ns": 187505573084,
  "init_time_ns": 20133738653,
  "intersect_time_ns": 111825423323,
  "matches_found": 20,
  "peak_ram_per_shard_mb": 0,
  "success": true
}
