2026/05/15 01:57:04 LE-PSI Coordinator: m=1000 n=100 K=7
2026/05/15 01:57:04 [coord] Phase 1: Initializing 7 shards (m=1000, m/K=142)...
2026/05/15 01:57:04 [coord] → shard-6 /init: 142 records
2026/05/15 01:57:04 [coord] → shard-2 /init: 143 records
2026/05/15 01:57:04 [coord] → shard-0 /init: 143 records
2026/05/15 01:57:04 [coord] → shard-1 /init: 143 records
2026/05/15 01:57:04 [coord] → shard-4 /init: 143 records
2026/05/15 01:57:04 [coord] → shard-3 /init: 143 records
2026/05/15 01:57:04 [coord] → shard-5 /init: 143 records
2026/05/15 01:57:54 [coord] ✓ shard-4 init: 49.8s, 1836 MB
2026/05/15 01:57:57 [coord] ✓ shard-1 init: 52.6s, 1836 MB
2026/05/15 01:58:01 [coord] ✓ shard-0 init: 56.7s, 1839 MB
2026/05/15 01:58:03 [coord] ✓ shard-2 init: 58.2s, 1836 MB
2026/05/15 01:58:03 [coord] ✓ shard-3 init: 58.4s, 1836 MB
2026/05/15 01:58:04 [coord] ✓ shard-5 init: 59.8s, 1836 MB
2026/05/15 01:58:05 [coord] ✓ shard-6 init: 60.1s, 1823 MB
2026/05/15 01:58:05 [coord] ✓ All shards initialized in 1.0 min
2026/05/15 01:58:05 [coord] Phase 2: Client encryption (n=100)...
2026/05/15 01:58:27 [coord] client: encrypted 200 ciphertexts
2026/05/15 01:58:58 [coord] Wrote ciphertext payload to /tmp/cts_payload.json
2026/05/15 01:58:58 [coord] Memory reclaimed — ciphertexts on disk, RAM near zero.
2026/05/15 01:58:58 [coord] Phase 3: Fan-out intersection to 7 shards...
2026/05/15 01:58:58 [coord] → shard-6 /intersect
2026/05/15 01:58:58 [coord] → shard-0 /intersect
2026/05/15 01:58:58 [coord] → shard-3 /intersect
2026/05/15 01:58:58 [coord] → shard-1 /intersect
2026/05/15 01:58:58 [coord] → shard-2 /intersect
2026/05/15 01:58:58 [coord] → shard-5 /intersect
2026/05/15 01:58:58 [coord] → shard-4 /intersect
2026/05/15 02:04:32 [coord] ✓ shard-6: 0 matches in 212.6s
2026/05/15 02:04:34 [coord] ✓ shard-3: 0 matches in 213.9s
2026/05/15 02:04:42 [coord] ✓ shard-5: 0 matches in 221.7s
2026/05/15 02:04:45 [coord] ✓ shard-2: 0 matches in 224.7s
2026/05/15 02:04:47 [coord] ✓ shard-1: 0 matches in 231.6s
2026/05/15 02:04:49 [coord] ✓ shard-0: 16 matches in 231.3s
2026/05/15 02:05:39 [coord] ✓ shard-4: 0 matches in 256.4s
2026/05/15 02:05:41 [coord] ══════════════════════════════════════════
2026/05/15 02:05:41 [coord] RESULT: m=1000 n=100 K=7
2026/05/15 02:05:41 [coord]   Total  : 8.61 min
2026/05/15 02:05:41 [coord]   Init   : 1.01 min
2026/05/15 02:05:41 [coord]   Intersect: 6.68 min
2026/05/15 02:05:41 [coord]   Matches: 16
2026/05/15 02:05:41 [coord]   Peak RAM/shard: 45 MB
2026/05/15 02:05:41 [coord] ══════════════════════════════════════════
2026/05/15 02:05:41 Results saved to: /tmp/lepsi_results/distributed_2026-05-15_01-57-04_m1000_n100_K7.json
{
  "timestamp": "2026-05-15_01-57-04",
  "server_dataset_size": 1000,
  "client_dataset_size": 100,
  "shards": 7,
  "total_time_ns": 516562435311,
  "init_time_ns": 60479185818,
  "intersect_time_ns": 400804218796,
  "matches_found": 16,
  "peak_ram_per_shard_mb": 44.5625,
  "success": true
}
