2026/05/15 01:55:59 LE-PSI shard server starting on :8081 (GOMAXPROCS=4)
2026/05/15 01:57:04 [shard 1] /init received: 143 records
Setting up LE with Parameters Q = 180143985094819841 qBits = 58 D = 256 N = 4
Successfully initialized the LE parameters:
 - Security Level: Fast Evaluation (Low Security)
 - Ring Dimension: 256
 - Modulus Q: 180143985094819841
 - Matrix Dimension N: 4
 - qBits: 58
 - Layers: 12 (slots = 4096)
 - Load Factor: 0.034912 (items/slot)
 - Estimated Collision Probability: 9.176038e-01
2026/05/15 01:57:04 🚀 Auto-Tuned: 4 cores detected, 80.0 GB RAM available → 4 workers for 143 records (est. RAM: 5.0 GB)
       💾 Loading Merkle Tree into RAM for fast witness generation...
       ✓ Tree loaded in 27.230678ms
2026/05/15 01:57:54 🚀 Auto-Tuned: 4 cores detected, 80.0 GB RAM available → 4 workers for 143 records (est. RAM: 5.0 GB)

LE-PSI Performance Report (Parallelized)
==================================================
CPU Cores Used: 4
Total Execution Time: 52.562385251s
Key Generation Time: 819.6279ms (1.6%)
Hashing Time: 0s (0.0%)
Witness Generation Time: 3.037184534s (5.8%)
Intersection Detection Time: 0s (0.0%)
==================================================
2026/05/15 01:57:57 [shard 1] init done in 52.6s
2026/05/15 02:00:52 [shard 1] /intersect: 200 ciphertexts vs 143 records
2026/05/15 02:00:56 🚀 Auto-Tuned: 4 cores detected, 80.0 GB RAM available → 4 workers for 143 records (est. RAM: 5.0 GB)
2026/05/15 02:01:01    ... Progress: 695/28600 (2.4%)
2026/05/15 02:01:06    ... Progress: 1378/28600 (4.8%)
2026/05/15 02:01:11    ... Progress: 2041/28600 (7.1%)
2026/05/15 02:01:16    ... Progress: 2708/28600 (9.5%)
2026/05/15 02:01:21    ... Progress: 3390/28600 (11.9%)
2026/05/15 02:01:26    ... Progress: 4069/28600 (14.2%)
2026/05/15 02:01:31    ... Progress: 4724/28600 (16.5%)
2026/05/15 02:01:36    ... Progress: 5425/28600 (19.0%)
2026/05/15 02:01:41    ... Progress: 6102/28600 (21.3%)
2026/05/15 02:01:46    ... Progress: 6755/28600 (23.6%)
2026/05/15 02:01:51    ... Progress: 7439/28600 (26.0%)
2026/05/15 02:01:56    ... Progress: 8116/28600 (28.4%)
2026/05/15 02:02:01    ... Progress: 8778/28600 (30.7%)
2026/05/15 02:02:06    ... Progress: 9445/28600 (33.0%)
2026/05/15 02:02:11    ... Progress: 10132/28600 (35.4%)
2026/05/15 02:02:16    ... Progress: 10784/28600 (37.7%)
2026/05/15 02:02:21    ... Progress: 11451/28600 (40.0%)
2026/05/15 02:02:26    ... Progress: 12146/28600 (42.5%)
2026/05/15 02:02:31    ... Progress: 12822/28600 (44.8%)
2026/05/15 02:02:36    ... Progress: 13486/28600 (47.2%)
2026/05/15 02:02:41    ... Progress: 14169/28600 (49.5%)
2026/05/15 02:02:46    ... Progress: 14407/28600 (50.4%)
2026/05/15 02:02:51    ... Progress: 14607/28600 (51.1%)
2026/05/15 02:02:56    ... Progress: 14976/28600 (52.4%)
2026/05/15 02:03:01    ... Progress: 15633/28600 (54.7%)
2026/05/15 02:03:06    ... Progress: 16279/28600 (56.9%)
2026/05/15 02:03:11    ... Progress: 16945/28600 (59.2%)
2026/05/15 02:03:16    ... Progress: 17614/28600 (61.6%)
2026/05/15 02:03:21    ... Progress: 18287/28600 (63.9%)
2026/05/15 02:03:26    ... Progress: 18850/28600 (65.9%)
2026/05/15 02:03:31    ... Progress: 18922/28600 (66.2%)
2026/05/15 02:03:36    ... Progress: 19105/28600 (66.8%)
2026/05/15 02:03:41    ... Progress: 19745/28600 (69.0%)
2026/05/15 02:03:46    ... Progress: 20412/28600 (71.4%)
2026/05/15 02:03:51    ... Progress: 21075/28600 (73.7%)
2026/05/15 02:03:56    ... Progress: 21726/28600 (76.0%)
2026/05/15 02:04:01    ... Progress: 22387/28600 (78.3%)
2026/05/15 02:04:06    ... Progress: 23072/28600 (80.7%)
2026/05/15 02:04:11    ... Progress: 23734/28600 (83.0%)
2026/05/15 02:04:16    ... Progress: 24387/28600 (85.3%)
2026/05/15 02:04:21    ... Progress: 25088/28600 (87.7%)
2026/05/15 02:04:26    ... Progress: 25750/28600 (90.0%)
2026/05/15 02:04:31    ... Progress: 26396/28600 (92.3%)
2026/05/15 02:04:36    ... Progress: 27086/28600 (94.7%)
2026/05/15 02:04:41    ... Progress: 27747/28600 (97.0%)
2026/05/15 02:04:46    ... Progress: 28395/28600 (99.3%)

LE-PSI Performance Report (Parallelized)
==================================================
CPU Cores Used: 4
Total Execution Time: 3m51.37581694s
Key Generation Time: 0s (0.0%)
Hashing Time: 0s (0.0%)
Witness Generation Time: 0s (0.0%)
Intersection Detection Time: 3m51.375816251s (100.0%)
Throughput: 123.61 operations/second
Parallel Efficiency: 4.0x speedup potential
==================================================
2026/05/15 02:04:47 [shard 1] intersection done: 0 matches in 231.6s
