2026/05/15 01:55:49 LE-PSI shard server starting on :8081 (GOMAXPROCS=4)
2026/05/15 01:57:04 [shard 0] /init received: 143 records
Setting up LE with Parameters Q = 180143985094819841 qBits = 58 D = 256 N = 4
Successfully initialized the LE parameters:
 - Security Level: Fast Evaluation (Low Security)
 - Ring Dimension: 256
 - Modulus Q: 180143985094819841
 - Matrix Dimension N: 4
 - qBits: 58
 - Layers: 12 (slots = 4096)
 - Load Factor: 0.034912 (items/slot)
 - Estimated Collision Probability: 9.176038e-01
2026/05/15 01:57:04 🚀 Auto-Tuned: 4 cores detected, 80.0 GB RAM available → 4 workers for 143 records (est. RAM: 5.0 GB)
       💾 Loading Merkle Tree into RAM for fast witness generation...
       ✓ Tree loaded in 26.025321ms
2026/05/15 01:57:58 🚀 Auto-Tuned: 4 cores detected, 80.0 GB RAM available → 4 workers for 143 records (est. RAM: 5.0 GB)

LE-PSI Performance Report (Parallelized)
==================================================
CPU Cores Used: 4
Total Execution Time: 56.705160922s
Key Generation Time: 816.545546ms (1.4%)
Hashing Time: 0s (0.0%)
Witness Generation Time: 3.070144162s (5.4%)
Intersection Detection Time: 0s (0.0%)
==================================================
2026/05/15 01:58:01 [shard 0] init done in 56.7s
2026/05/15 02:00:53 [shard 0] /intersect: 200 ciphertexts vs 143 records
2026/05/15 02:00:58 🚀 Auto-Tuned: 4 cores detected, 80.0 GB RAM available → 4 workers for 143 records (est. RAM: 5.0 GB)
2026/05/15 02:01:03    ... Progress: 703/28600 (2.5%)
2026/05/15 02:01:08    ... Progress: 1356/28600 (4.7%)
2026/05/15 02:01:13    ... Progress: 2027/28600 (7.1%)
2026/05/15 02:01:18    ... Progress: 2701/28600 (9.4%)
2026/05/15 02:01:23    ... Progress: 3407/28600 (11.9%)
2026/05/15 02:01:28    ... Progress: 4058/28600 (14.2%)
2026/05/15 02:01:33    ... Progress: 4720/28600 (16.5%)
2026/05/15 02:01:38    ... Progress: 5411/28600 (18.9%)
2026/05/15 02:01:43    ... Progress: 6088/28600 (21.3%)
2026/05/15 02:01:48    ... Progress: 6736/28600 (23.6%)
2026/05/15 02:01:53    ... Progress: 7425/28600 (26.0%)
2026/05/15 02:01:58    ... Progress: 8096/28600 (28.3%)
2026/05/15 02:02:03    ... Progress: 8758/28600 (30.6%)
2026/05/15 02:02:08    ... Progress: 9435/28600 (33.0%)
2026/05/15 02:02:13    ... Progress: 10124/28600 (35.4%)
2026/05/15 02:02:18    ... Progress: 10774/28600 (37.7%)
2026/05/15 02:02:23    ... Progress: 11442/28600 (40.0%)
2026/05/15 02:02:28    ... Progress: 12137/28600 (42.4%)
2026/05/15 02:02:33    ... Progress: 12790/28600 (44.7%)
2026/05/15 02:02:38    ... Progress: 13458/28600 (47.1%)
2026/05/15 02:02:43    ... Progress: 14143/28600 (49.5%)
2026/05/15 02:02:48    ... Progress: 14792/28600 (51.7%)
2026/05/15 02:02:53    ... Progress: 15466/28600 (54.1%)
2026/05/15 02:02:58    ... Progress: 16125/28600 (56.4%)
2026/05/15 02:03:03    ... Progress: 16227/28600 (56.7%)
2026/05/15 02:03:08    ... Progress: 16447/28600 (57.5%)
2026/05/15 02:03:13    ... Progress: 16882/28600 (59.0%)
2026/05/15 02:03:18    ... Progress: 17546/28600 (61.3%)
2026/05/15 02:03:23    ... Progress: 18225/28600 (63.7%)
2026/05/15 02:03:28    ... Progress: 18891/28600 (66.1%)
2026/05/15 02:03:33    ... Progress: 19546/28600 (68.3%)
2026/05/15 02:03:38    ... Progress: 20233/28600 (70.7%)
2026/05/15 02:03:43    ... Progress: 20766/28600 (72.6%)
2026/05/15 02:03:48    ... Progress: 20901/28600 (73.1%)
2026/05/15 02:03:53    ... Progress: 21102/28600 (73.8%)
2026/05/15 02:03:58    ... Progress: 21765/28600 (76.1%)
2026/05/15 02:04:03    ... Progress: 22407/28600 (78.3%)
2026/05/15 02:04:08    ... Progress: 23082/28600 (80.7%)
2026/05/15 02:04:13    ... Progress: 23769/28600 (83.1%)
2026/05/15 02:04:18    ... Progress: 24420/28600 (85.4%)
2026/05/15 02:04:23    ... Progress: 25094/28600 (87.7%)
2026/05/15 02:04:28    ... Progress: 25794/28600 (90.2%)
2026/05/15 02:04:33    ... Progress: 26452/28600 (92.5%)
2026/05/15 02:04:38    ... Progress: 27110/28600 (94.8%)
2026/05/15 02:04:43    ... Progress: 27798/28600 (97.2%)
2026/05/15 02:04:48    ... Progress: 28444/28600 (99.5%)

LE-PSI Performance Report (Parallelized)
==================================================
CPU Cores Used: 4
Total Execution Time: 3m51.052324701s
Key Generation Time: 0s (0.0%)
Hashing Time: 0s (0.0%)
Witness Generation Time: 0s (0.0%)
Intersection Detection Time: 3m51.052272065s (100.0%)
Throughput: 123.78 operations/second
Parallel Efficiency: 4.0x speedup potential
==================================================
2026/05/15 02:04:49 [shard 0] intersection done: 16 matches in 231.3s
