2026/05/15 01:56:29 LE-PSI shard server starting on :8081 (GOMAXPROCS=4)
2026/05/15 01:57:04 [shard 4] /init received: 143 records
Setting up LE with Parameters Q = 180143985094819841 qBits = 58 D = 256 N = 4
Successfully initialized the LE parameters:
 - Security Level: Fast Evaluation (Low Security)
 - Ring Dimension: 256
 - Modulus Q: 180143985094819841
 - Matrix Dimension N: 4
 - qBits: 58
 - Layers: 12 (slots = 4096)
 - Load Factor: 0.034912 (items/slot)
 - Estimated Collision Probability: 9.176038e-01
2026/05/15 01:57:04 🚀 Auto-Tuned: 4 cores detected, 80.0 GB RAM available → 4 workers for 143 records (est. RAM: 5.0 GB)
       💾 Loading Merkle Tree into RAM for fast witness generation...
       ✓ Tree loaded in 48.349254ms
2026/05/15 01:57:51 🚀 Auto-Tuned: 4 cores detected, 80.0 GB RAM available → 4 workers for 143 records (est. RAM: 5.0 GB)

LE-PSI Performance Report (Parallelized)
==================================================
CPU Cores Used: 4
Total Execution Time: 49.761649801s
Key Generation Time: 900.767717ms (1.8%)
Hashing Time: 0s (0.0%)
Witness Generation Time: 3.13830986s (6.3%)
Intersection Detection Time: 0s (0.0%)
==================================================
2026/05/15 01:57:54 [shard 4] init done in 49.8s
2026/05/15 02:01:15 [shard 4] /intersect: 200 ciphertexts vs 143 records
2026/05/15 02:01:23 🚀 Auto-Tuned: 4 cores detected, 80.0 GB RAM available → 4 workers for 143 records (est. RAM: 5.0 GB)
2026/05/15 02:01:28    ... Progress: 671/28600 (2.3%)
2026/05/15 02:01:33    ... Progress: 1322/28600 (4.6%)
2026/05/15 02:01:38    ... Progress: 1956/28600 (6.8%)
2026/05/15 02:01:43    ... Progress: 2632/28600 (9.2%)
2026/05/15 02:01:48    ... Progress: 3271/28600 (11.4%)
2026/05/15 02:01:53    ... Progress: 3911/28600 (13.7%)
2026/05/15 02:01:58    ... Progress: 4587/28600 (16.0%)
2026/05/15 02:02:03    ... Progress: 5223/28600 (18.3%)
2026/05/15 02:02:08    ... Progress: 5861/28600 (20.5%)
2026/05/15 02:02:13    ... Progress: 6530/28600 (22.8%)
2026/05/15 02:02:18    ... Progress: 7152/28600 (25.0%)
2026/05/15 02:02:23    ... Progress: 7804/28600 (27.3%)
2026/05/15 02:02:28    ... Progress: 8446/28600 (29.5%)
2026/05/15 02:02:33    ... Progress: 9085/28600 (31.8%)
2026/05/15 02:02:38    ... Progress: 9746/28600 (34.1%)
2026/05/15 02:02:43    ... Progress: 10403/28600 (36.4%)
2026/05/15 02:02:48    ... Progress: 11031/28600 (38.6%)
2026/05/15 02:02:53    ... Progress: 11694/28600 (40.9%)
2026/05/15 02:02:58    ... Progress: 12336/28600 (43.1%)
2026/05/15 02:03:03    ... Progress: 12959/28600 (45.3%)
2026/05/15 02:03:08    ... Progress: 13629/28600 (47.7%)
2026/05/15 02:03:13    ... Progress: 14269/28600 (49.9%)
2026/05/15 02:03:18    ... Progress: 14906/28600 (52.1%)
2026/05/15 02:03:23    ... Progress: 15576/28600 (54.5%)
2026/05/15 02:03:28    ... Progress: 16184/28600 (56.6%)
2026/05/15 02:03:33    ... Progress: 16855/28600 (58.9%)
2026/05/15 02:03:38    ... Progress: 17466/28600 (61.1%)
2026/05/15 02:03:43    ... Progress: 18094/28600 (63.3%)
2026/05/15 02:03:48    ... Progress: 18757/28600 (65.6%)
2026/05/15 02:03:53    ... Progress: 19385/28600 (67.8%)
2026/05/15 02:03:58    ... Progress: 20027/28600 (70.0%)
2026/05/15 02:04:03    ... Progress: 20696/28600 (72.4%)
2026/05/15 02:04:08    ... Progress: 21305/28600 (74.5%)
2026/05/15 02:04:13    ... Progress: 21986/28600 (76.9%)
2026/05/15 02:04:18    ... Progress: 22624/28600 (79.1%)
2026/05/15 02:04:23    ... Progress: 23242/28600 (81.3%)
2026/05/15 02:04:28    ... Progress: 23916/28600 (83.6%)
2026/05/15 02:04:33    ... Progress: 24525/28600 (85.8%)
2026/05/15 02:04:38    ... Progress: 24611/28600 (86.1%)
2026/05/15 02:04:43    ... Progress: 24788/28600 (86.7%)
2026/05/15 02:04:48    ... Progress: 24999/28600 (87.4%)
2026/05/15 02:04:53    ... Progress: 25138/28600 (87.9%)
2026/05/15 02:04:58    ... Progress: 25464/28600 (89.0%)
2026/05/15 02:05:03    ... Progress: 25806/28600 (90.2%)
2026/05/15 02:05:08    ... Progress: 26198/28600 (91.6%)
2026/05/15 02:05:13    ... Progress: 26564/28600 (92.9%)
2026/05/15 02:05:18    ... Progress: 26903/28600 (94.1%)
2026/05/15 02:05:23    ... Progress: 27257/28600 (95.3%)
2026/05/15 02:05:28    ... Progress: 27577/28600 (96.4%)
2026/05/15 02:05:33    ... Progress: 27899/28600 (97.5%)
2026/05/15 02:05:38    ... Progress: 28457/28600 (99.5%)

LE-PSI Performance Report (Parallelized)
==================================================
CPU Cores Used: 4
Total Execution Time: 4m16.093034954s
Key Generation Time: 0s (0.0%)
Hashing Time: 0s (0.0%)
Witness Generation Time: 0s (0.0%)
Intersection Detection Time: 4m16.092923636s (100.0%)
Throughput: 111.68 operations/second
Parallel Efficiency: 4.0x speedup potential
==================================================
2026/05/15 02:05:39 [shard 4] intersection done: 0 matches in 256.4s
