2026/05/15 01:56:39 LE-PSI shard server starting on :8081 (GOMAXPROCS=4)
2026/05/15 01:57:04 [shard 5] /init received: 143 records
Setting up LE with Parameters Q = 180143985094819841 qBits = 58 D = 256 N = 4
Successfully initialized the LE parameters:
 - Security Level: Fast Evaluation (Low Security)
 - Ring Dimension: 256
 - Modulus Q: 180143985094819841
 - Matrix Dimension N: 4
 - qBits: 58
 - Layers: 12 (slots = 4096)
 - Load Factor: 0.034912 (items/slot)
 - Estimated Collision Probability: 9.176038e-01
2026/05/15 01:57:04 🚀 Auto-Tuned: 4 cores detected, 80.0 GB RAM available → 4 workers for 143 records (est. RAM: 5.0 GB)
       💾 Loading Merkle Tree into RAM for fast witness generation...
       ✓ Tree loaded in 35.359201ms
2026/05/15 01:58:01 🚀 Auto-Tuned: 4 cores detected, 80.0 GB RAM available → 4 workers for 143 records (est. RAM: 5.0 GB)

LE-PSI Performance Report (Parallelized)
==================================================
CPU Cores Used: 4
Total Execution Time: 59.81086413s
Key Generation Time: 845.231914ms (1.4%)
Hashing Time: 0s (0.0%)
Witness Generation Time: 3.241068774s (5.4%)
Intersection Detection Time: 0s (0.0%)
==================================================
2026/05/15 01:58:04 [shard 5] init done in 59.8s
2026/05/15 02:00:56 [shard 5] /intersect: 200 ciphertexts vs 143 records
2026/05/15 02:01:01 🚀 Auto-Tuned: 4 cores detected, 80.0 GB RAM available → 4 workers for 143 records (est. RAM: 5.0 GB)
2026/05/15 02:01:06    ... Progress: 684/28600 (2.4%)
2026/05/15 02:01:11    ... Progress: 1345/28600 (4.7%)
2026/05/15 02:01:16    ... Progress: 2002/28600 (7.0%)
2026/05/15 02:01:21    ... Progress: 2695/28600 (9.4%)
2026/05/15 02:01:26    ... Progress: 3357/28600 (11.7%)
2026/05/15 02:01:31    ... Progress: 4008/28600 (14.0%)
2026/05/15 02:01:36    ... Progress: 4703/28600 (16.4%)
2026/05/15 02:01:41    ... Progress: 5371/28600 (18.8%)
2026/05/15 02:01:46    ... Progress: 6035/28600 (21.1%)
2026/05/15 02:01:51    ... Progress: 6700/28600 (23.4%)
2026/05/15 02:01:56    ... Progress: 7392/28600 (25.8%)
2026/05/15 02:02:01    ... Progress: 8061/28600 (28.2%)
2026/05/15 02:02:06    ... Progress: 8720/28600 (30.5%)
2026/05/15 02:02:11    ... Progress: 9402/28600 (32.9%)
2026/05/15 02:02:16    ... Progress: 10057/28600 (35.2%)
2026/05/15 02:02:21    ... Progress: 10722/28600 (37.5%)
2026/05/15 02:02:26    ... Progress: 11405/28600 (39.9%)
2026/05/15 02:02:31    ... Progress: 12072/28600 (42.2%)
2026/05/15 02:02:36    ... Progress: 12739/28600 (44.5%)
2026/05/15 02:02:41    ... Progress: 13417/28600 (46.9%)
2026/05/15 02:02:46    ... Progress: 14099/28600 (49.3%)
2026/05/15 02:02:51    ... Progress: 14760/28600 (51.6%)
2026/05/15 02:02:56    ... Progress: 15246/28600 (53.3%)
2026/05/15 02:03:01    ... Progress: 15386/28600 (53.8%)
2026/05/15 02:03:06    ... Progress: 15804/28600 (55.3%)
2026/05/15 02:03:11    ... Progress: 16484/28600 (57.6%)
2026/05/15 02:03:16    ... Progress: 17130/28600 (59.9%)
2026/05/15 02:03:21    ... Progress: 17786/28600 (62.2%)
2026/05/15 02:03:26    ... Progress: 18468/28600 (64.6%)
2026/05/15 02:03:31    ... Progress: 19127/28600 (66.9%)
2026/05/15 02:03:36    ... Progress: 19723/28600 (69.0%)
2026/05/15 02:03:41    ... Progress: 20364/28600 (71.2%)
2026/05/15 02:03:46    ... Progress: 21007/28600 (73.5%)
2026/05/15 02:03:51    ... Progress: 21701/28600 (75.9%)
2026/05/15 02:03:56    ... Progress: 22386/28600 (78.3%)
2026/05/15 02:04:01    ... Progress: 23030/28600 (80.5%)
2026/05/15 02:04:06    ... Progress: 23713/28600 (82.9%)
2026/05/15 02:04:11    ... Progress: 24396/28600 (85.3%)
2026/05/15 02:04:16    ... Progress: 25062/28600 (87.6%)
2026/05/15 02:04:21    ... Progress: 25718/28600 (89.9%)
2026/05/15 02:04:26    ... Progress: 26407/28600 (92.3%)
2026/05/15 02:04:31    ... Progress: 27063/28600 (94.6%)
2026/05/15 02:04:36    ... Progress: 27723/28600 (96.9%)
2026/05/15 02:04:41    ... Progress: 28414/28600 (99.3%)

LE-PSI Performance Report (Parallelized)
==================================================
CPU Cores Used: 4
Total Execution Time: 3m41.437637406s
Key Generation Time: 0s (0.0%)
Hashing Time: 0s (0.0%)
Witness Generation Time: 0s (0.0%)
Intersection Detection Time: 3m41.437636645s (100.0%)
Throughput: 129.16 operations/second
Parallel Efficiency: 4.0x speedup potential
==================================================
2026/05/15 02:04:42 [shard 5] intersection done: 0 matches in 221.7s
