2026/05/15 17:12:56 LE-PSI Coordinator: m=2000 n=100 K=7
2026/05/15 17:12:56 [coord] Phase 1: Initializing 7 shards (m=2000, m/K=285)...
2026/05/15 17:12:56 [coord] → shard-6 /init: 284 records
2026/05/15 17:12:56 [coord] → shard-2 /init: 286 records
2026/05/15 17:12:56 [coord] → shard-0 /init: 286 records
2026/05/15 17:12:56 [coord] → shard-5 /init: 286 records
2026/05/15 17:12:56 [coord] → shard-1 /init: 286 records
2026/05/15 17:12:56 [coord] → shard-3 /init: 286 records
2026/05/15 17:12:56 [coord] → shard-4 /init: 286 records
2026/05/15 17:13:06 [coord] ✓ shard-0 init: 9.0s, 0 MB
2026/05/15 17:13:06 [coord] ✓ shard-4 init: 9.0s, 0 MB
2026/05/15 17:13:06 [coord] ✓ shard-1 init: 9.2s, 0 MB
2026/05/15 17:13:06 [coord] ✓ shard-6 init: 9.3s, 0 MB
2026/05/15 17:13:06 [coord] ✓ shard-3 init: 9.5s, 0 MB
2026/05/15 17:13:06 [coord] ✓ shard-5 init: 9.2s, 0 MB
2026/05/15 17:13:06 [coord] ✓ shard-2 init: 9.9s, 0 MB
2026/05/15 17:13:06 [coord] ✓ All shards initialized in 0.2 min
2026/05/15 17:13:06 [coord] Phase 2: Client encryption (n=100)...
2026/05/15 17:13:28 [coord] client: encrypted 200 ciphertexts
2026/05/15 17:13:56 [coord] Wrote ciphertext payload to /tmp/cts_payload.json
2026/05/15 17:13:56 [coord] Memory reclaimed — ciphertexts on disk, RAM near zero.
2026/05/15 17:13:56 [coord] Phase 3: Fan-out intersection to 7 shards...
2026/05/15 17:13:56 [coord] → shard-6 /intersect
2026/05/15 17:13:56 [coord] → shard-1 /intersect
2026/05/15 17:13:56 [coord] → shard-3 /intersect
2026/05/15 17:13:56 [coord] → shard-2 /intersect
2026/05/15 17:13:56 [coord] → shard-4 /intersect
2026/05/15 17:13:56 [coord] → shard-0 /intersect
2026/05/15 17:13:56 [coord] → shard-5 /intersect
2026/05/15 17:15:36 [coord] ✓ shard-1: 0 matches in 0.8s
2026/05/15 17:15:36 [coord] ✓ shard-0: 18 matches in 1.0s
2026/05/15 17:15:37 [coord] ✓ shard-5: 0 matches in 0.8s
2026/05/15 17:15:37 [coord] ✓ shard-4: 0 matches in 0.8s
2026/05/15 17:15:39 [coord] ✓ shard-2: 0 matches in 1.0s
2026/05/15 17:15:39 [coord] ✓ shard-6: 0 matches in 0.8s
2026/05/15 17:15:39 [coord] ✓ shard-3: 0 matches in 0.7s
2026/05/15 17:15:40 [coord] ══════════════════════════════════════════
2026/05/15 17:15:40 [coord] RESULT: m=2000 n=100 K=7
2026/05/15 17:15:40 [coord]   Total  : 2.73 min
2026/05/15 17:15:40 [coord]   Init   : 0.18 min
2026/05/15 17:15:40 [coord]   Intersect: 1.72 min
2026/05/15 17:15:40 [coord]   Matches: 18
2026/05/15 17:15:40 [coord]   Peak RAM/shard: 0 MB
2026/05/15 17:15:40 [coord] ══════════════════════════════════════════
2026/05/15 17:15:40 Results saved to: /tmp/lepsi_remote_chunked_results/chunked_b52740c_20260515_170750/20260515_171256_m2000_n100_K7_b52740c_chunked/distributed_2026-05-15_17-12-56_m2000_n100_K7.json
{
  "timestamp": "2026-05-15_17-12-56",
  "server_dataset_size": 2000,
  "client_dataset_size": 100,
  "shards": 7,
  "total_time_ns": 164080279882,
  "init_time_ns": 10518714724,
  "intersect_time_ns": 103076822417,
  "matches_found": 18,
  "peak_ram_per_shard_mb": 0,
  "success": true
}
