== create lepsi-coord-rerun role=coordinator shard_id= ==
Created [https://www.googleapis.com/compute/v1/projects/lepsi-distributed-493617/zones/us-east1-c/instances/lepsi-coord-rerun].
WARNING: Some requests generated warnings:
 - Disk size: '20 GB' is larger than image size: '10 GB'. You might need to resize the root repartition manually if the operating system does not support automatic resizing. See https://cloud.google.com/compute/docs/disks/add-persistent-disk#resize_pd for details.

NAME               ZONE        MACHINE_TYPE  PREEMPTIBLE  INTERNAL_IP  EXTERNAL_IP  STATUS
lepsi-coord-rerun  us-east1-c  e2-highmem-4               10.142.0.24  34.74.7.38   RUNNING
== create lepsi-shard-1-rerun role=shard shard_id=1 ==
== create lepsi-shard-4-rerun role=shard shard_id=4 ==
== create lepsi-shard-0-rerun role=shard shard_id=0 ==
== create lepsi-shard-5-rerun role=shard shard_id=5 ==
== create lepsi-shard-6-rerun role=shard shard_id=6 ==
ERROR: (gcloud.compute.instances.create) Could not fetch resource:
---
code: ZONE_RESOURCE_POOL_EXHAUSTED
errorDetails:
- help:
    links:
    - description: Troubleshooting documentation
      url: https://cloud.google.com/compute/docs/resource-error
- localizedMessage:
    locale: en-US
    message: A e2-highmem-4 VM instance is currently unavailable in the us-east1-c
      zone. Alternatively, you can try your request again with a different VM hardware
      configuration or at a later time. For more information, see the troubleshooting
      documentation.
- errorInfo:
    domain: compute.googleapis.com
    metadatas:
      attachment: ''
      vmType: e2-highmem-4
      zone: us-east1-c
      zonesAvailable: ''
    reason: resource_availability
message: The zone 'projects/lepsi-distributed-493617/zones/us-east1-c' does not have
  enough resources available to fulfill the request.  Try a different zone, or try
  again later.

ERROR: (gcloud.compute.instances.create) Could not fetch resource:
---
code: ZONE_RESOURCE_POOL_EXHAUSTED
errorDetails:
- help:
    links:
    - description: Troubleshooting documentation
      url: https://cloud.google.com/compute/docs/resource-error
- localizedMessage:
    locale: en-US
    message: A e2-highmem-4 VM instance is currently unavailable in the us-east1-c
      zone. Alternatively, you can try your request again with a different VM hardware
      configuration or at a later time. For more information, see the troubleshooting
      documentation.
- errorInfo:
    domain: compute.googleapis.com
    metadatas:
      attachment: ''
      vmType: e2-highmem-4
      zone: us-east1-c
      zonesAvailable: ''
    reason: resource_availability
message: The zone 'projects/lepsi-distributed-493617/zones/us-east1-c' does not have
  enough resources available to fulfill the request.  Try a different zone, or try
  again later.

ERROR: (gcloud.compute.instances.create) Could not fetch resource:
---
code: ZONE_RESOURCE_POOL_EXHAUSTED
errorDetails:
- help:
    links:
    - description: Troubleshooting documentation
      url: https://cloud.google.com/compute/docs/resource-error
- localizedMessage:
    locale: en-US
    message: A e2-highmem-4 VM instance is currently unavailable in the us-east1-c
      zone. Alternatively, you can try your request again with a different VM hardware
      configuration or at a later time. For more information, see the troubleshooting
      documentation.
- errorInfo:
    domain: compute.googleapis.com
    metadatas:
      attachment: ''
      vmType: e2-highmem-4
      zone: us-east1-c
      zonesAvailable: ''
    reason: resource_availability
message: The zone 'projects/lepsi-distributed-493617/zones/us-east1-c' does not have
  enough resources available to fulfill the request.  Try a different zone, or try
  again later.

ERROR: (gcloud.compute.instances.create) Could not fetch resource:
---
code: ZONE_RESOURCE_POOL_EXHAUSTED
errorDetails:
- help:
    links:
    - description: Troubleshooting documentation
      url: https://cloud.google.com/compute/docs/resource-error
- localizedMessage:
    locale: en-US
    message: A e2-highmem-4 VM instance is currently unavailable in the us-east1-c
      zone. Alternatively, you can try your request again with a different VM hardware
      configuration or at a later time. For more information, see the troubleshooting
      documentation.
- errorInfo:
    domain: compute.googleapis.com
    metadatas:
      attachment: ''
      vmType: e2-highmem-4
      zone: us-east1-c
      zonesAvailable: ''
    reason: resource_availability
message: The zone 'projects/lepsi-distributed-493617/zones/us-east1-c' does not have
  enough resources available to fulfill the request.  Try a different zone, or try
  again later.

ERROR: (gcloud.compute.instances.create) Could not fetch resource:
---
code: ZONE_RESOURCE_POOL_EXHAUSTED
errorDetails:
- help:
    links:
    - description: Troubleshooting documentation
      url: https://cloud.google.com/compute/docs/resource-error
- localizedMessage:
    locale: en-US
    message: A e2-highmem-4 VM instance is currently unavailable in the us-east1-c
      zone. Alternatively, you can try your request again with a different VM hardware
      configuration or at a later time. For more information, see the troubleshooting
      documentation.
- errorInfo:
    domain: compute.googleapis.com
    metadatas:
      attachment: ''
      vmType: e2-highmem-4
      zone: us-east1-c
      zonesAvailable: ''
    reason: resource_availability
message: The zone 'projects/lepsi-distributed-493617/zones/us-east1-c' does not have
  enough resources available to fulfill the request.  Try a different zone, or try
  again later.

NAME                 ZONE        MACHINE_TYPE                          STATUS      ROLE         SHARD_ID  NETWORK_IP
lepsi-coord          us-east1-b  us-east1-b/machineTypes/e2-highmem-4  TERMINATED  coordinator            10.142.0.12
lepsi-shard-0        us-east1-b  us-east1-b/machineTypes/e2-highmem-4  TERMINATED  shard        0         10.142.0.13
lepsi-shard-1        us-east1-b  us-east1-b/machineTypes/e2-highmem-4  TERMINATED  shard        1         10.142.0.15
lepsi-shard-2        us-east1-b  us-east1-b/machineTypes/e2-highmem-4  TERMINATED  shard        2         10.142.0.17
lepsi-shard-3        us-east1-b  us-east1-b/machineTypes/e2-highmem-4  TERMINATED  shard        3         10.142.0.14
lepsi-shard-4        us-east1-b  us-east1-b/machineTypes/e2-highmem-4  TERMINATED  shard        4         10.142.0.16
lepsi-shard-5        us-east1-b  us-east1-b/machineTypes/e2-highmem-4  TERMINATED  shard        5         10.142.0.19
lepsi-shard-6        us-east1-b  us-east1-b/machineTypes/e2-highmem-4  TERMINATED  shard        6         10.142.0.18
lepsi-coord-rerun    us-east1-c  us-east1-c/machineTypes/e2-highmem-4  RUNNING     coordinator            10.142.0.24
lepsi-shard-2-rerun  us-east1-c  us-east1-c/machineTypes/e2-highmem-4  RUNNING     shard        2         10.142.0.23
lepsi-shard-3-rerun  us-east1-c  us-east1-c/machineTypes/e2-highmem-4  RUNNING     shard        3         10.142.0.22
