2026/05/15 02:09:19 LE-PSI Coordinator: m=2000 n=100 K=7
2026/05/15 02:09:19 [coord] Phase 1: Initializing 7 shards (m=2000, m/K=285)...
2026/05/15 02:09:19 [coord] → shard-6 /init: 284 records
2026/05/15 02:09:19 [coord] → shard-2 /init: 286 records
2026/05/15 02:09:19 [coord] → shard-0 /init: 286 records
2026/05/15 02:09:19 [coord] → shard-3 /init: 286 records
2026/05/15 02:09:19 [coord] → shard-4 /init: 286 records
2026/05/15 02:09:19 [coord] → shard-5 /init: 286 records
2026/05/15 02:09:19 [coord] → shard-1 /init: 286 records
2026/05/15 02:11:09 [coord] ✓ shard-4 init: 109.5s, 3926 MB
2026/05/15 02:11:24 [coord] ✓ shard-1 init: 123.8s, 3930 MB
2026/05/15 02:11:31 [coord] ✓ shard-0 init: 131.4s, 3926 MB
2026/05/15 02:11:33 [coord] ✓ shard-3 init: 132.7s, 3922 MB
2026/05/15 02:11:35 [coord] ✓ shard-5 init: 134.6s, 3926 MB
2026/05/15 02:11:38 [coord] ✓ shard-2 init: 138.0s, 3933 MB
2026/05/15 02:11:39 [coord] ✓ shard-6 init: 139.5s, 3898 MB
2026/05/15 02:11:39 [coord] ✓ All shards initialized in 2.3 min
2026/05/15 02:11:39 [coord] Phase 2: Client encryption (n=100)...
2026/05/15 02:12:04 [coord] client: encrypted 200 ciphertexts
2026/05/15 02:12:38 [coord] Wrote ciphertext payload to /tmp/cts_payload.json
2026/05/15 02:12:38 [coord] Memory reclaimed — ciphertexts on disk, RAM near zero.
2026/05/15 02:12:38 [coord] Phase 3: Fan-out intersection to 7 shards...
2026/05/15 02:12:38 [coord] → shard-6 /intersect
2026/05/15 02:12:38 [coord] → shard-2 /intersect
2026/05/15 02:12:38 [coord] → shard-4 /intersect
2026/05/15 02:12:38 [coord] → shard-0 /intersect
2026/05/15 02:12:38 [coord] → shard-5 /intersect
2026/05/15 02:12:38 [coord] → shard-1 /intersect
2026/05/15 02:12:38 [coord] → shard-3 /intersect
2026/05/15 02:22:26 [coord] ✓ shard-1: 0 matches in 465.5s
2026/05/15 02:22:26 [coord] ✓ shard-0: 18 matches in 465.1s
2026/05/15 02:22:28 [coord] ✓ shard-5: 0 matches in 465.7s
2026/05/15 02:22:30 [coord] ✓ shard-3: 0 matches in 466.7s
2026/05/15 02:22:39 [coord] ✓ shard-6: 0 matches in 465.0s
2026/05/15 02:22:47 [coord] ✓ shard-2: 0 matches in 479.8s
2026/05/15 02:22:53 [coord] ✓ shard-4: 0 matches in 475.0s
2026/05/15 02:22:56 [coord] ══════════════════════════════════════════
2026/05/15 02:22:56 [coord] RESULT: m=2000 n=100 K=7
2026/05/15 02:22:56 [coord]   Total  : 13.61 min
2026/05/15 02:22:56 [coord]   Init   : 2.33 min
2026/05/15 02:22:56 [coord]   Intersect: 10.26 min
2026/05/15 02:22:56 [coord]   Matches: 18
2026/05/15 02:22:56 [coord]   Peak RAM/shard: 138 MB
2026/05/15 02:22:56 [coord] ══════════════════════════════════════════
2026/05/15 02:22:56 Results saved to: /tmp/lepsi_results/distributed_2026-05-15_02-09-19_m2000_n100_K7.json
{
  "timestamp": "2026-05-15_02-09-19",
  "server_dataset_size": 2000,
  "client_dataset_size": 100,
  "shards": 7,
  "total_time_ns": 816685364422,
  "init_time_ns": 139976894534,
  "intersect_time_ns": 615625711307,
  "matches_found": 18,
  "peak_ram_per_shard_mb": 137.64435577392578,
  "success": true
}
