2026/05/15 02:08:56 LE-PSI shard server starting on :8081 (GOMAXPROCS=4)
2026/05/15 02:09:19 [shard 5] /init received: 286 records
Setting up LE with Parameters Q = 180143985094819841 qBits = 58 D = 256 N = 4
Successfully initialized the LE parameters:
 - Security Level: Fast Evaluation (Low Security)
 - Ring Dimension: 256
 - Modulus Q: 180143985094819841
 - Matrix Dimension N: 4
 - qBits: 58
 - Layers: 13 (slots = 8192)
 - Load Factor: 0.034912 (items/slot)
 - Estimated Collision Probability: 9.932109e-01
2026/05/15 02:09:20 🚀 Auto-Tuned: 4 cores detected, 80.0 GB RAM available → 4 workers for 286 records (est. RAM: 10.0 GB)
       💾 Loading Merkle Tree into RAM for fast witness generation...
       ✓ Tree loaded in 130.43516ms
2026/05/15 02:11:22 🚀 Auto-Tuned: 4 cores detected, 80.0 GB RAM available → 4 workers for 286 records (est. RAM: 10.0 GB)

LE-PSI Performance Report (Parallelized)
==================================================
CPU Cores Used: 4
Total Execution Time: 2m14.573365383s
Key Generation Time: 1.133446408s (0.8%)
Hashing Time: 0s (0.0%)
Witness Generation Time: 12.021437565s (8.9%)
Intersection Detection Time: 0s (0.0%)
==================================================
2026/05/15 02:11:34 [shard 5] init done in 134.6s
2026/05/15 02:14:40 [shard 5] /intersect: 200 ciphertexts vs 286 records
2026/05/15 02:14:43 🚀 Auto-Tuned: 4 cores detected, 80.0 GB RAM available → 4 workers for 286 records (est. RAM: 10.0 GB)
2026/05/15 02:14:48    ... Progress: 525/57200 (0.9%)
2026/05/15 02:14:53    ... Progress: 1152/57200 (2.0%)
2026/05/15 02:14:58    ... Progress: 1764/57200 (3.1%)
2026/05/15 02:15:03    ... Progress: 2406/57200 (4.2%)
2026/05/15 02:15:08    ... Progress: 3046/57200 (5.3%)
2026/05/15 02:15:13    ... Progress: 3676/57200 (6.4%)
2026/05/15 02:15:18    ... Progress: 4307/57200 (7.5%)
2026/05/15 02:15:23    ... Progress: 4923/57200 (8.6%)
2026/05/15 02:15:28    ... Progress: 5555/57200 (9.7%)
2026/05/15 02:15:33    ... Progress: 6136/57200 (10.7%)
2026/05/15 02:15:38    ... Progress: 6760/57200 (11.8%)
2026/05/15 02:15:43    ... Progress: 7369/57200 (12.9%)
2026/05/15 02:15:48    ... Progress: 8015/57200 (14.0%)
2026/05/15 02:15:53    ... Progress: 8647/57200 (15.1%)
2026/05/15 02:15:58    ... Progress: 9258/57200 (16.2%)
2026/05/15 02:16:03    ... Progress: 9903/57200 (17.3%)
2026/05/15 02:16:08    ... Progress: 10513/57200 (18.4%)
2026/05/15 02:16:13    ... Progress: 11132/57200 (19.5%)
2026/05/15 02:16:18    ... Progress: 11794/57200 (20.6%)
2026/05/15 02:16:23    ... Progress: 12358/57200 (21.6%)
2026/05/15 02:16:28    ... Progress: 12965/57200 (22.7%)
2026/05/15 02:16:33    ... Progress: 13594/57200 (23.8%)
2026/05/15 02:16:38    ... Progress: 14222/57200 (24.9%)
2026/05/15 02:16:43    ... Progress: 14851/57200 (26.0%)
2026/05/15 02:16:48    ... Progress: 15454/57200 (27.0%)
2026/05/15 02:16:53    ... Progress: 16073/57200 (28.1%)
2026/05/15 02:16:58    ... Progress: 16687/57200 (29.2%)
2026/05/15 02:17:03    ... Progress: 17299/57200 (30.2%)
2026/05/15 02:17:08    ... Progress: 17913/57200 (31.3%)
2026/05/15 02:17:13    ... Progress: 18582/57200 (32.5%)
2026/05/15 02:17:18    ... Progress: 19151/57200 (33.5%)
2026/05/15 02:17:23    ... Progress: 19739/57200 (34.5%)
2026/05/15 02:17:28    ... Progress: 20357/57200 (35.6%)
2026/05/15 02:17:33    ... Progress: 20958/57200 (36.6%)
2026/05/15 02:17:38    ... Progress: 21573/57200 (37.7%)
2026/05/15 02:17:43    ... Progress: 22215/57200 (38.8%)
2026/05/15 02:17:48    ... Progress: 22844/57200 (39.9%)
2026/05/15 02:17:53    ... Progress: 23470/57200 (41.0%)
2026/05/15 02:17:58    ... Progress: 24074/57200 (42.1%)
2026/05/15 02:18:03    ... Progress: 24680/57200 (43.1%)
2026/05/15 02:18:08    ... Progress: 25307/57200 (44.2%)
2026/05/15 02:18:13    ... Progress: 25925/57200 (45.3%)
2026/05/15 02:18:18    ... Progress: 26542/57200 (46.4%)
2026/05/15 02:18:23    ... Progress: 27129/57200 (47.4%)
2026/05/15 02:18:28    ... Progress: 27711/57200 (48.4%)
2026/05/15 02:18:33    ... Progress: 28339/57200 (49.5%)
2026/05/15 02:18:38    ... Progress: 28942/57200 (50.6%)
2026/05/15 02:18:43    ... Progress: 29582/57200 (51.7%)
2026/05/15 02:18:48    ... Progress: 30183/57200 (52.8%)
2026/05/15 02:18:53    ... Progress: 30796/57200 (53.8%)
2026/05/15 02:18:58    ... Progress: 31408/57200 (54.9%)
2026/05/15 02:19:03    ... Progress: 32025/57200 (56.0%)
2026/05/15 02:19:08    ... Progress: 32639/57200 (57.1%)
2026/05/15 02:19:13    ... Progress: 33246/57200 (58.1%)
2026/05/15 02:19:18    ... Progress: 33855/57200 (59.2%)
2026/05/15 02:19:23    ... Progress: 34457/57200 (60.2%)
2026/05/15 02:19:28    ... Progress: 35079/57200 (61.3%)
2026/05/15 02:19:33    ... Progress: 35706/57200 (62.4%)
2026/05/15 02:19:38    ... Progress: 36301/57200 (63.5%)
2026/05/15 02:19:43    ... Progress: 36915/57200 (64.5%)
2026/05/15 02:19:48    ... Progress: 37529/57200 (65.6%)
2026/05/15 02:19:53    ... Progress: 38169/57200 (66.7%)
2026/05/15 02:19:58    ... Progress: 38767/57200 (67.8%)
2026/05/15 02:20:03    ... Progress: 39376/57200 (68.8%)
2026/05/15 02:20:08    ... Progress: 39988/57200 (69.9%)
2026/05/15 02:20:13    ... Progress: 40669/57200 (71.1%)
2026/05/15 02:20:18    ... Progress: 41237/57200 (72.1%)
2026/05/15 02:20:23    ... Progress: 41799/57200 (73.1%)
2026/05/15 02:20:28    ... Progress: 42407/57200 (74.1%)
2026/05/15 02:20:33    ... Progress: 43008/57200 (75.2%)
2026/05/15 02:20:38    ... Progress: 43622/57200 (76.3%)
2026/05/15 02:20:43    ... Progress: 44262/57200 (77.4%)
2026/05/15 02:20:48    ... Progress: 44859/57200 (78.4%)
2026/05/15 02:20:53    ... Progress: 45472/57200 (79.5%)
2026/05/15 02:20:58    ... Progress: 46114/57200 (80.6%)
2026/05/15 02:21:03    ... Progress: 46735/57200 (81.7%)
2026/05/15 02:21:08    ... Progress: 47355/57200 (82.8%)
2026/05/15 02:21:13    ... Progress: 48006/57200 (83.9%)
2026/05/15 02:21:18    ... Progress: 48570/57200 (84.9%)
2026/05/15 02:21:23    ... Progress: 49179/57200 (86.0%)
2026/05/15 02:21:28    ... Progress: 49798/57200 (87.1%)
2026/05/15 02:21:33    ... Progress: 50396/57200 (88.1%)
2026/05/15 02:21:38    ... Progress: 51037/57200 (89.2%)
2026/05/15 02:21:43    ... Progress: 51664/57200 (90.3%)
2026/05/15 02:21:48    ... Progress: 52265/57200 (91.4%)
2026/05/15 02:21:53    ... Progress: 52906/57200 (92.5%)
2026/05/15 02:21:58    ... Progress: 53506/57200 (93.5%)
2026/05/15 02:22:03    ... Progress: 54117/57200 (94.6%)
2026/05/15 02:22:08    ... Progress: 54731/57200 (95.7%)
2026/05/15 02:22:13    ... Progress: 55343/57200 (96.8%)
2026/05/15 02:22:18    ... Progress: 55935/57200 (97.8%)
2026/05/15 02:22:23    ... Progress: 56559/57200 (98.9%)
2026/05/15 02:22:28    ... Progress: 57158/57200 (99.9%)

LE-PSI Performance Report (Parallelized)
==================================================
CPU Cores Used: 4
Total Execution Time: 7m45.296208856s
Key Generation Time: 0s (0.0%)
Hashing Time: 0s (0.0%)
Witness Generation Time: 0s (0.0%)
Intersection Detection Time: 7m45.296208183s (100.0%)
Throughput: 122.93 operations/second
Parallel Efficiency: 4.0x speedup potential
==================================================
2026/05/15 02:22:28 [shard 5] intersection done: 0 matches in 465.7s
