2026/05/15 02:08:15 LE-PSI shard server starting on :8081 (GOMAXPROCS=4)
2026/05/15 02:09:19 [shard 1] /init received: 286 records
Setting up LE with Parameters Q = 180143985094819841 qBits = 58 D = 256 N = 4
Successfully initialized the LE parameters:
 - Security Level: Fast Evaluation (Low Security)
 - Ring Dimension: 256
 - Modulus Q: 180143985094819841
 - Matrix Dimension N: 4
 - qBits: 58
 - Layers: 13 (slots = 8192)
 - Load Factor: 0.034912 (items/slot)
 - Estimated Collision Probability: 9.932109e-01
2026/05/15 02:09:20 🚀 Auto-Tuned: 4 cores detected, 80.0 GB RAM available → 4 workers for 286 records (est. RAM: 10.0 GB)
       💾 Loading Merkle Tree into RAM for fast witness generation...
       ✓ Tree loaded in 100.241132ms
2026/05/15 02:11:11 🚀 Auto-Tuned: 4 cores detected, 80.0 GB RAM available → 4 workers for 286 records (est. RAM: 10.0 GB)

LE-PSI Performance Report (Parallelized)
==================================================
CPU Cores Used: 4
Total Execution Time: 2m3.77774728s
Key Generation Time: 1.102591517s (0.9%)
Hashing Time: 0s (0.0%)
Witness Generation Time: 12.367784777s (10.0%)
Intersection Detection Time: 0s (0.0%)
==================================================
2026/05/15 02:11:23 [shard 1] init done in 123.8s
2026/05/15 02:14:38 [shard 1] /intersect: 200 ciphertexts vs 286 records
2026/05/15 02:14:40 🚀 Auto-Tuned: 4 cores detected, 80.0 GB RAM available → 4 workers for 286 records (est. RAM: 10.0 GB)
2026/05/15 02:14:45    ... Progress: 505/57200 (0.9%)
2026/05/15 02:14:50    ... Progress: 1102/57200 (1.9%)
2026/05/15 02:14:55    ... Progress: 1729/57200 (3.0%)
2026/05/15 02:15:00    ... Progress: 2344/57200 (4.1%)
2026/05/15 02:15:05    ... Progress: 2964/57200 (5.2%)
2026/05/15 02:15:10    ... Progress: 3611/57200 (6.3%)
2026/05/15 02:15:15    ... Progress: 4225/57200 (7.4%)
2026/05/15 02:15:20    ... Progress: 4869/57200 (8.5%)
2026/05/15 02:15:25    ... Progress: 5497/57200 (9.6%)
2026/05/15 02:15:30    ... Progress: 6116/57200 (10.7%)
2026/05/15 02:15:35    ... Progress: 6722/57200 (11.8%)
2026/05/15 02:15:40    ... Progress: 7327/57200 (12.8%)
2026/05/15 02:15:45    ... Progress: 7964/57200 (13.9%)
2026/05/15 02:15:50    ... Progress: 8599/57200 (15.0%)
2026/05/15 02:15:55    ... Progress: 9208/57200 (16.1%)
2026/05/15 02:16:00    ... Progress: 9825/57200 (17.2%)
2026/05/15 02:16:05    ... Progress: 10441/57200 (18.3%)
2026/05/15 02:16:10    ... Progress: 11081/57200 (19.4%)
2026/05/15 02:16:15    ... Progress: 11690/57200 (20.4%)
2026/05/15 02:16:21    ... Progress: 12308/57200 (21.5%)
2026/05/15 02:16:26    ... Progress: 12919/57200 (22.6%)
2026/05/15 02:16:30    ... Progress: 13516/57200 (23.6%)
2026/05/15 02:16:35    ... Progress: 14131/57200 (24.7%)
2026/05/15 02:16:40    ... Progress: 14735/57200 (25.8%)
2026/05/15 02:16:45    ... Progress: 15349/57200 (26.8%)
2026/05/15 02:16:50    ... Progress: 15991/57200 (28.0%)
2026/05/15 02:16:55    ... Progress: 16594/57200 (29.0%)
2026/05/15 02:17:00    ... Progress: 17235/57200 (30.1%)
2026/05/15 02:17:05    ... Progress: 17838/57200 (31.2%)
2026/05/15 02:17:10    ... Progress: 18434/57200 (32.2%)
2026/05/15 02:17:15    ... Progress: 19056/57200 (33.3%)
2026/05/15 02:17:21    ... Progress: 19666/57200 (34.4%)
2026/05/15 02:17:25    ... Progress: 20247/57200 (35.4%)
2026/05/15 02:17:30    ... Progress: 20862/57200 (36.5%)
2026/05/15 02:17:35    ... Progress: 21490/57200 (37.6%)
2026/05/15 02:17:40    ... Progress: 22094/57200 (38.6%)
2026/05/15 02:17:45    ... Progress: 22736/57200 (39.7%)
2026/05/15 02:17:50    ... Progress: 23339/57200 (40.8%)
2026/05/15 02:17:55    ... Progress: 23950/57200 (41.9%)
2026/05/15 02:18:00    ... Progress: 24588/57200 (43.0%)
2026/05/15 02:18:05    ... Progress: 25188/57200 (44.0%)
2026/05/15 02:18:10    ... Progress: 25803/57200 (45.1%)
2026/05/15 02:18:15    ... Progress: 26410/57200 (46.2%)
2026/05/15 02:18:20    ... Progress: 27022/57200 (47.2%)
2026/05/15 02:18:25    ... Progress: 27630/57200 (48.3%)
2026/05/15 02:18:30    ... Progress: 28234/57200 (49.4%)
2026/05/15 02:18:35    ... Progress: 28870/57200 (50.5%)
2026/05/15 02:18:40    ... Progress: 29470/57200 (51.5%)
2026/05/15 02:18:45    ... Progress: 30110/57200 (52.6%)
2026/05/15 02:18:50    ... Progress: 30739/57200 (53.7%)
2026/05/15 02:18:55    ... Progress: 31341/57200 (54.8%)
2026/05/15 02:19:00    ... Progress: 31953/57200 (55.9%)
2026/05/15 02:19:05    ... Progress: 32587/57200 (57.0%)
2026/05/15 02:19:11    ... Progress: 33261/57200 (58.1%)
2026/05/15 02:19:15    ... Progress: 33807/57200 (59.1%)
2026/05/15 02:19:20    ... Progress: 34413/57200 (60.2%)
2026/05/15 02:19:25    ... Progress: 35022/57200 (61.2%)
2026/05/15 02:19:30    ... Progress: 35622/57200 (62.3%)
2026/05/15 02:19:35    ... Progress: 36257/57200 (63.4%)
2026/05/15 02:19:40    ... Progress: 36887/57200 (64.5%)
2026/05/15 02:19:45    ... Progress: 37488/57200 (65.5%)
2026/05/15 02:19:50    ... Progress: 38128/57200 (66.7%)
2026/05/15 02:19:55    ... Progress: 38753/57200 (67.8%)
2026/05/15 02:20:00    ... Progress: 39355/57200 (68.8%)
2026/05/15 02:20:05    ... Progress: 39980/57200 (69.9%)
2026/05/15 02:20:10    ... Progress: 40586/57200 (71.0%)
2026/05/15 02:20:15    ... Progress: 41200/57200 (72.0%)
2026/05/15 02:20:20    ... Progress: 41798/57200 (73.1%)
2026/05/15 02:20:25    ... Progress: 42416/57200 (74.2%)
2026/05/15 02:20:30    ... Progress: 43044/57200 (75.3%)
2026/05/15 02:20:35    ... Progress: 43671/57200 (76.3%)
2026/05/15 02:20:40    ... Progress: 44270/57200 (77.4%)
2026/05/15 02:20:45    ... Progress: 44909/57200 (78.5%)
2026/05/15 02:20:50    ... Progress: 45535/57200 (79.6%)
2026/05/15 02:20:55    ... Progress: 46161/57200 (80.7%)
2026/05/15 02:21:00    ... Progress: 46782/57200 (81.8%)
2026/05/15 02:21:05    ... Progress: 47384/57200 (82.8%)
2026/05/15 02:21:10    ... Progress: 47991/57200 (83.9%)
2026/05/15 02:21:15    ... Progress: 48584/57200 (84.9%)
2026/05/15 02:21:20    ... Progress: 49205/57200 (86.0%)
2026/05/15 02:21:25    ... Progress: 49834/57200 (87.1%)
2026/05/15 02:21:30    ... Progress: 50462/57200 (88.2%)
2026/05/15 02:21:35    ... Progress: 51066/57200 (89.3%)
2026/05/15 02:21:40    ... Progress: 51675/57200 (90.3%)
2026/05/15 02:21:45    ... Progress: 52288/57200 (91.4%)
2026/05/15 02:21:50    ... Progress: 52901/57200 (92.5%)
2026/05/15 02:21:55    ... Progress: 53532/57200 (93.6%)
2026/05/15 02:22:00    ... Progress: 54151/57200 (94.7%)
2026/05/15 02:22:05    ... Progress: 54751/57200 (95.7%)
2026/05/15 02:22:10    ... Progress: 55358/57200 (96.8%)
2026/05/15 02:22:15    ... Progress: 55965/57200 (97.8%)
2026/05/15 02:22:20    ... Progress: 56566/57200 (98.9%)
2026/05/15 02:22:25    ... Progress: 57179/57200 (100.0%)

LE-PSI Performance Report (Parallelized)
==================================================
CPU Cores Used: 4
Total Execution Time: 7m45.149749082s
Key Generation Time: 0s (0.0%)
Hashing Time: 0s (0.0%)
Witness Generation Time: 0s (0.0%)
Intersection Detection Time: 7m45.149739149s (100.0%)
Throughput: 122.97 operations/second
Parallel Efficiency: 4.0x speedup potential
==================================================
2026/05/15 02:22:26 [shard 1] intersection done: 0 matches in 465.5s
