2026/05/15 02:08:26 LE-PSI shard server starting on :8081 (GOMAXPROCS=4)
2026/05/15 02:09:19 [shard 2] /init received: 286 records
Setting up LE with Parameters Q = 180143985094819841 qBits = 58 D = 256 N = 4
Successfully initialized the LE parameters:
 - Security Level: Fast Evaluation (Low Security)
 - Ring Dimension: 256
 - Modulus Q: 180143985094819841
 - Matrix Dimension N: 4
 - qBits: 58
 - Layers: 13 (slots = 8192)
 - Load Factor: 0.034912 (items/slot)
 - Estimated Collision Probability: 9.932109e-01
2026/05/15 02:09:20 🚀 Auto-Tuned: 4 cores detected, 80.0 GB RAM available → 4 workers for 286 records (est. RAM: 10.0 GB)
       💾 Loading Merkle Tree into RAM for fast witness generation...
       ✓ Tree loaded in 104.117666ms
2026/05/15 02:11:25 🚀 Auto-Tuned: 4 cores detected, 80.0 GB RAM available → 4 workers for 286 records (est. RAM: 10.0 GB)

LE-PSI Performance Report (Parallelized)
==================================================
CPU Cores Used: 4
Total Execution Time: 2m17.962044191s
Key Generation Time: 1.174032772s (0.9%)
Hashing Time: 0s (0.0%)
Witness Generation Time: 12.549187217s (9.1%)
Intersection Detection Time: 0s (0.0%)
==================================================
2026/05/15 02:11:37 [shard 2] init done in 138.0s
2026/05/15 02:14:44 [shard 2] /intersect: 200 ciphertexts vs 286 records
2026/05/15 02:14:48 🚀 Auto-Tuned: 4 cores detected, 80.0 GB RAM available → 4 workers for 286 records (est. RAM: 10.0 GB)
2026/05/15 02:14:53    ... Progress: 544/57200 (1.0%)
2026/05/15 02:14:58    ... Progress: 1172/57200 (2.0%)
2026/05/15 02:15:03    ... Progress: 1782/57200 (3.1%)
2026/05/15 02:15:08    ... Progress: 2399/57200 (4.2%)
2026/05/15 02:15:13    ... Progress: 3040/57200 (5.3%)
2026/05/15 02:15:18    ... Progress: 3673/57200 (6.4%)
2026/05/15 02:15:23    ... Progress: 4286/57200 (7.5%)
2026/05/15 02:15:28    ... Progress: 4905/57200 (8.6%)
2026/05/15 02:15:33    ... Progress: 5509/57200 (9.6%)
2026/05/15 02:15:38    ... Progress: 6112/57200 (10.7%)
2026/05/15 02:15:43    ... Progress: 6707/57200 (11.7%)
2026/05/15 02:15:48    ... Progress: 7340/57200 (12.8%)
2026/05/15 02:15:53    ... Progress: 7948/57200 (13.9%)
2026/05/15 02:15:58    ... Progress: 8589/57200 (15.0%)
2026/05/15 02:16:03    ... Progress: 9222/57200 (16.1%)
2026/05/15 02:16:08    ... Progress: 9831/57200 (17.2%)
2026/05/15 02:16:13    ... Progress: 10449/57200 (18.3%)
2026/05/15 02:16:18    ... Progress: 11065/57200 (19.3%)
2026/05/15 02:16:23    ... Progress: 11683/57200 (20.4%)
2026/05/15 02:16:28    ... Progress: 12306/57200 (21.5%)
2026/05/15 02:16:33    ... Progress: 12905/57200 (22.6%)
2026/05/15 02:16:38    ... Progress: 13514/57200 (23.6%)
2026/05/15 02:16:43    ... Progress: 14126/57200 (24.7%)
2026/05/15 02:16:48    ... Progress: 14734/57200 (25.8%)
2026/05/15 02:16:53    ... Progress: 15370/57200 (26.9%)
2026/05/15 02:16:58    ... Progress: 15972/57200 (27.9%)
2026/05/15 02:17:03    ... Progress: 16613/57200 (29.0%)
2026/05/15 02:17:08    ... Progress: 17214/57200 (30.1%)
2026/05/15 02:17:13    ... Progress: 17828/57200 (31.2%)
2026/05/15 02:17:18    ... Progress: 18442/57200 (32.2%)
2026/05/15 02:17:23    ... Progress: 19054/57200 (33.3%)
2026/05/15 02:17:28    ... Progress: 19677/57200 (34.4%)
2026/05/15 02:17:33    ... Progress: 20285/57200 (35.5%)
2026/05/15 02:17:38    ... Progress: 20874/57200 (36.5%)
2026/05/15 02:17:43    ... Progress: 21492/57200 (37.6%)
2026/05/15 02:17:48    ... Progress: 22089/57200 (38.6%)
2026/05/15 02:17:53    ... Progress: 22728/57200 (39.7%)
2026/05/15 02:17:58    ... Progress: 23349/57200 (40.8%)
2026/05/15 02:18:03    ... Progress: 23973/57200 (41.9%)
2026/05/15 02:18:08    ... Progress: 24571/57200 (43.0%)
2026/05/15 02:18:13    ... Progress: 25181/57200 (44.0%)
2026/05/15 02:18:18    ... Progress: 25795/57200 (45.1%)
2026/05/15 02:18:23    ... Progress: 26423/57200 (46.2%)
2026/05/15 02:18:28    ... Progress: 27032/57200 (47.3%)
2026/05/15 02:18:33    ... Progress: 27627/57200 (48.3%)
2026/05/15 02:18:38    ... Progress: 28233/57200 (49.4%)
2026/05/15 02:18:43    ... Progress: 28828/57200 (50.4%)
2026/05/15 02:18:48    ... Progress: 29450/57200 (51.5%)
2026/05/15 02:18:53    ... Progress: 30077/57200 (52.6%)
2026/05/15 02:18:58    ... Progress: 30678/57200 (53.6%)
2026/05/15 02:19:03    ... Progress: 31314/57200 (54.7%)
2026/05/15 02:19:08    ... Progress: 31940/57200 (55.8%)
2026/05/15 02:19:13    ... Progress: 32538/57200 (56.9%)
2026/05/15 02:19:18    ... Progress: 33150/57200 (58.0%)
2026/05/15 02:19:23    ... Progress: 33764/57200 (59.0%)
2026/05/15 02:19:28    ... Progress: 34392/57200 (60.1%)
2026/05/15 02:19:33    ... Progress: 35002/57200 (61.2%)
2026/05/15 02:19:38    ... Progress: 35590/57200 (62.2%)
2026/05/15 02:19:43    ... Progress: 36192/57200 (63.3%)
2026/05/15 02:19:48    ... Progress: 36797/57200 (64.3%)
2026/05/15 02:19:53    ... Progress: 37425/57200 (65.4%)
2026/05/15 02:19:58    ... Progress: 38020/57200 (66.5%)
2026/05/15 02:20:03    ... Progress: 38630/57200 (67.5%)
2026/05/15 02:20:08    ... Progress: 39265/57200 (68.6%)
2026/05/15 02:20:13    ... Progress: 39885/57200 (69.7%)
2026/05/15 02:20:18    ... Progress: 40483/57200 (70.8%)
2026/05/15 02:20:23    ... Progress: 41119/57200 (71.9%)
2026/05/15 02:20:28    ... Progress: 41723/57200 (72.9%)
2026/05/15 02:20:33    ... Progress: 42341/57200 (74.0%)
2026/05/15 02:20:38    ... Progress: 42949/57200 (75.1%)
2026/05/15 02:20:43    ... Progress: 43532/57200 (76.1%)
2026/05/15 02:20:48    ... Progress: 44133/57200 (77.2%)
2026/05/15 02:20:53    ... Progress: 44759/57200 (78.2%)
2026/05/15 02:20:58    ... Progress: 45358/57200 (79.3%)
2026/05/15 02:21:03    ... Progress: 45970/57200 (80.4%)
2026/05/15 02:21:08    ... Progress: 46612/57200 (81.5%)
2026/05/15 02:21:13    ... Progress: 47214/57200 (82.5%)
2026/05/15 02:21:18    ... Progress: 47830/57200 (83.6%)
2026/05/15 02:21:23    ... Progress: 48466/57200 (84.7%)
2026/05/15 02:21:28    ... Progress: 49086/57200 (85.8%)
2026/05/15 02:21:33    ... Progress: 49688/57200 (86.9%)
2026/05/15 02:21:38    ... Progress: 50290/57200 (87.9%)
2026/05/15 02:21:43    ... Progress: 50898/57200 (89.0%)
2026/05/15 02:21:48    ... Progress: 51520/57200 (90.1%)
2026/05/15 02:21:53    ... Progress: 52121/57200 (91.1%)
2026/05/15 02:21:58    ... Progress: 52764/57200 (92.2%)
2026/05/15 02:22:03    ... Progress: 53359/57200 (93.3%)
2026/05/15 02:22:08    ... Progress: 54002/57200 (94.4%)
2026/05/15 02:22:13    ... Progress: 54605/57200 (95.5%)
2026/05/15 02:22:18    ... Progress: 54996/57200 (96.1%)
2026/05/15 02:22:23    ... Progress: 55064/57200 (96.3%)
2026/05/15 02:22:28    ... Progress: 55171/57200 (96.5%)
2026/05/15 02:22:33    ... Progress: 55415/57200 (96.9%)
2026/05/15 02:22:38    ... Progress: 56034/57200 (98.0%)
2026/05/15 02:22:43    ... Progress: 56635/57200 (99.0%)

LE-PSI Performance Report (Parallelized)
==================================================
CPU Cores Used: 4
Total Execution Time: 7m59.427876568s
Key Generation Time: 0s (0.0%)
Hashing Time: 0s (0.0%)
Witness Generation Time: 0s (0.0%)
Intersection Detection Time: 7m59.427862992s (100.0%)
Throughput: 119.31 operations/second
Parallel Efficiency: 4.0x speedup potential
==================================================
2026/05/15 02:22:47 [shard 2] intersection done: 0 matches in 479.8s
