2026/05/15 02:08:36 LE-PSI shard server starting on :8081 (GOMAXPROCS=4)
2026/05/15 02:09:19 [shard 3] /init received: 286 records
Setting up LE with Parameters Q = 180143985094819841 qBits = 58 D = 256 N = 4
Successfully initialized the LE parameters:
 - Security Level: Fast Evaluation (Low Security)
 - Ring Dimension: 256
 - Modulus Q: 180143985094819841
 - Matrix Dimension N: 4
 - qBits: 58
 - Layers: 13 (slots = 8192)
 - Load Factor: 0.034912 (items/slot)
 - Estimated Collision Probability: 9.932109e-01
2026/05/15 02:09:20 🚀 Auto-Tuned: 4 cores detected, 80.0 GB RAM available → 4 workers for 286 records (est. RAM: 10.0 GB)
       💾 Loading Merkle Tree into RAM for fast witness generation...
       ✓ Tree loaded in 99.602996ms
2026/05/15 02:11:20 🚀 Auto-Tuned: 4 cores detected, 80.0 GB RAM available → 4 workers for 286 records (est. RAM: 10.0 GB)

LE-PSI Performance Report (Parallelized)
==================================================
CPU Cores Used: 4
Total Execution Time: 2m12.692160433s
Key Generation Time: 1.377091334s (1.0%)
Hashing Time: 0s (0.0%)
Witness Generation Time: 12.490877189s (9.4%)
Intersection Detection Time: 0s (0.0%)
==================================================
2026/05/15 02:11:32 [shard 3] init done in 132.7s
2026/05/15 02:14:41 [shard 3] /intersect: 200 ciphertexts vs 286 records
2026/05/15 02:14:44 🚀 Auto-Tuned: 4 cores detected, 80.0 GB RAM available → 4 workers for 286 records (est. RAM: 10.0 GB)
2026/05/15 02:14:49    ... Progress: 509/57200 (0.9%)
2026/05/15 02:14:54    ... Progress: 1108/57200 (1.9%)
2026/05/15 02:14:59    ... Progress: 1714/57200 (3.0%)
2026/05/15 02:15:04    ... Progress: 2358/57200 (4.1%)
2026/05/15 02:15:09    ... Progress: 2969/57200 (5.2%)
2026/05/15 02:15:14    ... Progress: 3591/57200 (6.3%)
2026/05/15 02:15:19    ... Progress: 4237/57200 (7.4%)
2026/05/15 02:15:24    ... Progress: 4862/57200 (8.5%)
2026/05/15 02:15:29    ... Progress: 5493/57200 (9.6%)
2026/05/15 02:15:34    ... Progress: 6109/57200 (10.7%)
2026/05/15 02:15:39    ... Progress: 6718/57200 (11.7%)
2026/05/15 02:15:44    ... Progress: 7353/57200 (12.9%)
2026/05/15 02:15:49    ... Progress: 7961/57200 (13.9%)
2026/05/15 02:15:54    ... Progress: 8585/57200 (15.0%)
2026/05/15 02:15:59    ... Progress: 9202/57200 (16.1%)
2026/05/15 02:16:04    ... Progress: 9838/57200 (17.2%)
2026/05/15 02:16:09    ... Progress: 10447/57200 (18.3%)
2026/05/15 02:16:14    ... Progress: 11064/57200 (19.3%)
2026/05/15 02:16:19    ... Progress: 11682/57200 (20.4%)
2026/05/15 02:16:24    ... Progress: 12288/57200 (21.5%)
2026/05/15 02:16:29    ... Progress: 12892/57200 (22.5%)
2026/05/15 02:16:34    ... Progress: 13494/57200 (23.6%)
2026/05/15 02:16:39    ... Progress: 14099/57200 (24.6%)
2026/05/15 02:16:44    ... Progress: 14710/57200 (25.7%)
2026/05/15 02:16:49    ... Progress: 15350/57200 (26.8%)
2026/05/15 02:16:54    ... Progress: 15956/57200 (27.9%)
2026/05/15 02:16:59    ... Progress: 16569/57200 (29.0%)
2026/05/15 02:17:04    ... Progress: 17182/57200 (30.0%)
2026/05/15 02:17:09    ... Progress: 17799/57200 (31.1%)
2026/05/15 02:17:14    ... Progress: 18413/57200 (32.2%)
2026/05/15 02:17:19    ... Progress: 19043/57200 (33.3%)
2026/05/15 02:17:24    ... Progress: 19644/57200 (34.3%)
2026/05/15 02:17:29    ... Progress: 20262/57200 (35.4%)
2026/05/15 02:17:34    ... Progress: 20849/57200 (36.4%)
2026/05/15 02:17:39    ... Progress: 21470/57200 (37.5%)
2026/05/15 02:17:44    ... Progress: 22094/57200 (38.6%)
2026/05/15 02:17:49    ... Progress: 22695/57200 (39.7%)
2026/05/15 02:17:54    ... Progress: 23334/57200 (40.8%)
2026/05/15 02:17:59    ... Progress: 23961/57200 (41.9%)
2026/05/15 02:18:04    ... Progress: 24585/57200 (43.0%)
2026/05/15 02:18:09    ... Progress: 25203/57200 (44.1%)
2026/05/15 02:18:14    ... Progress: 25811/57200 (45.1%)
2026/05/15 02:18:19    ... Progress: 26414/57200 (46.2%)
2026/05/15 02:18:24    ... Progress: 27014/57200 (47.2%)
2026/05/15 02:18:29    ... Progress: 27620/57200 (48.3%)
2026/05/15 02:18:34    ... Progress: 28228/57200 (49.3%)
2026/05/15 02:18:39    ... Progress: 28831/57200 (50.4%)
2026/05/15 02:18:44    ... Progress: 29469/57200 (51.5%)
2026/05/15 02:18:49    ... Progress: 30094/57200 (52.6%)
2026/05/15 02:18:54    ... Progress: 30691/57200 (53.7%)
2026/05/15 02:18:59    ... Progress: 31306/57200 (54.7%)
2026/05/15 02:19:04    ... Progress: 31944/57200 (55.8%)
2026/05/15 02:19:09    ... Progress: 32547/57200 (56.9%)
2026/05/15 02:19:14    ... Progress: 33172/57200 (58.0%)
2026/05/15 02:19:19    ... Progress: 33777/57200 (59.1%)
2026/05/15 02:19:24    ... Progress: 34384/57200 (60.1%)
2026/05/15 02:19:29    ... Progress: 34986/57200 (61.2%)
2026/05/15 02:19:34    ... Progress: 35584/57200 (62.2%)
2026/05/15 02:19:39    ... Progress: 36191/57200 (63.3%)
2026/05/15 02:19:44    ... Progress: 36802/57200 (64.3%)
2026/05/15 02:19:49    ... Progress: 37439/57200 (65.5%)
2026/05/15 02:19:54    ... Progress: 38066/57200 (66.5%)
2026/05/15 02:19:59    ... Progress: 38667/57200 (67.6%)
2026/05/15 02:20:04    ... Progress: 39277/57200 (68.7%)
2026/05/15 02:20:09    ... Progress: 39905/57200 (69.8%)
2026/05/15 02:20:14    ... Progress: 40512/57200 (70.8%)
2026/05/15 02:20:19    ... Progress: 41109/57200 (71.9%)
2026/05/15 02:20:24    ... Progress: 41723/57200 (72.9%)
2026/05/15 02:20:29    ... Progress: 42313/57200 (74.0%)
2026/05/15 02:20:34    ... Progress: 42934/57200 (75.1%)
2026/05/15 02:20:39    ... Progress: 43533/57200 (76.1%)
2026/05/15 02:20:44    ... Progress: 44172/57200 (77.2%)
2026/05/15 02:20:49    ... Progress: 44770/57200 (78.3%)
2026/05/15 02:20:54    ... Progress: 45408/57200 (79.4%)
2026/05/15 02:20:59    ... Progress: 46011/57200 (80.4%)
2026/05/15 02:21:04    ... Progress: 46615/57200 (81.5%)
2026/05/15 02:21:09    ... Progress: 47228/57200 (82.6%)
2026/05/15 02:21:14    ... Progress: 47842/57200 (83.6%)
2026/05/15 02:21:19    ... Progress: 48443/57200 (84.7%)
2026/05/15 02:21:24    ... Progress: 49039/57200 (85.7%)
2026/05/15 02:21:29    ... Progress: 49645/57200 (86.8%)
2026/05/15 02:21:34    ... Progress: 50248/57200 (87.8%)
2026/05/15 02:21:39    ... Progress: 50883/57200 (89.0%)
2026/05/15 02:21:44    ... Progress: 51480/57200 (90.0%)
2026/05/15 02:21:49    ... Progress: 52090/57200 (91.1%)
2026/05/15 02:21:54    ... Progress: 52731/57200 (92.2%)
2026/05/15 02:21:59    ... Progress: 53352/57200 (93.3%)
2026/05/15 02:22:04    ... Progress: 53977/57200 (94.4%)
2026/05/15 02:22:09    ... Progress: 54577/57200 (95.4%)
2026/05/15 02:22:14    ... Progress: 55194/57200 (96.5%)
2026/05/15 02:22:19    ... Progress: 55813/57200 (97.6%)
2026/05/15 02:22:24    ... Progress: 56423/57200 (98.6%)
2026/05/15 02:22:29    ... Progress: 57017/57200 (99.7%)

LE-PSI Performance Report (Parallelized)
==================================================
CPU Cores Used: 4
Total Execution Time: 7m46.334536339s
Key Generation Time: 0s (0.0%)
Hashing Time: 0s (0.0%)
Witness Generation Time: 0s (0.0%)
Intersection Detection Time: 7m46.33453544s (100.0%)
Throughput: 122.66 operations/second
Parallel Efficiency: 4.0x speedup potential
==================================================
2026/05/15 02:22:30 [shard 3] intersection done: 0 matches in 466.7s
