2026/05/15 02:09:06 LE-PSI shard server starting on :8081 (GOMAXPROCS=4)
2026/05/15 02:09:19 [shard 6] /init received: 284 records
Setting up LE with Parameters Q = 180143985094819841 qBits = 58 D = 256 N = 4
Successfully initialized the LE parameters:
 - Security Level: Fast Evaluation (Low Security)
 - Ring Dimension: 256
 - Modulus Q: 180143985094819841
 - Matrix Dimension N: 4
 - qBits: 58
 - Layers: 13 (slots = 8192)
 - Load Factor: 0.034668 (items/slot)
 - Estimated Collision Probability: 9.927217e-01
2026/05/15 02:09:20 🚀 Auto-Tuned: 4 cores detected, 80.0 GB RAM available → 4 workers for 284 records (est. RAM: 9.9 GB)
       💾 Loading Merkle Tree into RAM for fast witness generation...
       ✓ Tree loaded in 108.302306ms
2026/05/15 02:11:27 🚀 Auto-Tuned: 4 cores detected, 80.0 GB RAM available → 4 workers for 284 records (est. RAM: 9.9 GB)

LE-PSI Performance Report (Parallelized)
==================================================
CPU Cores Used: 4
Total Execution Time: 2m19.474209086s
Key Generation Time: 1.151649402s (0.8%)
Hashing Time: 0s (0.0%)
Witness Generation Time: 12.397356232s (8.9%)
Intersection Detection Time: 0s (0.0%)
==================================================
2026/05/15 02:11:39 [shard 6] init done in 139.5s
2026/05/15 02:14:52 [shard 6] /intersect: 200 ciphertexts vs 284 records
2026/05/15 02:14:55 🚀 Auto-Tuned: 4 cores detected, 80.0 GB RAM available → 4 workers for 284 records (est. RAM: 9.9 GB)
2026/05/15 02:15:00    ... Progress: 501/56800 (0.9%)
2026/05/15 02:15:05    ... Progress: 1062/56800 (1.9%)
2026/05/15 02:15:10    ... Progress: 1654/56800 (2.9%)
2026/05/15 02:15:15    ... Progress: 2289/56800 (4.0%)
2026/05/15 02:15:20    ... Progress: 2899/56800 (5.1%)
2026/05/15 02:15:25    ... Progress: 3513/56800 (6.2%)
2026/05/15 02:15:30    ... Progress: 4131/56800 (7.3%)
2026/05/15 02:15:35    ... Progress: 4774/56800 (8.4%)
2026/05/15 02:15:40    ... Progress: 5404/56800 (9.5%)
2026/05/15 02:15:45    ... Progress: 6013/56800 (10.6%)
2026/05/15 02:15:50    ... Progress: 6659/56800 (11.7%)
2026/05/15 02:15:55    ... Progress: 7225/56800 (12.7%)
2026/05/15 02:16:00    ... Progress: 7841/56800 (13.8%)
2026/05/15 02:16:05    ... Progress: 8433/56800 (14.8%)
2026/05/15 02:16:10    ... Progress: 9045/56800 (15.9%)
2026/05/15 02:16:15    ... Progress: 9685/56800 (17.1%)
2026/05/15 02:16:20    ... Progress: 10292/56800 (18.1%)
2026/05/15 02:16:25    ... Progress: 10931/56800 (19.2%)
2026/05/15 02:16:30    ... Progress: 11557/56800 (20.3%)
2026/05/15 02:16:35    ... Progress: 12168/56800 (21.4%)
2026/05/15 02:16:40    ... Progress: 12787/56800 (22.5%)
2026/05/15 02:16:45    ... Progress: 13427/56800 (23.6%)
2026/05/15 02:16:50    ... Progress: 13992/56800 (24.6%)
2026/05/15 02:16:55    ... Progress: 14618/56800 (25.7%)
2026/05/15 02:17:00    ... Progress: 15242/56800 (26.8%)
2026/05/15 02:17:05    ... Progress: 15840/56800 (27.9%)
2026/05/15 02:17:10    ... Progress: 16453/56800 (29.0%)
2026/05/15 02:17:15    ... Progress: 17092/56800 (30.1%)
2026/05/15 02:17:20    ... Progress: 17688/56800 (31.1%)
2026/05/15 02:17:25    ... Progress: 18323/56800 (32.3%)
2026/05/15 02:17:30    ... Progress: 18919/56800 (33.3%)
2026/05/15 02:17:35    ... Progress: 19549/56800 (34.4%)
2026/05/15 02:17:40    ... Progress: 20183/56800 (35.5%)
2026/05/15 02:17:45    ... Progress: 20755/56800 (36.5%)
2026/05/15 02:17:50    ... Progress: 21349/56800 (37.6%)
2026/05/15 02:17:55    ... Progress: 21950/56800 (38.6%)
2026/05/15 02:18:00    ... Progress: 22558/56800 (39.7%)
2026/05/15 02:18:05    ... Progress: 23191/56800 (40.8%)
2026/05/15 02:18:10    ... Progress: 23817/56800 (41.9%)
2026/05/15 02:18:15    ... Progress: 24443/56800 (43.0%)
2026/05/15 02:18:20    ... Progress: 25070/56800 (44.1%)
2026/05/15 02:18:25    ... Progress: 25692/56800 (45.2%)
2026/05/15 02:18:30    ... Progress: 26305/56800 (46.3%)
2026/05/15 02:18:35    ... Progress: 26914/56800 (47.4%)
2026/05/15 02:18:40    ... Progress: 27501/56800 (48.4%)
2026/05/15 02:18:45    ... Progress: 28121/56800 (49.5%)
2026/05/15 02:18:50    ... Progress: 28745/56800 (50.6%)
2026/05/15 02:18:55    ... Progress: 29342/56800 (51.7%)
2026/05/15 02:19:00    ... Progress: 29955/56800 (52.7%)
2026/05/15 02:19:05    ... Progress: 30569/56800 (53.8%)
2026/05/15 02:19:10    ... Progress: 31184/56800 (54.9%)
2026/05/15 02:19:15    ... Progress: 31794/56800 (56.0%)
2026/05/15 02:19:20    ... Progress: 32428/56800 (57.1%)
2026/05/15 02:19:25    ... Progress: 33051/56800 (58.2%)
2026/05/15 02:19:30    ... Progress: 33668/56800 (59.3%)
2026/05/15 02:19:35    ... Progress: 34277/56800 (60.3%)
2026/05/15 02:19:40    ... Progress: 34859/56800 (61.4%)
2026/05/15 02:19:45    ... Progress: 35459/56800 (62.4%)
2026/05/15 02:19:50    ... Progress: 36089/56800 (63.5%)
2026/05/15 02:19:55    ... Progress: 36718/56800 (64.6%)
2026/05/15 02:20:00    ... Progress: 37317/56800 (65.7%)
2026/05/15 02:20:05    ... Progress: 37926/56800 (66.8%)
2026/05/15 02:20:10    ... Progress: 38565/56800 (67.9%)
2026/05/15 02:20:15    ... Progress: 39163/56800 (68.9%)
2026/05/15 02:20:20    ... Progress: 39793/56800 (70.1%)
2026/05/15 02:20:25    ... Progress: 40408/56800 (71.1%)
2026/05/15 02:20:30    ... Progress: 41010/56800 (72.2%)
2026/05/15 02:20:35    ... Progress: 41597/56800 (73.2%)
2026/05/15 02:20:40    ... Progress: 42196/56800 (74.3%)
2026/05/15 02:20:45    ... Progress: 42795/56800 (75.3%)
2026/05/15 02:20:50    ... Progress: 43435/56800 (76.5%)
2026/05/15 02:20:55    ... Progress: 44033/56800 (77.5%)
2026/05/15 02:21:00    ... Progress: 44669/56800 (78.6%)
2026/05/15 02:21:05    ... Progress: 45270/56800 (79.7%)
2026/05/15 02:21:10    ... Progress: 45890/56800 (80.8%)
2026/05/15 02:21:15    ... Progress: 46518/56800 (81.9%)
2026/05/15 02:21:20    ... Progress: 47123/56800 (83.0%)
2026/05/15 02:21:25    ... Progress: 47760/56800 (84.1%)
2026/05/15 02:21:30    ... Progress: 48324/56800 (85.1%)
2026/05/15 02:21:35    ... Progress: 48908/56800 (86.1%)
2026/05/15 02:21:40    ... Progress: 49527/56800 (87.2%)
2026/05/15 02:21:45    ... Progress: 50130/56800 (88.3%)
2026/05/15 02:21:50    ... Progress: 50771/56800 (89.4%)
2026/05/15 02:21:55    ... Progress: 51369/56800 (90.4%)
2026/05/15 02:22:00    ... Progress: 52006/56800 (91.6%)
2026/05/15 02:22:05    ... Progress: 52607/56800 (92.6%)
2026/05/15 02:22:10    ... Progress: 53220/56800 (93.7%)
2026/05/15 02:22:15    ... Progress: 53831/56800 (94.8%)
2026/05/15 02:22:20    ... Progress: 54440/56800 (95.8%)
2026/05/15 02:22:25    ... Progress: 55040/56800 (96.9%)
2026/05/15 02:22:30    ... Progress: 55636/56800 (98.0%)
2026/05/15 02:22:35    ... Progress: 56231/56800 (99.0%)

LE-PSI Performance Report (Parallelized)
==================================================
CPU Cores Used: 4
Total Execution Time: 7m44.632999412s
Key Generation Time: 0s (0.0%)
Hashing Time: 0s (0.0%)
Witness Generation Time: 0s (0.0%)
Intersection Detection Time: 7m44.632987625s (100.0%)
Throughput: 122.25 operations/second
Parallel Efficiency: 4.0x speedup potential
==================================================
2026/05/15 02:22:39 [shard 6] intersection done: 0 matches in 465.0s
