2026/05/15 02:08:05 LE-PSI shard server starting on :8081 (GOMAXPROCS=4)
2026/05/15 02:09:19 [shard 0] /init received: 286 records
Setting up LE with Parameters Q = 180143985094819841 qBits = 58 D = 256 N = 4
Successfully initialized the LE parameters:
 - Security Level: Fast Evaluation (Low Security)
 - Ring Dimension: 256
 - Modulus Q: 180143985094819841
 - Matrix Dimension N: 4
 - qBits: 58
 - Layers: 13 (slots = 8192)
 - Load Factor: 0.034912 (items/slot)
 - Estimated Collision Probability: 9.932109e-01
2026/05/15 02:09:20 🚀 Auto-Tuned: 4 cores detected, 80.0 GB RAM available → 4 workers for 286 records (est. RAM: 10.0 GB)
       💾 Loading Merkle Tree into RAM for fast witness generation...
       ✓ Tree loaded in 122.173004ms
2026/05/15 02:11:19 🚀 Auto-Tuned: 4 cores detected, 80.0 GB RAM available → 4 workers for 286 records (est. RAM: 10.0 GB)

LE-PSI Performance Report (Parallelized)
==================================================
CPU Cores Used: 4
Total Execution Time: 2m11.367569405s
Key Generation Time: 1.152700387s (0.9%)
Hashing Time: 0s (0.0%)
Witness Generation Time: 11.888415656s (9.0%)
Intersection Detection Time: 0s (0.0%)
==================================================
2026/05/15 02:11:31 [shard 0] init done in 131.4s
2026/05/15 02:14:39 [shard 0] /intersect: 200 ciphertexts vs 286 records
2026/05/15 02:14:41 🚀 Auto-Tuned: 4 cores detected, 80.0 GB RAM available → 4 workers for 286 records (est. RAM: 10.0 GB)
2026/05/15 02:14:46    ... Progress: 546/57200 (1.0%)
2026/05/15 02:14:51    ... Progress: 1157/57200 (2.0%)
2026/05/15 02:14:56    ... Progress: 1780/57200 (3.1%)
2026/05/15 02:15:01    ... Progress: 2394/57200 (4.2%)
2026/05/15 02:15:06    ... Progress: 3040/57200 (5.3%)
2026/05/15 02:15:11    ... Progress: 3673/57200 (6.4%)
2026/05/15 02:15:16    ... Progress: 4307/57200 (7.5%)
2026/05/15 02:15:21    ... Progress: 4941/57200 (8.6%)
2026/05/15 02:15:26    ... Progress: 5561/57200 (9.7%)
2026/05/15 02:15:31    ... Progress: 6158/57200 (10.8%)
2026/05/15 02:15:36    ... Progress: 6771/57200 (11.8%)
2026/05/15 02:15:41    ... Progress: 7412/57200 (13.0%)
2026/05/15 02:15:46    ... Progress: 8028/57200 (14.0%)
2026/05/15 02:15:51    ... Progress: 8651/57200 (15.1%)
2026/05/15 02:15:56    ... Progress: 9295/57200 (16.2%)
2026/05/15 02:16:01    ... Progress: 9907/57200 (17.3%)
2026/05/15 02:16:06    ... Progress: 10546/57200 (18.4%)
2026/05/15 02:16:11    ... Progress: 11154/57200 (19.5%)
2026/05/15 02:16:17    ... Progress: 11822/57200 (20.7%)
2026/05/15 02:16:21    ... Progress: 12386/57200 (21.7%)
2026/05/15 02:16:26    ... Progress: 12997/57200 (22.7%)
2026/05/15 02:16:31    ... Progress: 13626/57200 (23.8%)
2026/05/15 02:16:36    ... Progress: 14232/57200 (24.9%)
2026/05/15 02:16:41    ... Progress: 14847/57200 (26.0%)
2026/05/15 02:16:46    ... Progress: 15490/57200 (27.1%)
2026/05/15 02:16:51    ... Progress: 16094/57200 (28.1%)
2026/05/15 02:16:56    ... Progress: 16714/57200 (29.2%)
2026/05/15 02:17:01    ... Progress: 17328/57200 (30.3%)
2026/05/15 02:17:06    ... Progress: 17944/57200 (31.4%)
2026/05/15 02:17:11    ... Progress: 18562/57200 (32.5%)
2026/05/15 02:17:16    ... Progress: 19164/57200 (33.5%)
2026/05/15 02:17:21    ... Progress: 19774/57200 (34.6%)
2026/05/15 02:17:26    ... Progress: 20402/57200 (35.7%)
2026/05/15 02:17:31    ... Progress: 21028/57200 (36.8%)
2026/05/15 02:17:36    ... Progress: 21630/57200 (37.8%)
2026/05/15 02:17:41    ... Progress: 22247/57200 (38.9%)
2026/05/15 02:17:46    ... Progress: 22889/57200 (40.0%)
2026/05/15 02:17:51    ... Progress: 23493/57200 (41.1%)
2026/05/15 02:17:56    ... Progress: 24109/57200 (42.1%)
2026/05/15 02:18:01    ... Progress: 24721/57200 (43.2%)
2026/05/15 02:18:07    ... Progress: 25383/57200 (44.4%)
2026/05/15 02:18:11    ... Progress: 25938/57200 (45.3%)
2026/05/15 02:18:16    ... Progress: 26543/57200 (46.4%)
2026/05/15 02:18:21    ... Progress: 27143/57200 (47.5%)
2026/05/15 02:18:26    ... Progress: 27752/57200 (48.5%)
2026/05/15 02:18:31    ... Progress: 28366/57200 (49.6%)
2026/05/15 02:18:36    ... Progress: 28978/57200 (50.7%)
2026/05/15 02:18:41    ... Progress: 29618/57200 (51.8%)
2026/05/15 02:18:46    ... Progress: 30247/57200 (52.9%)
2026/05/15 02:18:51    ... Progress: 30850/57200 (53.9%)
2026/05/15 02:18:56    ... Progress: 31482/57200 (55.0%)
2026/05/15 02:19:01    ... Progress: 32092/57200 (56.1%)
2026/05/15 02:19:07    ... Progress: 32725/57200 (57.2%)
2026/05/15 02:19:11    ... Progress: 33295/57200 (58.2%)
2026/05/15 02:19:16    ... Progress: 33890/57200 (59.2%)
2026/05/15 02:19:21    ... Progress: 34504/57200 (60.3%)
2026/05/15 02:19:26    ... Progress: 35135/57200 (61.4%)
2026/05/15 02:19:31    ... Progress: 35763/57200 (62.5%)
2026/05/15 02:19:36    ... Progress: 36365/57200 (63.6%)
2026/05/15 02:19:41    ... Progress: 36978/57200 (64.6%)
2026/05/15 02:19:46    ... Progress: 37593/57200 (65.7%)
2026/05/15 02:19:51    ... Progress: 38207/57200 (66.8%)
2026/05/15 02:19:56    ... Progress: 38843/57200 (67.9%)
2026/05/15 02:20:01    ... Progress: 39466/57200 (69.0%)
2026/05/15 02:20:06    ... Progress: 40077/57200 (70.1%)
2026/05/15 02:20:11    ... Progress: 40670/57200 (71.1%)
2026/05/15 02:20:16    ... Progress: 41296/57200 (72.2%)
2026/05/15 02:20:21    ... Progress: 41897/57200 (73.2%)
2026/05/15 02:20:26    ... Progress: 42541/57200 (74.4%)
2026/05/15 02:20:31    ... Progress: 43145/57200 (75.4%)
2026/05/15 02:20:36    ... Progress: 43760/57200 (76.5%)
2026/05/15 02:20:41    ... Progress: 44372/57200 (77.6%)
2026/05/15 02:20:46    ... Progress: 45015/57200 (78.7%)
2026/05/15 02:20:51    ... Progress: 45639/57200 (79.8%)
2026/05/15 02:20:56    ... Progress: 46244/57200 (80.8%)
2026/05/15 02:21:02    ... Progress: 46889/57200 (82.0%)
2026/05/15 02:21:06    ... Progress: 47451/57200 (83.0%)
2026/05/15 02:21:11    ... Progress: 48043/57200 (84.0%)
2026/05/15 02:21:16    ... Progress: 48651/57200 (85.1%)
2026/05/15 02:21:21    ... Progress: 49282/57200 (86.2%)
2026/05/15 02:21:26    ... Progress: 49911/57200 (87.3%)
2026/05/15 02:21:31    ... Progress: 50538/57200 (88.4%)
2026/05/15 02:21:36    ... Progress: 51141/57200 (89.4%)
2026/05/15 02:21:41    ... Progress: 51757/57200 (90.5%)
2026/05/15 02:21:46    ... Progress: 52371/57200 (91.6%)
2026/05/15 02:21:51    ... Progress: 53005/57200 (92.7%)
2026/05/15 02:21:56    ... Progress: 53613/57200 (93.7%)
2026/05/15 02:22:01    ... Progress: 54219/57200 (94.8%)
2026/05/15 02:22:06    ... Progress: 54821/57200 (95.8%)
2026/05/15 02:22:11    ... Progress: 55411/57200 (96.9%)
2026/05/15 02:22:16    ... Progress: 56015/57200 (97.9%)
2026/05/15 02:22:21    ... Progress: 56638/57200 (99.0%)

LE-PSI Performance Report (Parallelized)
==================================================
CPU Cores Used: 4
Total Execution Time: 7m44.665863539s
Key Generation Time: 0s (0.0%)
Hashing Time: 0s (0.0%)
Witness Generation Time: 0s (0.0%)
Intersection Detection Time: 7m44.665862992s (100.0%)
Throughput: 123.10 operations/second
Parallel Efficiency: 4.0x speedup potential
==================================================
2026/05/15 02:22:26 [shard 0] intersection done: 18 matches in 465.1s
