2026/05/15 02:08:46 LE-PSI shard server starting on :8081 (GOMAXPROCS=4)
2026/05/15 02:09:19 [shard 4] /init received: 286 records
Setting up LE with Parameters Q = 180143985094819841 qBits = 58 D = 256 N = 4
Successfully initialized the LE parameters:
 - Security Level: Fast Evaluation (Low Security)
 - Ring Dimension: 256
 - Modulus Q: 180143985094819841
 - Matrix Dimension N: 4
 - qBits: 58
 - Layers: 13 (slots = 8192)
 - Load Factor: 0.034912 (items/slot)
 - Estimated Collision Probability: 9.932109e-01
2026/05/15 02:09:20 🚀 Auto-Tuned: 4 cores detected, 80.0 GB RAM available → 4 workers for 286 records (est. RAM: 10.0 GB)
       💾 Loading Merkle Tree into RAM for fast witness generation...
       ✓ Tree loaded in 75.687434ms
2026/05/15 02:11:03 🚀 Auto-Tuned: 4 cores detected, 80.0 GB RAM available → 4 workers for 286 records (est. RAM: 10.0 GB)

LE-PSI Performance Report (Parallelized)
==================================================
CPU Cores Used: 4
Total Execution Time: 1m49.483949155s
Key Generation Time: 1.220917844s (1.1%)
Hashing Time: 0s (0.0%)
Witness Generation Time: 5.522371464s (5.0%)
Intersection Detection Time: 0s (0.0%)
==================================================
2026/05/15 02:11:09 [shard 4] init done in 109.5s
2026/05/15 02:14:56 [shard 4] /intersect: 200 ciphertexts vs 286 records
2026/05/15 02:14:59 🚀 Auto-Tuned: 4 cores detected, 80.0 GB RAM available → 4 workers for 286 records (est. RAM: 10.0 GB)
2026/05/15 02:15:04    ... Progress: 512/57200 (0.9%)
2026/05/15 02:15:09    ... Progress: 1145/57200 (2.0%)
2026/05/15 02:15:14    ... Progress: 1751/57200 (3.1%)
2026/05/15 02:15:19    ... Progress: 2381/57200 (4.2%)
2026/05/15 02:15:24    ... Progress: 2985/57200 (5.2%)
2026/05/15 02:15:29    ... Progress: 3621/57200 (6.3%)
2026/05/15 02:15:34    ... Progress: 4235/57200 (7.4%)
2026/05/15 02:15:39    ... Progress: 4839/57200 (8.5%)
2026/05/15 02:15:44    ... Progress: 5462/57200 (9.5%)
2026/05/15 02:15:49    ... Progress: 6057/57200 (10.6%)
2026/05/15 02:15:54    ... Progress: 6657/57200 (11.6%)
2026/05/15 02:15:59    ... Progress: 7275/57200 (12.7%)
2026/05/15 02:16:04    ... Progress: 7888/57200 (13.8%)
2026/05/15 02:16:09    ... Progress: 8509/57200 (14.9%)
2026/05/15 02:16:14    ... Progress: 9131/57200 (16.0%)
2026/05/15 02:16:19    ... Progress: 9734/57200 (17.0%)
2026/05/15 02:16:24    ... Progress: 10348/57200 (18.1%)
2026/05/15 02:16:29    ... Progress: 10953/57200 (19.1%)
2026/05/15 02:16:34    ... Progress: 11581/57200 (20.2%)
2026/05/15 02:16:39    ... Progress: 12195/57200 (21.3%)
2026/05/15 02:16:44    ... Progress: 12792/57200 (22.4%)
2026/05/15 02:16:49    ... Progress: 13424/57200 (23.5%)
2026/05/15 02:16:54    ... Progress: 13980/57200 (24.4%)
2026/05/15 02:16:59    ... Progress: 14566/57200 (25.5%)
2026/05/15 02:17:04    ... Progress: 15157/57200 (26.5%)
2026/05/15 02:17:09    ... Progress: 15759/57200 (27.6%)
2026/05/15 02:17:14    ... Progress: 16353/57200 (28.6%)
2026/05/15 02:17:19    ... Progress: 16953/57200 (29.6%)
2026/05/15 02:17:24    ... Progress: 17555/57200 (30.7%)
2026/05/15 02:17:29    ... Progress: 18179/57200 (31.8%)
2026/05/15 02:17:34    ... Progress: 18792/57200 (32.9%)
2026/05/15 02:17:39    ... Progress: 19410/57200 (33.9%)
2026/05/15 02:17:44    ... Progress: 20026/57200 (35.0%)
2026/05/15 02:17:49    ... Progress: 20639/57200 (36.1%)
2026/05/15 02:17:54    ... Progress: 21225/57200 (37.1%)
2026/05/15 02:17:59    ... Progress: 21824/57200 (38.2%)
2026/05/15 02:18:04    ... Progress: 22420/57200 (39.2%)
2026/05/15 02:18:09    ... Progress: 23010/57200 (40.2%)
2026/05/15 02:18:14    ... Progress: 23611/57200 (41.3%)
2026/05/15 02:18:19    ... Progress: 24203/57200 (42.3%)
2026/05/15 02:18:24    ... Progress: 24804/57200 (43.4%)
2026/05/15 02:18:29    ... Progress: 25414/57200 (44.4%)
2026/05/15 02:18:34    ... Progress: 26025/57200 (45.5%)
2026/05/15 02:18:39    ... Progress: 26612/57200 (46.5%)
2026/05/15 02:18:44    ... Progress: 27213/57200 (47.6%)
2026/05/15 02:18:49    ... Progress: 27813/57200 (48.6%)
2026/05/15 02:18:54    ... Progress: 28410/57200 (49.7%)
2026/05/15 02:18:59    ... Progress: 29010/57200 (50.7%)
2026/05/15 02:19:04    ... Progress: 29631/57200 (51.8%)
2026/05/15 02:19:09    ... Progress: 30247/57200 (52.9%)
2026/05/15 02:19:14    ... Progress: 30852/57200 (53.9%)
2026/05/15 02:19:19    ... Progress: 31459/57200 (55.0%)
2026/05/15 02:19:24    ... Progress: 32052/57200 (56.0%)
2026/05/15 02:19:29    ... Progress: 32671/57200 (57.1%)
2026/05/15 02:19:34    ... Progress: 33238/57200 (58.1%)
2026/05/15 02:19:39    ... Progress: 33825/57200 (59.1%)
2026/05/15 02:19:44    ... Progress: 34431/57200 (60.2%)
2026/05/15 02:19:49    ... Progress: 35042/57200 (61.3%)
2026/05/15 02:19:54    ... Progress: 35630/57200 (62.3%)
2026/05/15 02:19:59    ... Progress: 36254/57200 (63.4%)
2026/05/15 02:20:04    ... Progress: 36838/57200 (64.4%)
2026/05/15 02:20:09    ... Progress: 37435/57200 (65.4%)
2026/05/15 02:20:14    ... Progress: 38034/57200 (66.5%)
2026/05/15 02:20:19    ... Progress: 38633/57200 (67.5%)
2026/05/15 02:20:24    ... Progress: 39230/57200 (68.6%)
2026/05/15 02:20:29    ... Progress: 39828/57200 (69.6%)
2026/05/15 02:20:34    ... Progress: 40450/57200 (70.7%)
2026/05/15 02:20:39    ... Progress: 41054/57200 (71.8%)
2026/05/15 02:20:44    ... Progress: 41657/57200 (72.8%)
2026/05/15 02:20:49    ... Progress: 42273/57200 (73.9%)
2026/05/15 02:20:54    ... Progress: 42823/57200 (74.9%)
2026/05/15 02:20:59    ... Progress: 43402/57200 (75.9%)
2026/05/15 02:21:04    ... Progress: 44000/57200 (76.9%)
2026/05/15 02:21:09    ... Progress: 44608/57200 (78.0%)
2026/05/15 02:21:14    ... Progress: 45217/57200 (79.1%)
2026/05/15 02:21:19    ... Progress: 45803/57200 (80.1%)
2026/05/15 02:21:24    ... Progress: 46400/57200 (81.1%)
2026/05/15 02:21:29    ... Progress: 46998/57200 (82.2%)
2026/05/15 02:21:34    ... Progress: 47623/57200 (83.3%)
2026/05/15 02:21:39    ... Progress: 48240/57200 (84.3%)
2026/05/15 02:21:44    ... Progress: 48831/57200 (85.4%)
2026/05/15 02:21:49    ... Progress: 49456/57200 (86.5%)
2026/05/15 02:21:54    ... Progress: 50025/57200 (87.5%)
2026/05/15 02:21:59    ... Progress: 50623/57200 (88.5%)
2026/05/15 02:22:04    ... Progress: 51230/57200 (89.6%)
2026/05/15 02:22:09    ... Progress: 51834/57200 (90.6%)
2026/05/15 02:22:14    ... Progress: 52424/57200 (91.7%)
2026/05/15 02:22:19    ... Progress: 53012/57200 (92.7%)
2026/05/15 02:22:24    ... Progress: 53603/57200 (93.7%)
2026/05/15 02:22:29    ... Progress: 54193/57200 (94.7%)
2026/05/15 02:22:34    ... Progress: 54808/57200 (95.8%)
2026/05/15 02:22:39    ... Progress: 55419/57200 (96.9%)
2026/05/15 02:22:44    ... Progress: 56030/57200 (98.0%)
2026/05/15 02:22:49    ... Progress: 56638/57200 (99.0%)

LE-PSI Performance Report (Parallelized)
==================================================
CPU Cores Used: 4
Total Execution Time: 7m54.645051124s
Key Generation Time: 0s (0.0%)
Hashing Time: 0s (0.0%)
Witness Generation Time: 0s (0.0%)
Intersection Detection Time: 7m54.64505048s (100.0%)
Throughput: 120.51 operations/second
Parallel Efficiency: 4.0x speedup potential
==================================================
2026/05/15 02:22:53 [shard 4] intersection done: 0 matches in 475.0s
